#
# There is insufficient memory for the Java Runtime Environment to continue.
# Native memory allocation (mmap) failed to map 65536 bytes. Error detail: Failed to commit metaspace.
# Possible reasons:
#   The system is out of physical RAM or swap space
#   This process is running with CompressedOops enabled, and the Java Heap may be blocking the growth of the native heap
# Possible solutions:
#   Reduce memory load on the system
#   Increase physical memory or swap space
#   Check if swap backing store is full
#   Decrease Java heap size (-Xmx/-Xms)
#   Decrease number of Java threads
#   Decrease Java thread stack sizes (-Xss)
#   Set larger code cache with -XX:ReservedCodeCacheSize=
#   JVM is running with Unscaled Compressed Oops mode in which the Java heap is
#     placed in the first 4GB address space. The Java Heap base address is the
#     maximum limit for the native heap growth. Please use -XX:HeapBaseMinAddress
#     to set the Java Heap base and to place the Java Heap above 4GB virtual address.
# This output file may be truncated or incomplete.
#
#  Out of Memory Error (virtualSpaceNode.cpp:113), pid=23040, tid=22688
#
# JRE version: OpenJDK Runtime Environment Temurin-21.0.8+9 (21.0.8+9) (build 21.0.8+9-LTS)
# Java VM: OpenJDK 64-Bit Server VM Temurin-21.0.8+9 (21.0.8+9-LTS, mixed mode, sharing, tiered, compressed oops, compressed class ptrs, parallel gc, windows-amd64)
# No core dump will be written. Minidumps are not enabled by default on client versions of Windows
#

---------------  S U M M A R Y ------------

Command Line: --add-modules=ALL-SYSTEM --add-opens=java.base/java.util=ALL-UNNAMED --add-opens=java.base/java.lang=ALL-UNNAMED --add-opens=java.base/sun.nio.fs=ALL-UNNAMED -Declipse.application=org.eclipse.jdt.ls.core.id1 -Dosgi.bundles.defaultStartLevel=4 -Declipse.product=org.eclipse.jdt.ls.core.product -Djava.import.generatesMetadataFilesAtProjectRoot=false -DDetectVMInstallationsJob.disabled=true -Dfile.encoding=utf8 -XX:+UseParallelGC -XX:GCTimeRatio=4 -XX:AdaptiveSizePolicyWeight=90 -Dsun.zip.disableMemoryMapping=true -Xmx2G -Xms100m -Xlog:disable -javaagent:c:\Users\57304\.vscode\extensions\redhat.java-1.47.0-win32-x64\lombok\lombok-1.18.39-4050.jar -XX:+HeapDumpOnOutOfMemoryError -XX:HeapDumpPath=c:\Users\57304\AppData\Roaming\Code\User\workspaceStorage\aadb29d905489eed051d213afbd2167c\redhat.java -Daether.dependencyCollector.impl=bf c:\Users\57304\.vscode\extensions\redhat.java-1.47.0-win32-x64\server\plugins\org.eclipse.equinox.launcher_1.7.100.v20251014-1222.jar -configuration c:\Users\57304\AppData\Roaming\Code\User\globalStorage\redhat.java\1.47.0\config_win -data c:\Users\57304\AppData\Roaming\Code\User\workspaceStorage\aadb29d905489eed051d213afbd2167c\redhat.java\jdt_ws --pipe=\\.\pipe\lsp-186ef8cfc4d9126ff8716f88a18a39f1-sock

Host: Intel(R) Core(TM) i3-1005G1 CPU @ 1.20GHz, 4 cores, 7G,  Windows 11 , 64 bit Build 26100 (10.0.26100.7019)
Time: Sun Nov  2 11:59:30 2025 Hora est. Pacífico, Sudamérica elapsed time: 88.667692 seconds (0d 0h 1m 28s)

---------------  T H R E A D  ---------------

Current thread (0x000002247aee8cd0):  JavaThread "C1 CompilerThread0" daemon [_thread_in_vm, id=22688, stack(0x000000b41fe00000,0x000000b41ff00000) (1024K)]


Current CompileTask:
C1:88667 7278       3       org.apache.maven.model.validation.DefaultModelValidator::validateEffectiveDependency (631 bytes)

Stack: [0x000000b41fe00000,0x000000b41ff00000]
Native frames: (J=compiled Java code, j=interpreted, Vv=VM code, C=native code)
V  [jvm.dll+0x6d2449]
V  [jvm.dll+0x8ae341]
V  [jvm.dll+0x8b08be]
V  [jvm.dll+0x8b0fa3]
V  [jvm.dll+0x280c96]
V  [jvm.dll+0x8aa07e]
V  [jvm.dll+0x6745b5]
V  [jvm.dll+0x1e5b2c]
V  [jvm.dll+0x1e58fe]
V  [jvm.dll+0x676eb2]
V  [jvm.dll+0x676cd2]
V  [jvm.dll+0x674f8e]
V  [jvm.dll+0x68643a]
V  [jvm.dll+0x67f512]
V  [jvm.dll+0x1f3990]
V  [jvm.dll+0x1f3b78]
V  [jvm.dll+0x1669e1]
V  [jvm.dll+0x166826]
V  [jvm.dll+0x15e408]
V  [jvm.dll+0x160689]
V  [jvm.dll+0x15eca5]
V  [jvm.dll+0x158bd7]
V  [jvm.dll+0x168426]
V  [jvm.dll+0x154030]
V  [jvm.dll+0x1543b3]
V  [jvm.dll+0x154684]
V  [jvm.dll+0x153ab6]
V  [jvm.dll+0x15588d]
V  [jvm.dll+0x257d4d]
V  [jvm.dll+0x2562ea]
V  [jvm.dll+0x3f2d16]
V  [jvm.dll+0x857e6b]
V  [jvm.dll+0x6d0b0d]
C  [ucrtbase.dll+0x37b0]
C  [KERNEL32.DLL+0x2e8d7]
C  [ntdll.dll+0x8c53c]


---------------  P R O C E S S  ---------------

Threads class SMR info:
_java_thread_list=0x000002245a14c0b0, length=36, elements={
0x0000022478be1f00, 0x000002247aea8650, 0x000002247aeaa560, 0x000002247aeacaa0,
0x000002247aeada80, 0x000002247aeb0760, 0x000002247aeb35c0, 0x000002247aeb6350,
0x000002247aee8cd0, 0x000002247b0293c0, 0x000002247f7c64f0, 0x0000022458627090,
0x0000022458627720, 0x0000022458628440, 0x0000022458626a00, 0x0000022458626370,
0x0000022458624fc0, 0x0000022458625650, 0x00000224584e06d0, 0x00000224584dec90,
0x00000224584df320, 0x00000224584e13f0, 0x00000224584de600, 0x00000224584e2110,
0x00000224584e1a80, 0x00000224584e27a0, 0x00000224584e2e30, 0x00000224584e0d60,
0x00000224584e34c0, 0x00000224584e0040, 0x00000224584e3b50, 0x00000224584e41e0,
0x00000224584e4870, 0x00000224584e5590, 0x00000224584e5c20, 0x00000224588ad790
}

Java Threads: ( => current thread )
  0x0000022478be1f00 JavaThread "main"                              [_thread_blocked, id=22732, stack(0x000000b41f300000,0x000000b41f400000) (1024K)]
  0x000002247aea8650 JavaThread "Reference Handler"          daemon [_thread_blocked, id=21244, stack(0x000000b41f700000,0x000000b41f800000) (1024K)]
  0x000002247aeaa560 JavaThread "Finalizer"                  daemon [_thread_blocked, id=13876, stack(0x000000b41f800000,0x000000b41f900000) (1024K)]
  0x000002247aeacaa0 JavaThread "Signal Dispatcher"          daemon [_thread_blocked, id=24308, stack(0x000000b41f900000,0x000000b41fa00000) (1024K)]
  0x000002247aeada80 JavaThread "Attach Listener"            daemon [_thread_blocked, id=9988, stack(0x000000b41fa00000,0x000000b41fb00000) (1024K)]
  0x000002247aeb0760 JavaThread "Service Thread"             daemon [_thread_blocked, id=5836, stack(0x000000b41fb00000,0x000000b41fc00000) (1024K)]
  0x000002247aeb35c0 JavaThread "Monitor Deflation Thread"   daemon [_thread_blocked, id=9904, stack(0x000000b41fc00000,0x000000b41fd00000) (1024K)]
  0x000002247aeb6350 JavaThread "C2 CompilerThread0"         daemon [_thread_blocked, id=7736, stack(0x000000b41fd00000,0x000000b41fe00000) (1024K)]
=>0x000002247aee8cd0 JavaThread "C1 CompilerThread0"         daemon [_thread_in_vm, id=22688, stack(0x000000b41fe00000,0x000000b41ff00000) (1024K)]
  0x000002247b0293c0 JavaThread "Common-Cleaner"             daemon [_thread_blocked, id=9696, stack(0x000000b41ff00000,0x000000b420000000) (1024K)]
  0x000002247f7c64f0 JavaThread "Notification Thread"        daemon [_thread_blocked, id=5608, stack(0x000000b420000000,0x000000b420100000) (1024K)]
  0x0000022458627090 JavaThread "Active Thread: Equinox Container: a405131c-0422-4c16-93ee-2d98f65f0293"        [_thread_blocked, id=1100, stack(0x000000b420400000,0x000000b420500000) (1024K)]
  0x0000022458627720 JavaThread "Refresh Thread: Equinox Container: a405131c-0422-4c16-93ee-2d98f65f0293" daemon [_thread_blocked, id=16544, stack(0x000000b420500000,0x000000b420600000) (1024K)]
  0x0000022458628440 JavaThread "Framework Event Dispatcher: Equinox Container: a405131c-0422-4c16-93ee-2d98f65f0293" daemon [_thread_blocked, id=22240, stack(0x000000b420600000,0x000000b420700000) (1024K)]
  0x0000022458626a00 JavaThread "Start Level: Equinox Container: a405131c-0422-4c16-93ee-2d98f65f0293" daemon [_thread_blocked, id=12272, stack(0x000000b420700000,0x000000b420800000) (1024K)]
  0x0000022458626370 JavaThread "Bundle File Closer"         daemon [_thread_blocked, id=20500, stack(0x000000b420800000,0x000000b420900000) (1024K)]
  0x0000022458624fc0 JavaThread "SCR Component Actor"        daemon [_thread_blocked, id=6796, stack(0x000000b420900000,0x000000b420a00000) (1024K)]
  0x0000022458625650 JavaThread "Worker-JM"                         [_thread_blocked, id=11568, stack(0x000000b420a00000,0x000000b420b00000) (1024K)]
  0x00000224584e06d0 JavaThread "JNA Cleaner"                daemon [_thread_blocked, id=20112, stack(0x000000b41f000000,0x000000b41f100000) (1024K)]
  0x00000224584dec90 JavaThread "Worker-0"                          [_thread_blocked, id=3268, stack(0x000000b420b00000,0x000000b420c00000) (1024K)]
  0x00000224584df320 JavaThread "Worker-1: Update Maven project configuration"        [_thread_blocked, id=14792, stack(0x000000b420c00000,0x000000b420d00000) (1024K)]
  0x00000224584e13f0 JavaThread "Worker-2: Initialize workspace"        [_thread_blocked, id=18172, stack(0x000000b420d00000,0x000000b420e00000) (1024K)]
  0x00000224584de600 JavaThread "Java indexing"              daemon [_thread_blocked, id=25544, stack(0x000000b41f200000,0x000000b41f300000) (1024K)]
  0x00000224584e2110 JavaThread "Worker-3: Refreshing workspace"        [_thread_blocked, id=2628, stack(0x000000b421000000,0x000000b421100000) (1024K)]
  0x00000224584e1a80 JavaThread "Worker-4"                          [_thread_blocked, id=13420, stack(0x000000b421100000,0x000000b421200000) (1024K)]
  0x00000224584e27a0 JavaThread "Thread-1"                   daemon [_thread_in_native, id=16396, stack(0x000000b421300000,0x000000b421400000) (1024K)]
  0x00000224584e2e30 JavaThread "Thread-2"                   daemon [_thread_in_native, id=16376, stack(0x000000b421400000,0x000000b421500000) (1024K)]
  0x00000224584e0d60 JavaThread "Thread-3"                   daemon [_thread_in_native, id=13836, stack(0x000000b421500000,0x000000b421600000) (1024K)]
  0x00000224584e34c0 JavaThread "Thread-4"                   daemon [_thread_in_native, id=13336, stack(0x000000b421600000,0x000000b421700000) (1024K)]
  0x00000224584e0040 JavaThread "Thread-5"                   daemon [_thread_in_native, id=14696, stack(0x000000b421700000,0x000000b421800000) (1024K)]
  0x00000224584e3b50 JavaThread "pool-2-thread-1"                   [_thread_blocked, id=22928, stack(0x000000b421200000,0x000000b421300000) (1024K)]
  0x00000224584e41e0 JavaThread "WorkspaceEventsHandler"            [_thread_blocked, id=15616, stack(0x000000b421900000,0x000000b421a00000) (1024K)]
  0x00000224584e4870 JavaThread "pool-1-thread-1"                   [_thread_blocked, id=10308, stack(0x000000b421a00000,0x000000b421b00000) (1024K)]
  0x00000224584e5590 JavaThread "ForkJoinPool.commonPool-worker-1" daemon [_thread_blocked, id=14924, stack(0x000000b421800000,0x000000b421900000) (1024K)]
  0x00000224584e5c20 JavaThread "ForkJoinPool.commonPool-worker-2" daemon [_thread_blocked, id=9384, stack(0x000000b421b00000,0x000000b421c00000) (1024K)]
  0x00000224588ad790 JavaThread "ForkJoinPool.commonPool-worker-3" daemon [_thread_blocked, id=18660, stack(0x000000b421c00000,0x000000b421d00000) (1024K)]
Total: 36

Other Threads:
  0x000002247b05cae0 VMThread "VM Thread"                           [id=11732, stack(0x000000b41f600000,0x000000b41f700000) (1024K)] _threads_hazard_ptr=0x000002245a14c0b0
  0x000002247b0286a0 WatcherThread "VM Periodic Task Thread"        [id=2796, stack(0x000000b41f500000,0x000000b41f600000) (1024K)]
  0x000002247afd78d0 WorkerThread "GC Thread#0"                     [id=16140, stack(0x000000b41f400000,0x000000b41f500000) (1024K)]
  0x00000224580a4870 WorkerThread "GC Thread#1"                     [id=20256, stack(0x000000b420100000,0x000000b420200000) (1024K)]
  0x000002247f683140 WorkerThread "GC Thread#2"                     [id=20580, stack(0x000000b420200000,0x000000b420300000) (1024K)]
  0x000002247f6834e0 WorkerThread "GC Thread#3"                     [id=21072, stack(0x000000b420300000,0x000000b420400000) (1024K)]
Total: 6

Threads with active compile tasks:
C1 CompilerThread0  88776 7278       3       org.apache.maven.model.validation.DefaultModelValidator::validateEffectiveDependency (631 bytes)
Total: 1

VM state: synchronizing (normal execution)

VM Mutex/Monitor currently owned by a thread:  ([mutex/lock_event])
[0x00007ff9f91b3458] Metaspace_lock - owner thread: 0x000002247aee8cd0
[0x00007ff9f91b5458] Threads_lock - owner thread: 0x000002247b05cae0

Heap address: 0x0000000080000000, size: 2048 MB, Compressed Oops mode: 32-bit

CDS archive(s) mapped at: [0x0000022413000000-0x0000022413ba0000-0x0000022413ba0000), size 12189696, SharedBaseAddress: 0x0000022413000000, ArchiveRelocationMode: 1.
Compressed class space mapped at: 0x0000022414000000-0x0000022454000000, reserved size: 1073741824
Narrow klass base: 0x0000022413000000, Narrow klass shift: 0, Narrow klass range: 0x100000000

GC Precious Log:
 CardTable entry size: 512
 CPUs: 4 total, 4 available
 Memory: 7967M
 Large Page Support: Disabled
 NUMA Support: Disabled
 Compressed Oops: Enabled (32-bit)
 Alignments: Space 512K, Generation 512K, Heap 2M
 Heap Min Capacity: 100M
 Heap Initial Capacity: 100M
 Heap Max Capacity: 2G
 Pre-touch: Disabled
 Parallel Workers: 4

Heap:
 PSYoungGen      total 17408K, used 9066K [0x00000000d5580000, 0x00000000d6b00000, 0x0000000100000000)
  eden space 16896K, 50% used [0x00000000d5580000,0x00000000d5ddc990,0x00000000d6600000)
  from space 512K, 98% used [0x00000000d6a80000,0x00000000d6afe1b8,0x00000000d6b00000)
  to   space 2048K, 0% used [0x00000000d6700000,0x00000000d6700000,0x00000000d6900000)
 ParOldGen       total 68608K, used 30802K [0x0000000080000000, 0x0000000084300000, 0x00000000d5580000)
  object space 68608K, 44% used [0x0000000080000000,0x0000000081e14930,0x0000000084300000)
 Metaspace       used 49293K, committed 50560K, reserved 1114112K
  class space    used 5355K, committed 5888K, reserved 1048576K

Card table byte_map: [0x000002247a950000,0x000002247ad60000] _byte_map_base: 0x000002247a550000

Marking Bits: (ParMarkBitMap*) 0x00007ff9f91ba340
 Begin Bits: [0x000002240f000000, 0x0000022411000000)
 End Bits:   [0x0000022411000000, 0x0000022413000000)

Polling page: 0x0000022478b80000

Metaspace:

Usage:
  Non-class:     42.91 MB used.
      Class:      5.23 MB used.
       Both:     48.14 MB used.

Virtual space:
  Non-class space:       64.00 MB reserved,      43.62 MB ( 68%) committed,  1 nodes.
      Class space:        1.00 GB reserved,       5.75 MB ( <1%) committed,  1 nodes.
             Both:        1.06 GB reserved,      49.38 MB (  5%) committed. 

Chunk freelists:
   Non-Class:  4.30 MB
       Class:  10.14 MB
        Both:  14.44 MB

MaxMetaspaceSize: unlimited
CompressedClassSpaceSize: 1.00 GB
Initial GC threshold: 21.00 MB
Current GC threshold: 58.38 MB
CDS: on
 - commit_granule_bytes: 65536.
 - commit_granule_words: 8192.
 - virtual_space_node_default_size: 8388608.
 - enlarge_chunks_in_place: 1.
 - use_allocation_guard: 0.


Internal statistics:

num_allocs_failed_limit: 6.
num_arena_births: 1004.
num_arena_deaths: 14.
num_vsnodes_births: 2.
num_vsnodes_deaths: 0.
num_space_committed: 790.
num_space_uncommitted: 0.
num_chunks_returned_to_freelist: 20.
num_chunks_taken_from_freelist: 3335.
num_chunk_merges: 6.
num_chunk_splits: 1990.
num_chunks_enlarged: 1067.
num_inconsistent_stats: 0.

CodeHeap 'non-profiled nmethods': size=120000Kb used=3888Kb max_used=3888Kb free=116111Kb
 bounds [0x0000022407ad0000, 0x0000022407ea0000, 0x000002240f000000]
CodeHeap 'profiled nmethods': size=120000Kb used=14240Kb max_used=14240Kb free=105759Kb
 bounds [0x0000022400000000, 0x0000022400df0000, 0x0000022407530000]
CodeHeap 'non-nmethods': size=5760Kb used=1378Kb max_used=1430Kb free=4381Kb
 bounds [0x0000022407530000, 0x00000224077a0000, 0x0000022407ad0000]
CodeCache: size=245760Kb, used=19506Kb, max_used=19558Kb, free=226251Kb
 total_blobs=7358, nmethods=6691, adapters=573, full_count=0
Compilation: enabled, stopped_count=0, restarted_count=0

Compilation events (20 events):
Event: 88.634 Thread 0x000002247aee8cd0 nmethod 7266 0x0000022400dde910 code [0x0000022400ddeb20, 0x0000022400ddf200]
Event: 88.635 Thread 0x000002247aee8cd0 7267       3       org.codehaus.plexus.interpolation.reflection.ClassMap::makeMethodKey (75 bytes)
Event: 88.636 Thread 0x000002247aee8cd0 nmethod 7267 0x0000022400ddf510 code [0x0000022400ddf760, 0x0000022400ddfe80]
Event: 88.638 Thread 0x000002247aee8cd0 7268       3       org.eclipse.jdt.ls.core.internal.JobHelpers$BuildJobMatcher::matches (41 bytes)
Event: 88.639 Thread 0x000002247aee8cd0 nmethod 7268 0x0000022400de0210 code [0x0000022400de04a0, 0x0000022400de0f08]
Event: 88.639 Thread 0x000002247aee8cd0 7269       3       org.codehaus.plexus.interpolation.reflection.ClassMap::makeMethodKey (239 bytes)
Event: 88.642 Thread 0x000002247aee8cd0 nmethod 7269 0x0000022400de1310 code [0x0000022400de16c0, 0x0000022400de3088]
Event: 88.642 Thread 0x000002247aee8cd0 7270       3       java.lang.Character::toTitleCase (6 bytes)
Event: 88.642 Thread 0x000002247aee8cd0 nmethod 7270 0x0000022400de3810 code [0x0000022400de39e0, 0x0000022400de3c38]
Event: 88.642 Thread 0x000002247aee8cd0 7272       3       org.apache.maven.model.validation.DefaultModelValidator::isValidIdCharacter (60 bytes)
Event: 88.642 Thread 0x000002247aee8cd0 nmethod 7272 0x0000022400de3d10 code [0x0000022400de3ec0, 0x0000022400de41a0]
Event: 88.642 Thread 0x000002247aee8cd0 7271       3       java.lang.Character::toTitleCase (9 bytes)
Event: 88.643 Thread 0x000002247aee8cd0 nmethod 7271 0x0000022400de4210 code [0x0000022400de43c0, 0x0000022400de45b8]
Event: 88.656 Thread 0x000002247aee8cd0 7273       3       org.codehaus.plexus.interpolation.reflection.ReflectionValueExtractor$Tokenizer::skipChar (37 bytes)
Event: 88.657 Thread 0x000002247aee8cd0 nmethod 7273 0x0000022400de4690 code [0x0000022400de48a0, 0x0000022400de4f80]
Event: 88.657 Thread 0x000002247aee8cd0 7274       3       org.codehaus.plexus.interpolation.reflection.ReflectionValueExtractor$Tokenizer::nextPropertyName (86 bytes)
Event: 88.658 Thread 0x000002247aee8cd0 nmethod 7274 0x0000022400de5290 code [0x0000022400de5520, 0x0000022400de6030]
Event: 88.658 Thread 0x000002247aee8cd0 7275   !   3       org.codehaus.plexus.interpolation.reflection.ReflectionValueExtractor::getPropertyValue (114 bytes)
Event: 88.660 Thread 0x000002247aee8cd0 nmethod 7275 0x0000022400de6490 code [0x0000022400de6820, 0x0000022400de7948]
Event: 88.660 Thread 0x000002247aee8cd0 7278       3       org.apache.maven.model.validation.DefaultModelValidator::validateEffectiveDependency (631 bytes)

GC Heap History (20 events):
Event: 69.939 GC heap before
{Heap before GC invocations=17 (full 2):
 PSYoungGen      total 22528K, used 22016K [0x00000000d5580000, 0x00000000d7000000, 0x0000000100000000)
  eden space 22016K, 100% used [0x00000000d5580000,0x00000000d6b00000,0x00000000d6b00000)
  from space 512K, 0% used [0x00000000d6f80000,0x00000000d6f80000,0x00000000d7000000)
  to   space 1024K, 0% used [0x00000000d6e00000,0x00000000d6e00000,0x00000000d6f00000)
 ParOldGen       total 68608K, used 18269K [0x0000000080000000, 0x0000000084300000, 0x00000000d5580000)
  object space 68608K, 26% used [0x0000000080000000,0x00000000811d7598,0x0000000084300000)
 Metaspace       used 37595K, committed 38784K, reserved 1114112K
  class space    used 3979K, committed 4480K, reserved 1048576K
}
Event: 69.940 GC heap after
{Heap after GC invocations=17 (full 2):
 PSYoungGen      total 23040K, used 992K [0x00000000d5580000, 0x00000000d7000000, 0x0000000100000000)
  eden space 22016K, 0% used [0x00000000d5580000,0x00000000d5580000,0x00000000d6b00000)
  from space 1024K, 96% used [0x00000000d6e00000,0x00000000d6ef8168,0x00000000d6f00000)
  to   space 1024K, 0% used [0x00000000d6f00000,0x00000000d6f00000,0x00000000d7000000)
 ParOldGen       total 68608K, used 18790K [0x0000000080000000, 0x0000000084300000, 0x00000000d5580000)
  object space 68608K, 27% used [0x0000000080000000,0x00000000812599d8,0x0000000084300000)
 Metaspace       used 37595K, committed 38784K, reserved 1114112K
  class space    used 3979K, committed 4480K, reserved 1048576K
}
Event: 72.234 GC heap before
{Heap before GC invocations=18 (full 2):
 PSYoungGen      total 23040K, used 23008K [0x00000000d5580000, 0x00000000d7000000, 0x0000000100000000)
  eden space 22016K, 100% used [0x00000000d5580000,0x00000000d6b00000,0x00000000d6b00000)
  from space 1024K, 96% used [0x00000000d6e00000,0x00000000d6ef8168,0x00000000d6f00000)
  to   space 1024K, 0% used [0x00000000d6f00000,0x00000000d6f00000,0x00000000d7000000)
 ParOldGen       total 68608K, used 18790K [0x0000000080000000, 0x0000000084300000, 0x00000000d5580000)
  object space 68608K, 27% used [0x0000000080000000,0x00000000812599d8,0x0000000084300000)
 Metaspace       used 40270K, committed 41408K, reserved 1114112K
  class space    used 4294K, committed 4800K, reserved 1048576K
}
Event: 72.239 GC heap after
{Heap after GC invocations=18 (full 2):
 PSYoungGen      total 23040K, used 1024K [0x00000000d5580000, 0x00000000d7200000, 0x0000000100000000)
  eden space 22016K, 0% used [0x00000000d5580000,0x00000000d5580000,0x00000000d6b00000)
  from space 1024K, 100% used [0x00000000d6f00000,0x00000000d7000000,0x00000000d7000000)
  to   space 3584K, 0% used [0x00000000d6b00000,0x00000000d6b00000,0x00000000d6e80000)
 ParOldGen       total 68608K, used 20998K [0x0000000080000000, 0x0000000084300000, 0x00000000d5580000)
  object space 68608K, 30% used [0x0000000080000000,0x0000000081481ad0,0x0000000084300000)
 Metaspace       used 40270K, committed 41408K, reserved 1114112K
  class space    used 4294K, committed 4800K, reserved 1048576K
}
Event: 74.311 GC heap before
{Heap before GC invocations=19 (full 2):
 PSYoungGen      total 23040K, used 23040K [0x00000000d5580000, 0x00000000d7200000, 0x0000000100000000)
  eden space 22016K, 100% used [0x00000000d5580000,0x00000000d6b00000,0x00000000d6b00000)
  from space 1024K, 100% used [0x00000000d6f00000,0x00000000d7000000,0x00000000d7000000)
  to   space 3584K, 0% used [0x00000000d6b00000,0x00000000d6b00000,0x00000000d6e80000)
 ParOldGen       total 68608K, used 20998K [0x0000000080000000, 0x0000000084300000, 0x00000000d5580000)
  object space 68608K, 30% used [0x0000000080000000,0x0000000081481ad0,0x0000000084300000)
 Metaspace       used 42721K, committed 43840K, reserved 1114112K
  class space    used 4591K, committed 5056K, reserved 1048576K
}
Event: 74.317 GC heap after
{Heap after GC invocations=19 (full 2):
 PSYoungGen      total 23552K, used 1536K [0x00000000d5580000, 0x00000000d7000000, 0x0000000100000000)
  eden space 22016K, 0% used [0x00000000d5580000,0x00000000d5580000,0x00000000d6b00000)
  from space 1536K, 100% used [0x00000000d6b00000,0x00000000d6c80000,0x00000000d6c80000)
  to   space 2560K, 0% used [0x00000000d6d80000,0x00000000d6d80000,0x00000000d7000000)
 ParOldGen       total 68608K, used 22006K [0x0000000080000000, 0x0000000084300000, 0x00000000d5580000)
  object space 68608K, 32% used [0x0000000080000000,0x000000008157dad0,0x0000000084300000)
 Metaspace       used 42721K, committed 43840K, reserved 1114112K
  class space    used 4591K, committed 5056K, reserved 1048576K
}
Event: 76.057 GC heap before
{Heap before GC invocations=20 (full 2):
 PSYoungGen      total 23552K, used 23552K [0x00000000d5580000, 0x00000000d7000000, 0x0000000100000000)
  eden space 22016K, 100% used [0x00000000d5580000,0x00000000d6b00000,0x00000000d6b00000)
  from space 1536K, 100% used [0x00000000d6b00000,0x00000000d6c80000,0x00000000d6c80000)
  to   space 2560K, 0% used [0x00000000d6d80000,0x00000000d6d80000,0x00000000d7000000)
 ParOldGen       total 68608K, used 22006K [0x0000000080000000, 0x0000000084300000, 0x00000000d5580000)
  object space 68608K, 32% used [0x0000000080000000,0x000000008157dad0,0x0000000084300000)
 Metaspace       used 44467K, committed 45632K, reserved 1114112K
  class space    used 4826K, committed 5312K, reserved 1048576K
}
Event: 76.061 GC heap after
{Heap after GC invocations=20 (full 2):
 PSYoungGen      total 19456K, used 2560K [0x00000000d5580000, 0x00000000d7a00000, 0x0000000100000000)
  eden space 16896K, 0% used [0x00000000d5580000,0x00000000d5580000,0x00000000d6600000)
  from space 2560K, 100% used [0x00000000d6d80000,0x00000000d7000000,0x00000000d7000000)
  to   space 7680K, 0% used [0x00000000d6600000,0x00000000d6600000,0x00000000d6d80000)
 ParOldGen       total 68608K, used 25936K [0x0000000080000000, 0x0000000084300000, 0x00000000d5580000)
  object space 68608K, 37% used [0x0000000080000000,0x00000000819541d8,0x0000000084300000)
 Metaspace       used 44467K, committed 45632K, reserved 1114112K
  class space    used 4826K, committed 5312K, reserved 1048576K
}
Event: 79.842 GC heap before
{Heap before GC invocations=21 (full 2):
 PSYoungGen      total 19456K, used 19456K [0x00000000d5580000, 0x00000000d7a00000, 0x0000000100000000)
  eden space 16896K, 100% used [0x00000000d5580000,0x00000000d6600000,0x00000000d6600000)
  from space 2560K, 100% used [0x00000000d6d80000,0x00000000d7000000,0x00000000d7000000)
  to   space 7680K, 0% used [0x00000000d6600000,0x00000000d6600000,0x00000000d6d80000)
 ParOldGen       total 68608K, used 25936K [0x0000000080000000, 0x0000000084300000, 0x00000000d5580000)
  object space 68608K, 37% used [0x0000000080000000,0x00000000819541d8,0x0000000084300000)
 Metaspace       used 46416K, committed 47680K, reserved 1114112K
  class space    used 5066K, committed 5632K, reserved 1048576K
}
Event: 79.845 GC heap after
{Heap after GC invocations=21 (full 2):
 PSYoungGen      total 18432K, used 1216K [0x00000000d5580000, 0x00000000d6e00000, 0x0000000100000000)
  eden space 16896K, 0% used [0x00000000d5580000,0x00000000d5580000,0x00000000d6600000)
  from space 1536K, 79% used [0x00000000d6600000,0x00000000d6730000,0x00000000d6780000)
  to   space 3584K, 0% used [0x00000000d6a80000,0x00000000d6a80000,0x00000000d6e00000)
 ParOldGen       total 68608K, used 28476K [0x0000000080000000, 0x0000000084300000, 0x00000000d5580000)
  object space 68608K, 41% used [0x0000000080000000,0x0000000081bcf298,0x0000000084300000)
 Metaspace       used 46416K, committed 47680K, reserved 1114112K
  class space    used 5066K, committed 5632K, reserved 1048576K
}
Event: 81.659 GC heap before
{Heap before GC invocations=22 (full 2):
 PSYoungGen      total 18432K, used 18112K [0x00000000d5580000, 0x00000000d6e00000, 0x0000000100000000)
  eden space 16896K, 100% used [0x00000000d5580000,0x00000000d6600000,0x00000000d6600000)
  from space 1536K, 79% used [0x00000000d6600000,0x00000000d6730000,0x00000000d6780000)
  to   space 3584K, 0% used [0x00000000d6a80000,0x00000000d6a80000,0x00000000d6e00000)
 ParOldGen       total 68608K, used 28476K [0x0000000080000000, 0x0000000084300000, 0x00000000d5580000)
  object space 68608K, 41% used [0x0000000080000000,0x0000000081bcf298,0x0000000084300000)
 Metaspace       used 46938K, committed 48256K, reserved 1114112K
  class space    used 5108K, committed 5632K, reserved 1048576K
}
Event: 81.661 GC heap after
{Heap after GC invocations=22 (full 2):
 PSYoungGen      total 17408K, used 256K [0x00000000d5580000, 0x00000000d6b00000, 0x0000000100000000)
  eden space 16896K, 0% used [0x00000000d5580000,0x00000000d5580000,0x00000000d6600000)
  from space 512K, 50% used [0x00000000d6a80000,0x00000000d6ac0000,0x00000000d6b00000)
  to   space 1024K, 0% used [0x00000000d6900000,0x00000000d6900000,0x00000000d6a00000)
 ParOldGen       total 68608K, used 29527K [0x0000000080000000, 0x0000000084300000, 0x00000000d5580000)
  object space 68608K, 43% used [0x0000000080000000,0x0000000081cd5f48,0x0000000084300000)
 Metaspace       used 46938K, committed 48256K, reserved 1114112K
  class space    used 5108K, committed 5632K, reserved 1048576K
}
Event: 82.652 GC heap before
{Heap before GC invocations=23 (full 2):
 PSYoungGen      total 17408K, used 17152K [0x00000000d5580000, 0x00000000d6b00000, 0x0000000100000000)
  eden space 16896K, 100% used [0x00000000d5580000,0x00000000d6600000,0x00000000d6600000)
  from space 512K, 50% used [0x00000000d6a80000,0x00000000d6ac0000,0x00000000d6b00000)
  to   space 1024K, 0% used [0x00000000d6900000,0x00000000d6900000,0x00000000d6a00000)
 ParOldGen       total 68608K, used 29527K [0x0000000080000000, 0x0000000084300000, 0x00000000d5580000)
  object space 68608K, 43% used [0x0000000080000000,0x0000000081cd5f48,0x0000000084300000)
 Metaspace       used 46938K, committed 48256K, reserved 1114112K
  class space    used 5108K, committed 5632K, reserved 1048576K
}
Event: 82.654 GC heap after
{Heap after GC invocations=23 (full 2):
 PSYoungGen      total 17920K, used 96K [0x00000000d5580000, 0x00000000d6b00000, 0x0000000100000000)
  eden space 16896K, 0% used [0x00000000d5580000,0x00000000d5580000,0x00000000d6600000)
  from space 1024K, 9% used [0x00000000d6900000,0x00000000d6918000,0x00000000d6a00000)
  to   space 512K, 0% used [0x00000000d6a80000,0x00000000d6a80000,0x00000000d6b00000)
 ParOldGen       total 68608K, used 29701K [0x0000000080000000, 0x0000000084300000, 0x00000000d5580000)
  object space 68608K, 43% used [0x0000000080000000,0x0000000081d01720,0x0000000084300000)
 Metaspace       used 46938K, committed 48256K, reserved 1114112K
  class space    used 5108K, committed 5632K, reserved 1048576K
}
Event: 84.588 GC heap before
{Heap before GC invocations=24 (full 2):
 PSYoungGen      total 17920K, used 16992K [0x00000000d5580000, 0x00000000d6b00000, 0x0000000100000000)
  eden space 16896K, 100% used [0x00000000d5580000,0x00000000d6600000,0x00000000d6600000)
  from space 1024K, 9% used [0x00000000d6900000,0x00000000d6918000,0x00000000d6a00000)
  to   space 512K, 0% used [0x00000000d6a80000,0x00000000d6a80000,0x00000000d6b00000)
 ParOldGen       total 68608K, used 29701K [0x0000000080000000, 0x0000000084300000, 0x00000000d5580000)
  object space 68608K, 43% used [0x0000000080000000,0x0000000081d01720,0x0000000084300000)
 Metaspace       used 46950K, committed 48256K, reserved 1114112K
  class space    used 5108K, committed 5632K, reserved 1048576K
}
Event: 84.588 GC heap after
{Heap after GC invocations=24 (full 2):
 PSYoungGen      total 17408K, used 96K [0x00000000d5580000, 0x00000000d6b00000, 0x0000000100000000)
  eden space 16896K, 0% used [0x00000000d5580000,0x00000000d5580000,0x00000000d6600000)
  from space 512K, 18% used [0x00000000d6a80000,0x00000000d6a98000,0x00000000d6b00000)
  to   space 512K, 0% used [0x00000000d6a00000,0x00000000d6a00000,0x00000000d6a80000)
 ParOldGen       total 68608K, used 29725K [0x0000000080000000, 0x0000000084300000, 0x00000000d5580000)
  object space 68608K, 43% used [0x0000000080000000,0x0000000081d07720,0x0000000084300000)
 Metaspace       used 46950K, committed 48256K, reserved 1114112K
  class space    used 5108K, committed 5632K, reserved 1048576K
}
Event: 86.647 GC heap before
{Heap before GC invocations=25 (full 2):
 PSYoungGen      total 17408K, used 16992K [0x00000000d5580000, 0x00000000d6b00000, 0x0000000100000000)
  eden space 16896K, 100% used [0x00000000d5580000,0x00000000d6600000,0x00000000d6600000)
  from space 512K, 18% used [0x00000000d6a80000,0x00000000d6a98000,0x00000000d6b00000)
  to   space 512K, 0% used [0x00000000d6a00000,0x00000000d6a00000,0x00000000d6a80000)
 ParOldGen       total 68608K, used 29725K [0x0000000080000000, 0x0000000084300000, 0x00000000d5580000)
  object space 68608K, 43% used [0x0000000080000000,0x0000000081d07720,0x0000000084300000)
 Metaspace       used 47362K, committed 48640K, reserved 1114112K
  class space    used 5153K, committed 5696K, reserved 1048576K
}
Event: 86.649 GC heap after
{Heap after GC invocations=25 (full 2):
 PSYoungGen      total 17408K, used 288K [0x00000000d5580000, 0x00000000d6b00000, 0x0000000100000000)
  eden space 16896K, 0% used [0x00000000d5580000,0x00000000d5580000,0x00000000d6600000)
  from space 512K, 56% used [0x00000000d6a00000,0x00000000d6a48000,0x00000000d6a80000)
  to   space 512K, 0% used [0x00000000d6a80000,0x00000000d6a80000,0x00000000d6b00000)
 ParOldGen       total 68608K, used 29757K [0x0000000080000000, 0x0000000084300000, 0x00000000d5580000)
  object space 68608K, 43% used [0x0000000080000000,0x0000000081d0f720,0x0000000084300000)
 Metaspace       used 47362K, committed 48640K, reserved 1114112K
  class space    used 5153K, committed 5696K, reserved 1048576K
}
Event: 87.730 GC heap before
{Heap before GC invocations=26 (full 2):
 PSYoungGen      total 17408K, used 17184K [0x00000000d5580000, 0x00000000d6b00000, 0x0000000100000000)
  eden space 16896K, 100% used [0x00000000d5580000,0x00000000d6600000,0x00000000d6600000)
  from space 512K, 56% used [0x00000000d6a00000,0x00000000d6a48000,0x00000000d6a80000)
  to   space 512K, 0% used [0x00000000d6a80000,0x00000000d6a80000,0x00000000d6b00000)
 ParOldGen       total 68608K, used 29757K [0x0000000080000000, 0x0000000084300000, 0x00000000d5580000)
  object space 68608K, 43% used [0x0000000080000000,0x0000000081d0f720,0x0000000084300000)
 Metaspace       used 48902K, committed 50240K, reserved 1114112K
  class space    used 5322K, committed 5888K, reserved 1048576K
}
Event: 87.733 GC heap after
{Heap after GC invocations=26 (full 2):
 PSYoungGen      total 17408K, used 504K [0x00000000d5580000, 0x00000000d6b00000, 0x0000000100000000)
  eden space 16896K, 0% used [0x00000000d5580000,0x00000000d5580000,0x00000000d6600000)
  from space 512K, 98% used [0x00000000d6a80000,0x00000000d6afe1b8,0x00000000d6b00000)
  to   space 2048K, 0% used [0x00000000d6700000,0x00000000d6700000,0x00000000d6900000)
 ParOldGen       total 68608K, used 30802K [0x0000000080000000, 0x0000000084300000, 0x00000000d5580000)
  object space 68608K, 44% used [0x0000000080000000,0x0000000081e14930,0x0000000084300000)
 Metaspace       used 48902K, committed 50240K, reserved 1114112K
  class space    used 5322K, committed 5888K, reserved 1048576K
}

Dll operation events (10 events):
Event: 0.141 Loaded shared library c:\Users\57304\.vscode\extensions\redhat.java-1.47.0-win32-x64\jre\21.0.8-win32-x86_64\bin\java.dll
Event: 0.232 Loaded shared library c:\Users\57304\.vscode\extensions\redhat.java-1.47.0-win32-x64\jre\21.0.8-win32-x86_64\bin\zip.dll
Event: 0.410 Loaded shared library C:\Users\57304\.vscode\extensions\redhat.java-1.47.0-win32-x64\jre\21.0.8-win32-x86_64\bin\instrument.dll
Event: 0.423 Loaded shared library C:\Users\57304\.vscode\extensions\redhat.java-1.47.0-win32-x64\jre\21.0.8-win32-x86_64\bin\net.dll
Event: 0.429 Loaded shared library C:\Users\57304\.vscode\extensions\redhat.java-1.47.0-win32-x64\jre\21.0.8-win32-x86_64\bin\nio.dll
Event: 0.438 Loaded shared library C:\Users\57304\.vscode\extensions\redhat.java-1.47.0-win32-x64\jre\21.0.8-win32-x86_64\bin\zip.dll
Event: 0.474 Loaded shared library C:\Users\57304\.vscode\extensions\redhat.java-1.47.0-win32-x64\jre\21.0.8-win32-x86_64\bin\jimage.dll
Event: 1.270 Loaded shared library c:\Users\57304\.vscode\extensions\redhat.java-1.47.0-win32-x64\jre\21.0.8-win32-x86_64\bin\verify.dll
Event: 22.612 Loaded shared library C:\Users\57304\AppData\Roaming\Code\User\globalStorage\redhat.java\1.47.0\config_win\org.eclipse.equinox.launcher\org.eclipse.equinox.launcher.win32.win32.x86_64_1.2.1400.v20250801-0854\eclipse_11916.dll
Event: 34.516 Loaded shared library C:\Users\57304\AppData\Local\Temp\jna-2320088\jna1158376827889441469.dll

Deoptimization events (20 events):
Event: 88.052 Thread 0x00000224584df320 Uncommon trap: trap_request=0xffffff3d fr.pc=0x0000022407b94d88 relative=0x0000000000000068
Event: 88.052 Thread 0x00000224584df320 Uncommon trap: reason=unstable_fused_if action=reinterpret pc=0x0000022407b94d88 method=java.lang.CharacterDataLatin1.equalsIgnoreCase(BB)Z @ 16 c2
Event: 88.052 Thread 0x00000224584df320 DEOPT PACKING pc=0x0000022407b94d88 sp=0x000000b420cfdcd0
Event: 88.052 Thread 0x00000224584df320 DEOPT UNPACKING pc=0x0000022407586da2 sp=0x000000b420cfdc60 mode 2
Event: 88.112 Thread 0x00000224584df320 Uncommon trap: trap_request=0xffffff45 fr.pc=0x0000022407e7c1b4 relative=0x0000000000000d34
Event: 88.112 Thread 0x00000224584df320 Uncommon trap: reason=unstable_if action=reinterpret pc=0x0000022407e7c1b4 method=org.codehaus.plexus.util.xml.pull.MXParser.nextImpl()I @ 884 c2
Event: 88.112 Thread 0x00000224584df320 DEOPT PACKING pc=0x0000022407e7c1b4 sp=0x000000b420cfd8d0
Event: 88.112 Thread 0x00000224584df320 DEOPT UNPACKING pc=0x0000022407586da2 sp=0x000000b420cfd848 mode 2
Event: 88.223 Thread 0x00000224584df320 Uncommon trap: trap_request=0xffffff45 fr.pc=0x0000022407e8c25c relative=0x00000000000006bc
Event: 88.223 Thread 0x00000224584df320 Uncommon trap: reason=unstable_if action=reinterpret pc=0x0000022407e8c25c method=java.lang.String.indexOf(Ljava/lang/String;)I @ 10 c2
Event: 88.223 Thread 0x00000224584df320 DEOPT PACKING pc=0x0000022407e8c25c sp=0x000000b420cfdcd0
Event: 88.223 Thread 0x00000224584df320 DEOPT UNPACKING pc=0x0000022407586da2 sp=0x000000b420cfdb58 mode 2
Event: 88.602 Thread 0x00000224584df320 Uncommon trap: trap_request=0xffffff45 fr.pc=0x0000022407e7a54c relative=0x00000000000001ac
Event: 88.602 Thread 0x00000224584df320 Uncommon trap: reason=unstable_if action=reinterpret pc=0x0000022407e7a54c method=org.codehaus.plexus.util.xml.pull.MXParser.isS(C)Z @ 21 c2
Event: 88.602 Thread 0x00000224584df320 DEOPT PACKING pc=0x0000022407e7a54c sp=0x000000b420cfd870
Event: 88.602 Thread 0x00000224584df320 DEOPT UNPACKING pc=0x0000022407586da2 sp=0x000000b420cfd798 mode 2
Event: 88.642 Thread 0x00000224584df320 Uncommon trap: trap_request=0xffffff45 fr.pc=0x0000022407e96d38 relative=0x0000000000000098
Event: 88.642 Thread 0x00000224584df320 Uncommon trap: reason=unstable_if action=reinterpret pc=0x0000022407e96d38 method=org.apache.maven.model.validation.DefaultModelValidator.isValidIdCharacter(C)Z @ 33 c2
Event: 88.642 Thread 0x00000224584df320 DEOPT PACKING pc=0x0000022407e96d38 sp=0x000000b420cfdbc0
Event: 88.642 Thread 0x00000224584df320 DEOPT UNPACKING pc=0x0000022407586da2 sp=0x000000b420cfdb48 mode 2

Classes loaded (20 events):
Event: 86.339 Loading class java/util/WeakHashMap$KeyIterator
Event: 86.340 Loading class java/util/WeakHashMap$KeyIterator done
Event: 87.067 Loading class java/util/Collections$SynchronizedRandomAccessList
Event: 87.067 Loading class java/util/Collections$SynchronizedList
Event: 87.069 Loading class java/util/Collections$SynchronizedList done
Event: 87.069 Loading class java/util/Collections$SynchronizedRandomAccessList done
Event: 87.128 Loading class java/util/concurrent/CompletableFuture$Signaller
Event: 87.128 Loading class java/util/concurrent/CompletableFuture$Signaller done
Event: 87.517 Loading class java/util/concurrent/CompletableFuture$UniApply
Event: 87.518 Loading class java/util/concurrent/CompletableFuture$UniCompletion
Event: 87.518 Loading class java/util/concurrent/CompletableFuture$UniCompletion done
Event: 87.518 Loading class java/util/concurrent/CompletableFuture$UniApply done
Event: 87.524 Loading class java/util/concurrent/CompletableFuture$UniAccept
Event: 87.526 Loading class java/util/concurrent/CompletableFuture$UniAccept done
Event: 87.526 Loading class java/util/concurrent/CompletableFuture$UniExceptionally
Event: 87.526 Loading class java/util/concurrent/CompletableFuture$UniExceptionally done
Event: 87.670 Loading class java/nio/file/InvalidPathException
Event: 87.670 Loading class java/nio/file/InvalidPathException done
Event: 87.948 Loading class java/util/Hashtable$KeySet
Event: 87.949 Loading class java/util/Hashtable$KeySet done

Classes unloaded (7 events):
Event: 37.712 Thread 0x000002247b05cae0 Unloading class 0x00000224141af400 'java/lang/invoke/LambdaForm$MH+0x00000224141af400'
Event: 37.712 Thread 0x000002247b05cae0 Unloading class 0x00000224141af000 'java/lang/invoke/LambdaForm$MH+0x00000224141af000'
Event: 37.712 Thread 0x000002247b05cae0 Unloading class 0x00000224141aec00 'java/lang/invoke/LambdaForm$MH+0x00000224141aec00'
Event: 37.712 Thread 0x000002247b05cae0 Unloading class 0x00000224141ae800 'java/lang/invoke/LambdaForm$MH+0x00000224141ae800'
Event: 37.712 Thread 0x000002247b05cae0 Unloading class 0x00000224141ae400 'java/lang/invoke/LambdaForm$BMH+0x00000224141ae400'
Event: 37.712 Thread 0x000002247b05cae0 Unloading class 0x00000224141ae000 'java/lang/invoke/LambdaForm$DMH+0x00000224141ae000'
Event: 37.712 Thread 0x000002247b05cae0 Unloading class 0x00000224141acc00 'java/lang/invoke/LambdaForm$DMH+0x00000224141acc00'

Classes redefined (0 events):
No events

Internal exceptions (20 events):
Event: 86.793 Thread 0x00000224584e1a80 Exception <a 'sun/nio/fs/WindowsException'{0x00000000d5816038}> (0x00000000d5816038) 
thrown [s\src\hotspot\share\prims\jni.cpp, line 520]
Event: 86.795 Thread 0x00000224584e1a80 Exception <a 'sun/nio/fs/WindowsException'{0x00000000d581a168}> (0x00000000d581a168) 
thrown [s\src\hotspot\share\prims\jni.cpp, line 520]
Event: 86.796 Thread 0x00000224584e1a80 Exception <a 'sun/nio/fs/WindowsException'{0x00000000d581dd88}> (0x00000000d581dd88) 
thrown [s\src\hotspot\share\prims\jni.cpp, line 520]
Event: 86.796 Thread 0x00000224584e1a80 Exception <a 'sun/nio/fs/WindowsException'{0x00000000d5821da0}> (0x00000000d5821da0) 
thrown [s\src\hotspot\share\prims\jni.cpp, line 520]
Event: 86.797 Thread 0x00000224584e1a80 Exception <a 'sun/nio/fs/WindowsException'{0x00000000d5825f88}> (0x00000000d5825f88) 
thrown [s\src\hotspot\share\prims\jni.cpp, line 520]
Event: 86.813 Thread 0x00000224584e1a80 Exception <a 'sun/nio/fs/WindowsException'{0x00000000d587cba8}> (0x00000000d587cba8) 
thrown [s\src\hotspot\share\prims\jni.cpp, line 520]
Event: 86.903 Thread 0x00000224584e4870 Exception <a 'java/io/FileNotFoundException'{0x00000000d59a04e8}> (0x00000000d59a04e8) 
thrown [s\src\hotspot\share\prims\jni.cpp, line 520]
Event: 86.908 Thread 0x00000224584e4870 Exception <a 'sun/nio/fs/WindowsException'{0x00000000d59a2120}> (0x00000000d59a2120) 
thrown [s\src\hotspot\share\prims\jni.cpp, line 520]
Event: 86.908 Thread 0x00000224584e4870 Exception <a 'sun/nio/fs/WindowsException'{0x00000000d59a2760}> (0x00000000d59a2760) 
thrown [s\src\hotspot\share\prims\jni.cpp, line 520]
Event: 86.909 Thread 0x00000224584e4870 Exception <a 'sun/nio/fs/WindowsException'{0x00000000d59a5b50}> (0x00000000d59a5b50) 
thrown [s\src\hotspot\share\prims\jni.cpp, line 520]
Event: 86.909 Thread 0x00000224584e4870 Exception <a 'sun/nio/fs/WindowsException'{0x00000000d59a6190}> (0x00000000d59a6190) 
thrown [s\src\hotspot\share\prims\jni.cpp, line 520]
Event: 86.913 Thread 0x00000224584e4870 Exception <a 'sun/nio/fs/WindowsException'{0x00000000d59bc968}> (0x00000000d59bc968) 
thrown [s\src\hotspot\share\prims\jni.cpp, line 520]
Event: 86.913 Thread 0x00000224584e4870 Exception <a 'sun/nio/fs/WindowsException'{0x00000000d59bd080}> (0x00000000d59bd080) 
thrown [s\src\hotspot\share\prims\jni.cpp, line 520]
Event: 86.914 Thread 0x00000224584e4870 Exception <a 'sun/nio/fs/WindowsException'{0x00000000d59bdee0}> (0x00000000d59bdee0) 
thrown [s\src\hotspot\share\prims\jni.cpp, line 520]
Event: 86.914 Thread 0x00000224584e4870 Exception <a 'sun/nio/fs/WindowsException'{0x00000000d59be5f8}> (0x00000000d59be5f8) 
thrown [s\src\hotspot\share\prims\jni.cpp, line 520]
Event: 86.926 Thread 0x00000224584e4870 Exception <a 'java/lang/IncompatibleClassChangeError'{0x00000000d59dc330}: Found class java.lang.Object, but interface was expected> (0x00000000d59dc330) 
thrown [s\src\hotspot\share\interpreter\linkResolver.cpp, line 840]
Event: 87.500 Thread 0x00000224584e4870 Exception <a 'java/lang/IncompatibleClassChangeError'{0x00000000d5f53c60}: Found class java.lang.Object, but interface was expected> (0x00000000d5f53c60) 
thrown [s\src\hotspot\share\interpreter\linkResolver.cpp, line 840]
Event: 87.516 Thread 0x00000224584df320 Exception <a 'java/lang/NoSuchMethodError'{0x00000000d625c250}: 'void java.lang.invoke.DirectMethodHandle$Holder.invokeStatic(java.lang.Object, java.lang.Object, java.lang.Object, int)'> (0x00000000d625c250) 
thrown [s\src\hotspot\share\interpreter\linkResolver.cpp, line 773]
Event: 87.556 Thread 0x00000224584df320 Exception <a 'java/lang/NoSuchMethodError'{0x00000000d6359f30}: 'void java.lang.invoke.DirectMethodHandle$Holder.invokeVirtual(java.lang.Object, java.lang.Object, int)'> (0x00000000d6359f30) 
thrown [s\src\hotspot\share\interpreter\linkResolver.cpp, line 773]
Event: 88.238 Thread 0x00000224584e5c20 Exception <a 'java/lang/NoSuchMethodError'{0x00000000d5921308}: 'java.lang.Object java.lang.invoke.DirectMethodHandle$Holder.invokeStaticInit(java.lang.Object, java.lang.Object, java.lang.Object)'> (0x00000000d5921308) 
thrown [s\src\hotspot\share\interpreter\linkResolver.cpp, line 773]

ZGC Phase Switch (0 events):
No events

VM Operations (20 events):
Event: 82.652 Executing VM operation: ParallelGCFailedAllocation (Allocation Failure)
Event: 82.654 Executing VM operation: ParallelGCFailedAllocation (Allocation Failure) done
Event: 83.661 Executing VM operation: Cleanup
Event: 83.661 Executing VM operation: Cleanup done
Event: 84.588 Executing VM operation: ParallelGCFailedAllocation (Allocation Failure)
Event: 84.588 Executing VM operation: ParallelGCFailedAllocation (Allocation Failure) done
Event: 84.743 Executing VM operation: HandshakeAllThreads (Deoptimize)
Event: 84.743 Executing VM operation: HandshakeAllThreads (Deoptimize) done
Event: 84.795 Executing VM operation: HandshakeAllThreads (Deoptimize)
Event: 84.795 Executing VM operation: HandshakeAllThreads (Deoptimize) done
Event: 85.804 Executing VM operation: Cleanup
Event: 85.804 Executing VM operation: Cleanup done
Event: 86.647 Executing VM operation: ParallelGCFailedAllocation (Allocation Failure)
Event: 86.649 Executing VM operation: ParallelGCFailedAllocation (Allocation Failure) done
Event: 87.052 Executing VM operation: HandshakeAllThreads (Deoptimize)
Event: 87.061 Executing VM operation: HandshakeAllThreads (Deoptimize) done
Event: 87.062 Executing VM operation: HandshakeAllThreads (Deoptimize)
Event: 87.062 Executing VM operation: HandshakeAllThreads (Deoptimize) done
Event: 87.718 Executing VM operation: ParallelGCFailedAllocation (Allocation Failure)
Event: 87.733 Executing VM operation: ParallelGCFailedAllocation (Allocation Failure) done

Memory protections (0 events):
No events

Nmethod flushes (20 events):
Event: 67.538 Thread 0x000002247b05cae0 flushing  nmethod 0x0000022400669e90
Event: 67.538 Thread 0x000002247b05cae0 flushing  nmethod 0x000002240066bf90
Event: 67.538 Thread 0x000002247b05cae0 flushing  nmethod 0x000002240066f590
Event: 67.538 Thread 0x000002247b05cae0 flushing  nmethod 0x0000022400672f10
Event: 67.538 Thread 0x000002247b05cae0 flushing  nmethod 0x00000224006a7d10
Event: 67.538 Thread 0x000002247b05cae0 flushing  nmethod 0x00000224006a8610
Event: 67.538 Thread 0x000002247b05cae0 flushing  nmethod 0x00000224006a8f10
Event: 67.538 Thread 0x000002247b05cae0 flushing  nmethod 0x00000224006ab190
Event: 67.538 Thread 0x000002247b05cae0 flushing  nmethod 0x00000224006abf10
Event: 67.538 Thread 0x000002247b05cae0 flushing  nmethod 0x00000224006ac690
Event: 67.538 Thread 0x000002247b05cae0 flushing  nmethod 0x00000224006adc10
Event: 67.538 Thread 0x000002247b05cae0 flushing  nmethod 0x00000224006ae510
Event: 67.538 Thread 0x000002247b05cae0 flushing  nmethod 0x00000224006aed90
Event: 67.538 Thread 0x000002247b05cae0 flushing  nmethod 0x00000224006b0810
Event: 67.538 Thread 0x000002247b05cae0 flushing  nmethod 0x00000224006b0d10
Event: 67.538 Thread 0x000002247b05cae0 flushing  nmethod 0x00000224006bb790
Event: 67.538 Thread 0x000002247b05cae0 flushing  nmethod 0x0000022400706990
Event: 67.538 Thread 0x000002247b05cae0 flushing  nmethod 0x0000022400712390
Event: 67.538 Thread 0x000002247b05cae0 flushing  nmethod 0x0000022400760210
Event: 67.538 Thread 0x000002247b05cae0 flushing  nmethod 0x00000224007a6590

Events (20 events):
Event: 70.038 Thread 0x00000224584e2110 Thread added: 0x00000224584e1a80
Event: 70.131 Thread 0x000002247aee8cd0 Thread added: 0x0000022459e8d9a0
Event: 70.798 Thread 0x0000022478be1f00 Thread added: 0x00000224584e27a0
Event: 70.815 Thread 0x0000022478be1f00 Thread added: 0x00000224584e2e30
Event: 70.815 Thread 0x0000022478be1f00 Thread added: 0x00000224584e0d60
Event: 70.821 Thread 0x0000022478be1f00 Thread added: 0x00000224584e34c0
Event: 70.821 Thread 0x0000022478be1f00 Thread added: 0x00000224584e0040
Event: 71.456 Thread 0x0000022459e8d9a0 Thread exited: 0x0000022459e8d9a0
Event: 71.509 Thread 0x0000022478be1f00 Thread added: 0x00000224584e3b50
Event: 71.721 Thread 0x000002247aee8cd0 Thread added: 0x0000022459cb00c0
Event: 73.057 Thread 0x0000022459cb00c0 Thread exited: 0x0000022459cb00c0
Event: 73.537 Thread 0x000002247aee8cd0 Thread added: 0x00000224598070b0
Event: 73.652 Thread 0x0000022478be1f00 Thread added: 0x00000224584e41e0
Event: 73.652 Thread 0x0000022478be1f00 Thread added: 0x00000224584e4870
Event: 73.959 Thread 0x00000224598070b0 Thread exited: 0x00000224598070b0
Event: 75.018 Thread 0x00000224584dec90 Thread added: 0x00000224584e5590
Event: 75.023 Thread 0x00000224584e5590 Thread added: 0x00000224584e5c20
Event: 75.024 Thread 0x00000224584dec90 Thread added: 0x00000224588ad790
Event: 87.280 Thread 0x000002247aee8cd0 Thread added: 0x0000022459e698d0
Event: 87.489 Thread 0x0000022459e698d0 Thread exited: 0x0000022459e698d0


Dynamic libraries:
0x00007ff6197d0000 - 0x00007ff6197de000 	c:\Users\57304\.vscode\extensions\redhat.java-1.47.0-win32-x64\jre\21.0.8-win32-x86_64\bin\java.exe
0x00007ffa8d680000 - 0x00007ffa8d8e8000 	C:\WINDOWS\SYSTEM32\ntdll.dll
0x00007ffa4f5f0000 - 0x00007ffa4f610000 	C:\Program Files\Avast Software\Avast\aswhook.dll
0x00007ffa8cbf0000 - 0x00007ffa8ccb9000 	C:\WINDOWS\System32\KERNEL32.DLL
0x00007ffa8ae40000 - 0x00007ffa8b238000 	C:\WINDOWS\System32\KERNELBASE.dll
0x00007ffa8acf0000 - 0x00007ffa8ae3b000 	C:\WINDOWS\System32\ucrtbase.dll
0x00007ffa79510000 - 0x00007ffa79528000 	c:\Users\57304\.vscode\extensions\redhat.java-1.47.0-win32-x64\jre\21.0.8-win32-x86_64\bin\jli.dll
0x00007ffa77990000 - 0x00007ffa779ae000 	c:\Users\57304\.vscode\extensions\redhat.java-1.47.0-win32-x64\jre\21.0.8-win32-x86_64\bin\VCRUNTIME140.dll
0x00007ffa8bed0000 - 0x00007ffa8c097000 	C:\WINDOWS\System32\USER32.dll
0x00007ffa73560000 - 0x00007ffa737f4000 	C:\WINDOWS\WinSxS\amd64_microsoft.windows.common-controls_6595b64144ccf1df_6.0.26100.7019_none_3e06ffa0e335b8a8\COMCTL32.dll
0x00007ffa8ab50000 - 0x00007ffa8ab77000 	C:\WINDOWS\System32\win32u.dll
0x00007ffa8cbc0000 - 0x00007ffa8cbeb000 	C:\WINDOWS\System32\GDI32.dll
0x00007ffa8c2f0000 - 0x00007ffa8c399000 	C:\WINDOWS\System32\msvcrt.dll
0x00007ffa8b2f0000 - 0x00007ffa8b41c000 	C:\WINDOWS\System32\gdi32full.dll
0x00007ffa8a7d0000 - 0x00007ffa8a873000 	C:\WINDOWS\System32\msvcp_win.dll
0x00007ffa8b8c0000 - 0x00007ffa8b8f1000 	C:\WINDOWS\System32\IMM32.DLL
0x00007ffa82550000 - 0x00007ffa8255c000 	c:\Users\57304\.vscode\extensions\redhat.java-1.47.0-win32-x64\jre\21.0.8-win32-x86_64\bin\vcruntime140_1.dll
0x00007ffa64e40000 - 0x00007ffa64ecd000 	c:\Users\57304\.vscode\extensions\redhat.java-1.47.0-win32-x64\jre\21.0.8-win32-x86_64\bin\msvcp140.dll
0x00007ff9f8500000 - 0x00007ff9f9297000 	c:\Users\57304\.vscode\extensions\redhat.java-1.47.0-win32-x64\jre\21.0.8-win32-x86_64\bin\server\jvm.dll
0x00007ffa8b900000 - 0x00007ffa8b9b4000 	C:\WINDOWS\System32\ADVAPI32.dll
0x00007ffa8c120000 - 0x00007ffa8c1c6000 	C:\WINDOWS\System32\sechost.dll
0x00007ffa8c1d0000 - 0x00007ffa8c2e8000 	C:\WINDOWS\System32\RPCRT4.dll
0x00007ffa8d580000 - 0x00007ffa8d5f4000 	C:\WINDOWS\System32\WS2_32.dll
0x00007ffa8a650000 - 0x00007ffa8a6ae000 	C:\WINDOWS\SYSTEM32\POWRPROF.dll
0x00007ffa78d80000 - 0x00007ffa78d8b000 	C:\WINDOWS\SYSTEM32\VERSION.dll
0x00007ffa72c70000 - 0x00007ffa72ca5000 	C:\WINDOWS\SYSTEM32\WINMM.dll
0x00007ffa8a630000 - 0x00007ffa8a644000 	C:\WINDOWS\SYSTEM32\UMPDC.dll
0x00007ffa89560000 - 0x00007ffa8957b000 	C:\WINDOWS\SYSTEM32\kernel.appcore.dll
0x00007ffa82160000 - 0x00007ffa8216a000 	c:\Users\57304\.vscode\extensions\redhat.java-1.47.0-win32-x64\jre\21.0.8-win32-x86_64\bin\jimage.dll
0x00007ffa84ec0000 - 0x00007ffa85102000 	C:\WINDOWS\SYSTEM32\DBGHELP.DLL
0x00007ffa8b530000 - 0x00007ffa8b8bb000 	C:\WINDOWS\System32\combase.dll
0x00007ffa8c590000 - 0x00007ffa8c667000 	C:\WINDOWS\System32\OLEAUT32.dll
0x00007ffa786d0000 - 0x00007ffa7870c000 	C:\WINDOWS\SYSTEM32\dbgcore.DLL
0x00007ffa8b240000 - 0x00007ffa8b2e5000 	C:\WINDOWS\System32\bcryptPrimitives.dll
0x00007ffa7bdc0000 - 0x00007ffa7bdcf000 	c:\Users\57304\.vscode\extensions\redhat.java-1.47.0-win32-x64\jre\21.0.8-win32-x86_64\bin\instrument.dll
0x00007ffa771d0000 - 0x00007ffa771ef000 	c:\Users\57304\.vscode\extensions\redhat.java-1.47.0-win32-x64\jre\21.0.8-win32-x86_64\bin\java.dll
0x00007ffa8cd80000 - 0x00007ffa8d4d1000 	C:\WINDOWS\System32\SHELL32.dll
0x00007ffa8ab80000 - 0x00007ffa8aceb000 	C:\WINDOWS\System32\wintypes.dll
0x00007ffa883d0000 - 0x00007ffa88c2d000 	C:\WINDOWS\SYSTEM32\windows.storage.dll
0x00007ffa8b420000 - 0x00007ffa8b512000 	C:\WINDOWS\System32\SHCORE.dll
0x00007ffa8cb50000 - 0x00007ffa8cbb7000 	C:\WINDOWS\System32\shlwapi.dll
0x00007ffa8a6f0000 - 0x00007ffa8a719000 	C:\WINDOWS\SYSTEM32\profapi.dll
0x00007ffa711c0000 - 0x00007ffa711d8000 	c:\Users\57304\.vscode\extensions\redhat.java-1.47.0-win32-x64\jre\21.0.8-win32-x86_64\bin\zip.dll
0x00007ffa7bd90000 - 0x00007ffa7bda0000 	C:\Users\57304\.vscode\extensions\redhat.java-1.47.0-win32-x64\jre\21.0.8-win32-x86_64\bin\net.dll
0x00007ffa78c30000 - 0x00007ffa78d58000 	C:\WINDOWS\SYSTEM32\WINHTTP.dll
0x00007ffa89b00000 - 0x00007ffa89b6b000 	C:\WINDOWS\system32\mswsock.dll
0x00007ffa68260000 - 0x00007ffa68276000 	C:\Users\57304\.vscode\extensions\redhat.java-1.47.0-win32-x64\jre\21.0.8-win32-x86_64\bin\nio.dll
0x00007ffa79830000 - 0x00007ffa79840000 	c:\Users\57304\.vscode\extensions\redhat.java-1.47.0-win32-x64\jre\21.0.8-win32-x86_64\bin\verify.dll
0x00007ffa5b290000 - 0x00007ffa5b2d4000 	C:\Users\57304\AppData\Roaming\Code\User\globalStorage\redhat.java\1.47.0\config_win\org.eclipse.equinox.launcher\org.eclipse.equinox.launcher.win32.win32.x86_64_1.2.1400.v20250801-0854\eclipse_11916.dll
0x00007ffa8c850000 - 0x00007ffa8c9e7000 	C:\WINDOWS\System32\ole32.dll
0x00007ffa89dc0000 - 0x00007ffa89ddb000 	C:\WINDOWS\SYSTEM32\CRYPTSP.dll
0x00007ffa894c0000 - 0x00007ffa894fa000 	C:\WINDOWS\system32\rsaenh.dll
0x00007ffa89bb0000 - 0x00007ffa89bdb000 	C:\WINDOWS\SYSTEM32\USERENV.dll
0x00007ffa8a6c0000 - 0x00007ffa8a6ea000 	C:\WINDOWS\SYSTEM32\bcrypt.dll
0x00007ffa89de0000 - 0x00007ffa89dec000 	C:\WINDOWS\SYSTEM32\CRYPTBASE.dll
0x00007ffa88f40000 - 0x00007ffa88f74000 	C:\WINDOWS\SYSTEM32\IPHLPAPI.DLL
0x00007ffa8d4e0000 - 0x00007ffa8d4ea000 	C:\WINDOWS\System32\NSI.dll
0x00007ffa56210000 - 0x00007ffa56259000 	C:\Users\57304\AppData\Local\Temp\jna-2320088\jna1158376827889441469.dll
0x00007ffa8caf0000 - 0x00007ffa8caf8000 	C:\WINDOWS\System32\PSAPI.DLL
0x00007ffa78a30000 - 0x00007ffa78a4e000 	C:\WINDOWS\SYSTEM32\dhcpcsvc6.DLL
0x00007ffa78900000 - 0x00007ffa78923000 	C:\WINDOWS\SYSTEM32\dhcpcsvc.DLL

JVMTI agents:
c:\Users\57304\.vscode\extensions\redhat.java-1.47.0-win32-x64\lombok\lombok-1.18.39-4050.jar path:c:\Users\57304\.vscode\extensions\redhat.java-1.47.0-win32-x64\jre\21.0.8-win32-x86_64\bin\instrument.dll, loaded, initialized, instrumentlib options:none

dbghelp: loaded successfully - version: 4.0.5 - missing functions: none
symbol engine: initialized successfully - sym options: 0x614 - pdb path: .;c:\Users\57304\.vscode\extensions\redhat.java-1.47.0-win32-x64\jre\21.0.8-win32-x86_64\bin;C:\WINDOWS\SYSTEM32;C:\Program Files\Avast Software\Avast;C:\WINDOWS\WinSxS\amd64_microsoft.windows.common-controls_6595b64144ccf1df_6.0.26100.7019_none_3e06ffa0e335b8a8;c:\Users\57304\.vscode\extensions\redhat.java-1.47.0-win32-x64\jre\21.0.8-win32-x86_64\bin\server;C:\Users\57304\AppData\Roaming\Code\User\globalStorage\redhat.java\1.47.0\config_win\org.eclipse.equinox.launcher\org.eclipse.equinox.launcher.win32.win32.x86_64_1.2.1400.v20250801-0854;C:\Users\57304\AppData\Local\Temp\jna-2320088

VM Arguments:
jvm_args: --add-modules=ALL-SYSTEM --add-opens=java.base/java.util=ALL-UNNAMED --add-opens=java.base/java.lang=ALL-UNNAMED --add-opens=java.base/sun.nio.fs=ALL-UNNAMED -Declipse.application=org.eclipse.jdt.ls.core.id1 -Dosgi.bundles.defaultStartLevel=4 -Declipse.product=org.eclipse.jdt.ls.core.product -Djava.import.generatesMetadataFilesAtProjectRoot=false -DDetectVMInstallationsJob.disabled=true -Dfile.encoding=utf8 -XX:+UseParallelGC -XX:GCTimeRatio=4 -XX:AdaptiveSizePolicyWeight=90 -Dsun.zip.disableMemoryMapping=true -Xmx2G -Xms100m -Xlog:disable -javaagent:c:\Users\57304\.vscode\extensions\redhat.java-1.47.0-win32-x64\lombok\lombok-1.18.39-4050.jar -XX:+HeapDumpOnOutOfMemoryError -XX:HeapDumpPath=c:\Users\57304\AppData\Roaming\Code\User\workspaceStorage\aadb29d905489eed051d213afbd2167c\redhat.java -Daether.dependencyCollector.impl=bf 
java_command: c:\Users\57304\.vscode\extensions\redhat.java-1.47.0-win32-x64\server\plugins\org.eclipse.equinox.launcher_1.7.100.v20251014-1222.jar -configuration c:\Users\57304\AppData\Roaming\Code\User\globalStorage\redhat.java\1.47.0\config_win -data c:\Users\57304\AppData\Roaming\Code\User\workspaceStorage\aadb29d905489eed051d213afbd2167c\redhat.java\jdt_ws --pipe=\\.\pipe\lsp-186ef8cfc4d9126ff8716f88a18a39f1-sock
java_class_path (initial): c:\Users\57304\.vscode\extensions\redhat.java-1.47.0-win32-x64\server\plugins\org.eclipse.equinox.launcher_1.7.100.v20251014-1222.jar
Launcher Type: SUN_STANDARD

[Global flags]
    uintx AdaptiveSizePolicyWeight                 = 90                                        {product} {command line}
     intx CICompilerCount                          = 3                                         {product} {ergonomic}
    uintx GCTimeRatio                              = 4                                         {product} {command line}
     bool HeapDumpOnOutOfMemoryError               = true                                   {manageable} {command line}
    ccstr HeapDumpPath                             = c:\Users\57304\AppData\Roaming\Code\User\workspaceStorage\aadb29d905489eed051d213afbd2167c\redhat.java         {manageable} {command line}
   size_t InitialHeapSize                          = 104857600                                 {product} {command line}
   size_t MaxHeapSize                              = 2147483648                                {product} {command line}
   size_t MaxNewSize                               = 715653120                                 {product} {ergonomic}
   size_t MinHeapDeltaBytes                        = 524288                                    {product} {ergonomic}
   size_t MinHeapSize                              = 104857600                                 {product} {command line}
   size_t NewSize                                  = 34603008                                  {product} {ergonomic}
    uintx NonNMethodCodeHeapSize                   = 5832780                                {pd product} {ergonomic}
    uintx NonProfiledCodeHeapSize                  = 122912730                              {pd product} {ergonomic}
   size_t OldSize                                  = 70254592                                  {product} {ergonomic}
    uintx ProfiledCodeHeapSize                     = 122912730                              {pd product} {ergonomic}
    uintx ReservedCodeCacheSize                    = 251658240                              {pd product} {ergonomic}
     bool SegmentedCodeCache                       = true                                      {product} {ergonomic}
   size_t SoftMaxHeapSize                          = 2147483648                             {manageable} {ergonomic}
     bool UseCompressedOops                        = true                           {product lp64_product} {ergonomic}
     bool UseLargePagesIndividualAllocation        = false                                  {pd product} {ergonomic}
     bool UseParallelGC                            = true                                      {product} {command line}

Logging:
Log output configuration:
 #0: stdout all=off uptime,level,tags foldmultilines=false
 #1: stderr all=off uptime,level,tags foldmultilines=false

Environment Variables:
PATH=C:\Users\57304\anaconda3;C:\Users\57304\anaconda3\Library\mingw-w64\bin;C:\Users\57304\anaconda3\Library\usr\bin;C:\Users\57304\anaconda3\Library\bin;C:\Users\57304\anaconda3\Scripts;C:\Users\57304\anaconda3\bin;C:\Python314\Scripts;C:\Python314;C:\Program Files\Eclipse Adoptium\jdk-17.0.16.8-hotspot\bin;C:\Program Files (x86)\Common Files\Oracle\Java\javapath;C:\Program Files\Common Files\Oracle\Java\javapath;C:\WINDOWS\system32;C:\WINDOWS;C:\WINDOWS\System32\Wbem;C:\WINDOWS\System32\WindowsPowerShell\v1.0;C:\WINDOWS\System32\OpenSSH;C:\Program Files (x86)\Windows Live\Shared;C:\Program Files (x86)\Brackets\command;C:\Program Files\dotnet;C:\ProgramData\chocolatey\bin;C:\Program Files\CMake\bin;C:\Program Files\nodejs;C:\Program Files\Git\cmd;C:\Program Files\Kubernetes\Minikube;%MAVEN_HOME%\bin;C:\Program Files\Go\bin;C:\ProgramData\chocolatey\lib\maven\apache-maven-3.9.11\bin;C:\Program Files\Docker\Docker\resources\bin;C:\Users\57304\anaconda3;C:\Users\57304\anaconda3\Library\mingw-w64\bin;C:\Users\57304\anaconda3\Library\usr\bin;C:\Users\57304\anaconda3\Library\bin;C:\Users\57304\anaconda3\Scripts;C:\Users\57304\anaconda3\bin;C:\Users\57304\anaconda3\condabin;C:\Python314\Scripts;C:\Python314;C:\Program Files\Eclipse Adoptium\jdk-17.0.16.8-hotspot\bin;C:\Program Files (x86)\Common Files\Oracle\Java\javapath;C:\Program Files\Common Files\Oracle\Java\javapath;C:\WINDOWS\system32;C:\WINDOWS;C:\WINDOWS\System32\Wbem;C:\WINDOWS\System32\WindowsPowerShell\v1.0;C:\WINDOWS\System32\OpenSSH;C:\Program Files (x86)\Windows Live\Shared;C:\Program Files (x86)\Brackets\command;C:\Program Files\dotnet;C:\ProgramData\chocolatey\bin;C:\Program Files\CMake\bin;C:\Program Files\Docker\Docker\resources\bin;C:\Program Files\nodejs;C:\Program Files\Git\cmd;C:\Program Files (x86)\Common Files\Oracle\Java\javapath;C:\Program Files\Common Files\Oracle\Java\javapath;C:\WINDOWS\system32;C:\WINDOWS;C:\WINDOWS\System32\Wbem;C:\WINDOWS\System32\WindowsPowerShell\v1.0;C:\WINDOWS\System32\OpenSSH;C:\Program Files (x86)\Windows Live\Shared;C:\Program Files (x86)\Brackets\command;C:\Program Files\Git\cmd;C:\Program Files (x86)\Common Files\Oracle\Java\javapath;C:\Program Files\Common Files\Oracle\Java\javapath;C:\WINDOWS\system32;C:\WINDOWS;C:\WINDOWS\System32\Wbem;C:\WINDOWS\System32\WindowsPowerShell\v1.0;C:\WINDOWS\System32\OpenSSH;C:\Program Files (x86)\Windows Live\Shared;C:\Program Files (x86)\Brackets\command;C:\Program Files\Git\cmd;C:\Users\57304\AppData\Local\Programs\Python\Python312\Scripts;C:\Users\57304\AppData\Local\Programs\Python\Python312;C:\Program Files\MySQL\MySQL Shell 8.0\bin;C:\Users\57304\AppData\Local\Programs\Python\Python311\Scripts;C:\Users\57304\AppData\Local\Programs\Python\Python311;C:\Users\57304\AppData\Local\Microsoft\WindowsApps;C:\Users\57304\AppData\Local\Programs\Microsoft VS Code\bin;C:\Users\57304\AppData\Local\GitHubDesktop\bin;C:\Users\57304\Downloads\sqlite-tools-win-x64-3490100;C:\Users\57304\Downloads\sqlite-tools-win-x64-3490100\sqlite3.exe;C:\Users\57304\Downloads\sqlite-tools-win-x64-3490100;C:\Users\57304\Downloads\sqlite-tools-win-x64-3490100;C:\ProgramData\chocolatey\bin;C:\Users\57304\Downloads\gettext0.25-iconv1.17-shared-64\bin;C:\Users\57304\Downloads\protoc-32.0-win64\bin;C:\Users\57304\Downloads\Gradle\gradle-9.0.0\bin;C:\Users\57304\Downloads\gradle.zip;C:\Users\57304\AppData\Roaming\npm;C:\Users\57304\AppData\Local\Microsoft\WinGet\Links;.;C:\Program Files\Kubernetes\Minikube;C:\Users\57304\go\bin
USERNAME=Juan
OS=Windows_NT
PROCESSOR_IDENTIFIER=Intel64 Family 6 Model 126 Stepping 5, GenuineIntel
TMP=C:\Users\57304\AppData\Local\Temp
TEMP=C:\Users\57304\AppData\Local\Temp




Periodic native trim disabled

---------------  S Y S T E M  ---------------

OS:
 Windows 11 , 64 bit Build 26100 (10.0.26100.7019)
OS uptime: 3 days 6:10 hours
Hyper-V role detected

CPU: total 4 (initial active 4) (2 cores per cpu, 2 threads per core) family 6 model 126 stepping 5 microcode 0x86, cx8, cmov, fxsr, ht, mmx, 3dnowpref, sse, sse2, sse3, ssse3, sse4.1, sse4.2, popcnt, lzcnt, tsc, tscinvbit, avx, avx2, aes, erms, clmul, bmi1, bmi2, adx, avx512f, avx512dq, avx512cd, avx512bw, avx512vl, sha, fma, vzeroupper, avx512_vpopcntdq, avx512_vpclmulqdq, avx512_vaes, avx512_vnni, clflush, clflushopt, avx512_vbmi2, avx512_vbmi, hv, rdtscp, rdpid, fsrm, gfni, avx512_bitalg, f16c, avx512_ifma
Processor Information for processor 0
  Max Mhz: 1190, Current Mhz: 1190, Mhz Limit: 1190
Processor Information for processor 1
  Max Mhz: 1190, Current Mhz: 1190, Mhz Limit: 1190
Processor Information for processor 2
  Max Mhz: 1190, Current Mhz: 991, Mhz Limit: 1190
Processor Information for processor 3
  Max Mhz: 1190, Current Mhz: 1190, Mhz Limit: 1190

Memory: 4k page, system-wide physical 7967M (532M free)
TotalPageFile size 25222M (AvailPageFile size 1M)
current process WorkingSet (physical memory assigned to process): 198M, peak: 200M
current process commit charge ("private bytes"): 313M, peak: 323M

vm_info: OpenJDK 64-Bit Server VM (21.0.8+9-LTS) for windows-amd64 JRE (21.0.8+9-LTS), built on 2025-07-15T00:00:00Z by "admin" with MS VC++ 17.7 (VS2022)

END.
