#
# There is insufficient memory for the Java Runtime Environment to continue.
# Native memory allocation (malloc) failed to allocate 273696 bytes. Error detail: Chunk::new
# Possible reasons:
#   The system is out of physical RAM or swap space
#   This process is running with CompressedOops enabled, and the Java Heap may be blocking the growth of the native heap
# Possible solutions:
#   Reduce memory load on the system
#   Increase physical memory or swap space
#   Check if swap backing store is full
#   Decrease Java heap size (-Xmx/-Xms)
#   Decrease number of Java threads
#   Decrease Java thread stack sizes (-Xss)
#   Set larger code cache with -XX:ReservedCodeCacheSize=
#   JVM is running with Unscaled Compressed Oops mode in which the Java heap is
#     placed in the first 4GB address space. The Java Heap base address is the
#     maximum limit for the native heap growth. Please use -XX:HeapBaseMinAddress
#     to set the Java Heap base and to place the Java Heap above 4GB virtual address.
# This output file may be truncated or incomplete.
#
#  Out of Memory Error (arena.cpp:168), pid=22472, tid=6052
#
# JRE version: OpenJDK Runtime Environment Temurin-21.0.8+9 (21.0.8+9) (build 21.0.8+9-LTS)
# Java VM: OpenJDK 64-Bit Server VM Temurin-21.0.8+9 (21.0.8+9-LTS, mixed mode, sharing, tiered, compressed oops, compressed class ptrs, parallel gc, windows-amd64)
# No core dump will be written. Minidumps are not enabled by default on client versions of Windows
#

---------------  S U M M A R Y ------------

Command Line: --add-modules=ALL-SYSTEM --add-opens=java.base/java.util=ALL-UNNAMED --add-opens=java.base/java.lang=ALL-UNNAMED --add-opens=java.base/sun.nio.fs=ALL-UNNAMED -Declipse.application=org.eclipse.jdt.ls.core.id1 -Dosgi.bundles.defaultStartLevel=4 -Declipse.product=org.eclipse.jdt.ls.core.product -Djava.import.generatesMetadataFilesAtProjectRoot=false -DDetectVMInstallationsJob.disabled=true -Dfile.encoding=utf8 -XX:+UseParallelGC -XX:GCTimeRatio=4 -XX:AdaptiveSizePolicyWeight=90 -Dsun.zip.disableMemoryMapping=true -Xmx2G -Xms100m -Xlog:disable -javaagent:c:\Users\57304\.vscode\extensions\redhat.java-1.47.0-win32-x64\lombok\lombok-1.18.39-4050.jar -XX:+HeapDumpOnOutOfMemoryError -XX:HeapDumpPath=c:\Users\57304\AppData\Roaming\Code\User\workspaceStorage\aadb29d905489eed051d213afbd2167c\redhat.java -Daether.dependencyCollector.impl=bf c:\Users\57304\.vscode\extensions\redhat.java-1.47.0-win32-x64\server\plugins\org.eclipse.equinox.launcher_1.7.100.v20251014-1222.jar -configuration c:\Users\57304\AppData\Roaming\Code\User\globalStorage\redhat.java\1.47.0\config_win -data c:\Users\57304\AppData\Roaming\Code\User\workspaceStorage\aadb29d905489eed051d213afbd2167c\redhat.java\jdt_ws --pipe=\\.\pipe\lsp-35e91751d4bbf0b9f2d8ea9893d9abd5-sock

Host: Intel(R) Core(TM) i3-1005G1 CPU @ 1.20GHz, 4 cores, 7G,  Windows 11 , 64 bit Build 26100 (10.0.26100.7019)
Time: Sun Nov  2 12:02:43 2025 Hora est. Pacífico, Sudamérica elapsed time: 54.934624 seconds (0d 0h 0m 54s)

---------------  T H R E A D  ---------------

Current thread (0x00000214eda91720):  JavaThread "C2 CompilerThread0" daemon [_thread_in_native, id=6052, stack(0x000000887c300000,0x000000887c400000) (1024K)]


Current CompileTask:
C2:54935 12092       4       org.apache.maven.model.io.xpp3.MavenXpp3ReaderEx::checkFieldWithDuplicate (75 bytes)

Stack: [0x000000887c300000,0x000000887c400000]
Native frames: (J=compiled Java code, j=interpreted, Vv=VM code, C=native code)
V  [jvm.dll+0x6d2449]
V  [jvm.dll+0x8ae341]
V  [jvm.dll+0x8b08be]
V  [jvm.dll+0x8b0fa3]
V  [jvm.dll+0x280c96]
V  [jvm.dll+0xc581d]
V  [jvm.dll+0xc5d53]
V  [jvm.dll+0x2f539d]
V  [jvm.dll+0x5fa00a]
V  [jvm.dll+0x252092]
V  [jvm.dll+0x24a56e]
V  [jvm.dll+0x2483a4]
V  [jvm.dll+0x1c89ee]
V  [jvm.dll+0x257d4d]
V  [jvm.dll+0x2562ea]
V  [jvm.dll+0x3f2d16]
V  [jvm.dll+0x857e6b]
V  [jvm.dll+0x6d0b0d]
C  [ucrtbase.dll+0x37b0]
C  [KERNEL32.DLL+0x2e8d7]
C  [ntdll.dll+0x8c53c]


---------------  P R O C E S S  ---------------

Threads class SMR info:
_java_thread_list=0x00000214f5f984e0, length=46, elements={
0x00000214d4ce0af0, 0x00000214eda65fc0, 0x00000214eda67bb0, 0x00000214eda6a1c0,
0x00000214eda8d090, 0x00000214eda8fea0, 0x00000214eda908f0, 0x00000214eda91720,
0x00000214edb0f650, 0x00000214ee709420, 0x00000214ee996760, 0x00000214f32885c0,
0x00000214f3276f30, 0x00000214f30140d0, 0x00000214ee92d730, 0x00000214f33b6f90,
0x00000214f37b9ef0, 0x00000214f3e6fe00, 0x00000214f3e6f0e0, 0x00000214f3e6f770,
0x00000214f49d9720, 0x00000214f49d9090, 0x00000214f49d7ce0, 0x00000214f49d9db0,
0x00000214f49d7650, 0x00000214f49d8370, 0x00000214f49da440, 0x00000214f49d6fc0,
0x00000214f49dd8c0, 0x00000214f49daad0, 0x00000214f49db160, 0x00000214f49ddf50,
0x00000214f49de5e0, 0x00000214f49db7f0, 0x00000214f49dd230, 0x00000214f49dcba0,
0x00000214f49dbe80, 0x00000214f49dc510, 0x00000214f5673450, 0x00000214f5674170,
0x00000214f5673ae0, 0x00000214f5674800, 0x00000214f5674e90, 0x00000214f56720a0,
0x00000214f5675bb0, 0x00000214f5672730
}

Java Threads: ( => current thread )
  0x00000214d4ce0af0 JavaThread "main"                              [_thread_blocked, id=12672, stack(0x000000887b900000,0x000000887ba00000) (1024K)]
  0x00000214eda65fc0 JavaThread "Reference Handler"          daemon [_thread_blocked, id=26340, stack(0x000000887bd00000,0x000000887be00000) (1024K)]
  0x00000214eda67bb0 JavaThread "Finalizer"                  daemon [_thread_blocked, id=14152, stack(0x000000887be00000,0x000000887bf00000) (1024K)]
  0x00000214eda6a1c0 JavaThread "Signal Dispatcher"          daemon [_thread_blocked, id=23292, stack(0x000000887bf00000,0x000000887c000000) (1024K)]
  0x00000214eda8d090 JavaThread "Attach Listener"            daemon [_thread_blocked, id=19872, stack(0x000000887c000000,0x000000887c100000) (1024K)]
  0x00000214eda8fea0 JavaThread "Service Thread"             daemon [_thread_blocked, id=20752, stack(0x000000887c100000,0x000000887c200000) (1024K)]
  0x00000214eda908f0 JavaThread "Monitor Deflation Thread"   daemon [_thread_blocked, id=20876, stack(0x000000887c200000,0x000000887c300000) (1024K)]
=>0x00000214eda91720 JavaThread "C2 CompilerThread0"         daemon [_thread_in_native, id=6052, stack(0x000000887c300000,0x000000887c400000) (1024K)]
  0x00000214edb0f650 JavaThread "C1 CompilerThread0"         daemon [_thread_blocked, id=19736, stack(0x000000887c400000,0x000000887c500000) (1024K)]
  0x00000214ee709420 JavaThread "Common-Cleaner"             daemon [_thread_blocked, id=8620, stack(0x000000887c500000,0x000000887c600000) (1024K)]
  0x00000214ee996760 JavaThread "Notification Thread"        daemon [_thread_blocked, id=20848, stack(0x000000887c600000,0x000000887c700000) (1024K)]
  0x00000214f32885c0 JavaThread "Active Thread: Equinox Container: 89347051-8191-4ceb-b9f1-5a423987a39f"        [_thread_blocked, id=25084, stack(0x000000887cb00000,0x000000887cc00000) (1024K)]
  0x00000214f3276f30 JavaThread "Refresh Thread: Equinox Container: 89347051-8191-4ceb-b9f1-5a423987a39f" daemon [_thread_blocked, id=22328, stack(0x000000887cc00000,0x000000887cd00000) (1024K)]
  0x00000214f30140d0 JavaThread "Framework Event Dispatcher: Equinox Container: 89347051-8191-4ceb-b9f1-5a423987a39f" daemon [_thread_blocked, id=20164, stack(0x000000887cd00000,0x000000887ce00000) (1024K)]
  0x00000214ee92d730 JavaThread "Start Level: Equinox Container: 89347051-8191-4ceb-b9f1-5a423987a39f" daemon [_thread_blocked, id=22176, stack(0x000000887ce00000,0x000000887cf00000) (1024K)]
  0x00000214f33b6f90 JavaThread "Bundle File Closer"         daemon [_thread_blocked, id=25408, stack(0x000000887cf00000,0x000000887d000000) (1024K)]
  0x00000214f37b9ef0 JavaThread "SCR Component Actor"        daemon [_thread_blocked, id=3008, stack(0x000000887ca00000,0x000000887cb00000) (1024K)]
  0x00000214f3e6fe00 JavaThread "Worker-JM"                         [_thread_blocked, id=1936, stack(0x000000887d100000,0x000000887d200000) (1024K)]
  0x00000214f3e6f0e0 JavaThread "JNA Cleaner"                daemon [_thread_blocked, id=22120, stack(0x000000887d200000,0x000000887d300000) (1024K)]
  0x00000214f3e6f770 JavaThread "Worker-0: Update project user-service"        [_thread_in_Java, id=20812, stack(0x000000887d300000,0x000000887d400000) (1024K)]
  0x00000214f49d9720 JavaThread "Worker-1"                          [_thread_blocked, id=2004, stack(0x000000887d400000,0x000000887d500000) (1024K)]
  0x00000214f49d9090 JavaThread "Worker-2"                          [_thread_blocked, id=7052, stack(0x000000887d500000,0x000000887d600000) (1024K)]
  0x00000214f49d7ce0 JavaThread "Worker-3"                          [_thread_blocked, id=14392, stack(0x000000887d000000,0x000000887d100000) (1024K)]
  0x00000214f49d9db0 JavaThread "Java indexing"              daemon [_thread_blocked, id=9208, stack(0x000000887d700000,0x000000887d800000) (1024K)]
  0x00000214f49d7650 JavaThread "Worker-4"                          [_thread_blocked, id=11284, stack(0x000000887d900000,0x000000887da00000) (1024K)]
  0x00000214f49d8370 JavaThread "Thread-1"                   daemon [_thread_in_native, id=15772, stack(0x000000887da00000,0x000000887db00000) (1024K)]
  0x00000214f49da440 JavaThread "Thread-2"                   daemon [_thread_in_native, id=8388, stack(0x000000887db00000,0x000000887dc00000) (1024K)]
  0x00000214f49d6fc0 JavaThread "Thread-3"                   daemon [_thread_in_native, id=16392, stack(0x000000887dc00000,0x000000887dd00000) (1024K)]
  0x00000214f49dd8c0 JavaThread "Thread-4"                   daemon [_thread_in_native, id=16148, stack(0x000000887dd00000,0x000000887de00000) (1024K)]
  0x00000214f49daad0 JavaThread "Thread-5"                   daemon [_thread_in_native, id=18844, stack(0x000000887de00000,0x000000887df00000) (1024K)]
  0x00000214f49db160 JavaThread "pool-2-thread-1"                   [_thread_blocked, id=25256, stack(0x000000887df00000,0x000000887e000000) (1024K)]
  0x00000214f49ddf50 JavaThread "WorkspaceEventsHandler"            [_thread_blocked, id=19440, stack(0x000000887e000000,0x000000887e100000) (1024K)]
  0x00000214f49de5e0 JavaThread "pool-1-thread-1"                   [_thread_blocked, id=24780, stack(0x000000887e100000,0x000000887e200000) (1024K)]
  0x00000214f49db7f0 JavaThread "Worker-5: Initialize workspace"        [_thread_blocked, id=12164, stack(0x000000887e200000,0x000000887e300000) (1024K)]
  0x00000214f49dd230 JavaThread "LocalFile Deleter"          daemon [_thread_blocked, id=4836, stack(0x000000887e400000,0x000000887e500000) (1024K)]
  0x00000214f49dcba0 JavaThread "LocalFile Deleter"          daemon [_thread_blocked, id=8416, stack(0x000000887e500000,0x000000887e600000) (1024K)]
  0x00000214f49dbe80 JavaThread "LocalFile Deleter"          daemon [_thread_blocked, id=24496, stack(0x000000887e600000,0x000000887e700000) (1024K)]
  0x00000214f49dc510 JavaThread "LocalFile Deleter"          daemon [_thread_blocked, id=25164, stack(0x000000887e700000,0x000000887e800000) (1024K)]
  0x00000214f5673450 JavaThread "Compiler Source File Reader" daemon [_thread_blocked, id=24260, stack(0x000000887e800000,0x000000887e900000) (1024K)]
  0x00000214f5674170 JavaThread "Compiler Source File Reader" daemon [_thread_blocked, id=16656, stack(0x000000887e900000,0x000000887ea00000) (1024K)]
  0x00000214f5673ae0 JavaThread "Compiler Processing Task"   daemon [_thread_blocked, id=23604, stack(0x000000887ea00000,0x000000887eb00000) (1024K)]
  0x00000214f5674800 JavaThread "Compiler Class File Writer" daemon [_thread_blocked, id=11704, stack(0x000000887eb00000,0x000000887ec00000) (1024K)]
  0x00000214f5674e90 JavaThread "Compiler Class File Writer" daemon [_thread_blocked, id=15828, stack(0x000000887ec00000,0x000000887ed00000) (1024K)]
  0x00000214f56720a0 JavaThread "ForkJoinPool.commonPool-worker-1" daemon [_thread_blocked, id=5380, stack(0x000000887ed00000,0x000000887ee00000) (1024K)]
  0x00000214f5675bb0 JavaThread "ForkJoinPool.commonPool-worker-2" daemon [_thread_blocked, id=20440, stack(0x000000887e300000,0x000000887e400000) (1024K)]
  0x00000214f5672730 JavaThread "ForkJoinPool.commonPool-worker-3" daemon [_thread_blocked, id=1448, stack(0x000000887ee00000,0x000000887ef00000) (1024K)]
Total: 46

Other Threads:
  0x00000214d712b080 VMThread "VM Thread"                           [id=13240, stack(0x000000887bc00000,0x000000887bd00000) (1024K)]
  0x00000214d70f5b10 WatcherThread "VM Periodic Task Thread"        [id=12068, stack(0x000000887bb00000,0x000000887bc00000) (1024K)]
  0x00000214d70a6a50 WorkerThread "GC Thread#0"                     [id=18512, stack(0x000000887ba00000,0x000000887bb00000) (1024K)]
  0x00000214f30b71f0 WorkerThread "GC Thread#1"                     [id=19404, stack(0x000000887c700000,0x000000887c800000) (1024K)]
  0x00000214f3417d80 WorkerThread "GC Thread#2"                     [id=14020, stack(0x000000887c800000,0x000000887c900000) (1024K)]
  0x00000214f3640650 WorkerThread "GC Thread#3"                     [id=1300, stack(0x000000887c900000,0x000000887ca00000) (1024K)]
Total: 6

Threads with active compile tasks:
C2 CompilerThread0  58771 12092       4       org.apache.maven.model.io.xpp3.MavenXpp3ReaderEx::checkFieldWithDuplicate (75 bytes)
Total: 1

VM state: not at safepoint (normal execution)

VM Mutex/Monitor currently owned by a thread: None

Heap address: 0x0000000080000000, size: 2048 MB, Compressed Oops mode: 32-bit

CDS archive(s) mapped at: [0x0000021480000000-0x0000021480ba0000-0x0000021480ba0000), size 12189696, SharedBaseAddress: 0x0000021480000000, ArchiveRelocationMode: 1.
Compressed class space mapped at: 0x0000021481000000-0x00000214c1000000, reserved size: 1073741824
Narrow klass base: 0x0000021480000000, Narrow klass shift: 0, Narrow klass range: 0x100000000

GC Precious Log:
 CardTable entry size: 512
 CPUs: 4 total, 4 available
 Memory: 7967M
 Large Page Support: Disabled
 NUMA Support: Disabled
 Compressed Oops: Enabled (32-bit)
 Alignments: Space 512K, Generation 512K, Heap 2M
 Heap Min Capacity: 100M
 Heap Initial Capacity: 100M
 Heap Max Capacity: 2G
 Pre-touch: Disabled
 Parallel Workers: 4

Heap:
 PSYoungGen      total 15360K, used 12501K [0x00000000d5580000, 0x00000000d6800000, 0x0000000100000000)
  eden space 14336K, 80% used [0x00000000d5580000,0x00000000d60b5968,0x00000000d6380000)
  from space 1024K, 99% used [0x00000000d6600000,0x00000000d66ffab8,0x00000000d6700000)
  to   space 512K, 0% used [0x00000000d6780000,0x00000000d6780000,0x00000000d6800000)
 ParOldGen       total 79872K, used 79702K [0x0000000080000000, 0x0000000084e00000, 0x00000000d5580000)
  object space 79872K, 99% used [0x0000000080000000,0x0000000084dd5860,0x0000000084e00000)
 Metaspace       used 63792K, committed 65280K, reserved 1114112K
  class space    used 6693K, committed 7296K, reserved 1048576K

Card table byte_map: [0x00000214d6a20000,0x00000214d6e30000] _byte_map_base: 0x00000214d6620000

Marking Bits: (ParMarkBitMap*) 0x00007ff9f91ba340
 Begin Bits: [0x00000214e9520000, 0x00000214eb520000)
 End Bits:   [0x00000214eb520000, 0x00000214ed520000)

Polling page: 0x00000214d4f00000

Metaspace:

Usage:
  Non-class:     55.76 MB used.
      Class:      6.54 MB used.
       Both:     62.30 MB used.

Virtual space:
  Non-class space:       64.00 MB reserved,      56.62 MB ( 88%) committed,  1 nodes.
      Class space:        1.00 GB reserved,       7.12 MB ( <1%) committed,  1 nodes.
             Both:        1.06 GB reserved,      63.75 MB (  6%) committed. 

Chunk freelists:
   Non-Class:  6.45 MB
       Class:  8.83 MB
        Both:  15.28 MB

MaxMetaspaceSize: unlimited
CompressedClassSpaceSize: 1.00 GB
Initial GC threshold: 21.00 MB
Current GC threshold: 97.31 MB
CDS: on
 - commit_granule_bytes: 65536.
 - commit_granule_words: 8192.
 - virtual_space_node_default_size: 8388608.
 - enlarge_chunks_in_place: 1.
 - use_allocation_guard: 0.


Internal statistics:

num_allocs_failed_limit: 9.
num_arena_births: 1216.
num_arena_deaths: 14.
num_vsnodes_births: 2.
num_vsnodes_deaths: 0.
num_space_committed: 1020.
num_space_uncommitted: 0.
num_chunks_returned_to_freelist: 23.
num_chunks_taken_from_freelist: 4309.
num_chunk_merges: 12.
num_chunk_splits: 2595.
num_chunks_enlarged: 1387.
num_inconsistent_stats: 0.

CodeHeap 'non-profiled nmethods': size=120000Kb used=8524Kb max_used=8524Kb free=111476Kb
 bounds [0x00000214e1d40000, 0x00000214e25a0000, 0x00000214e9270000]
CodeHeap 'profiled nmethods': size=120000Kb used=27306Kb max_used=27306Kb free=92693Kb
 bounds [0x00000214da270000, 0x00000214dbd20000, 0x00000214e17a0000]
CodeHeap 'non-nmethods': size=5760Kb used=1434Kb max_used=1503Kb free=4325Kb
 bounds [0x00000214e17a0000, 0x00000214e1a10000, 0x00000214e1d40000]
CodeCache: size=245760Kb, used=37264Kb, max_used=37333Kb, free=208494Kb
 total_blobs=12043, nmethods=11306, adapters=642, full_count=0
Compilation: enabled, stopped_count=0, restarted_count=0

Compilation events (20 events):
Event: 54.414 Thread 0x00000214edb0f650 nmethod 12082 0x00000214dbcf4190 code [0x00000214dbcf4360, 0x00000214dbcf49b0]
Event: 54.414 Thread 0x00000214edb0f650 12084       3       java.util.LinkedHashMap$LinkedHashIterator::remove (75 bytes)
Event: 54.415 Thread 0x00000214edb0f650 nmethod 12084 0x00000214dbcf4b90 code [0x00000214dbcf4d80, 0x00000214dbcf5150]
Event: 54.419 Thread 0x00000214edb0f650 12085       3       org.eclipse.sisu.inject.RankedSequence$Content::<init> (20 bytes)
Event: 54.419 Thread 0x00000214edb0f650 nmethod 12085 0x00000214dbcf5310 code [0x00000214dbcf54c0, 0x00000214dbcf5660]
Event: 54.419 Thread 0x00000214edb0f650 12087       3       org.eclipse.sisu.inject.RankedSequence::removeThis (44 bytes)
Event: 54.420 Thread 0x00000214edb0f650 nmethod 12087 0x00000214dbcf5710 code [0x00000214dbcf5900, 0x00000214dbcf5d28]
Event: 54.420 Thread 0x00000214edb0f650 12086       3       org.eclipse.sisu.inject.MildValues$ValueItr::next (27 bytes)
Event: 54.420 Thread 0x00000214edb0f650 nmethod 12086 0x00000214dbcf5f10 code [0x00000214dbcf60e0, 0x00000214dbcf6360]
Event: 54.424 Thread 0x00000214edb0f650 12088       3       org.eclipse.m2e.core.internal.embedder.LifecycleManagerDisposer$$Lambda/0x00000214816f5918::test (9 bytes)
Event: 54.425 Thread 0x00000214edb0f650 nmethod 12088 0x00000214dbcf6490 code [0x00000214dbcf6660, 0x00000214dbcf6bc8]
Event: 54.425 Thread 0x00000214edb0f650 12089       3       org.eclipse.m2e.core.internal.embedder.LifecycleManagerDisposer::lambda$0 (26 bytes)
Event: 54.425 Thread 0x00000214edb0f650 nmethod 12089 0x00000214dbcf6d90 code [0x00000214dbcf6f60, 0x00000214dbcf7440]
Event: 54.426 Thread 0x00000214edb0f650 12090       1       org.eclipse.core.internal.resources.Rules::buildRule (5 bytes)
Event: 54.426 Thread 0x00000214edb0f650 nmethod 12090 0x00000214e2578010 code [0x00000214e25781a0, 0x00000214e2578268]
Event: 54.427 Thread 0x00000214edb0f650 12091       1       org.eclipse.aether.artifact.DefaultArtifactType::getId (5 bytes)
Event: 54.427 Thread 0x00000214edb0f650 nmethod 12091 0x00000214e2578310 code [0x00000214e25784a0, 0x00000214e2578568]
Event: 54.430 Thread 0x00000214eda91720 12092       4       org.apache.maven.model.io.xpp3.MavenXpp3ReaderEx::checkFieldWithDuplicate (75 bytes)
Event: 54.431 Thread 0x00000214edb0f650 12093       3       org.codehaus.plexus.util.xml.pull.MXParser::printable (114 bytes)
Event: 54.432 Thread 0x00000214edb0f650 nmethod 12093 0x00000214dbcf7590 code [0x00000214dbcf7840, 0x00000214dbcf83a0]

GC Heap History (20 events):
Event: 43.301 GC heap before
{Heap before GC invocations=63 (full 3):
 PSYoungGen      total 15360K, used 15357K [0x00000000d5580000, 0x00000000d6780000, 0x0000000100000000)
  eden space 14336K, 100% used [0x00000000d5580000,0x00000000d6380000,0x00000000d6380000)
  from space 1024K, 99% used [0x00000000d6380000,0x00000000d647f4e8,0x00000000d6480000)
  to   space 2048K, 0% used [0x00000000d6580000,0x00000000d6580000,0x00000000d6780000)
 ParOldGen       total 68608K, used 65043K [0x0000000080000000, 0x0000000084300000, 0x00000000d5580000)
  object space 68608K, 94% used [0x0000000080000000,0x0000000083f84fa8,0x0000000084300000)
 Metaspace       used 61262K, committed 62720K, reserved 1114112K
  class space    used 6465K, committed 7104K, reserved 1048576K
}
Event: 43.303 GC heap after
{Heap after GC invocations=63 (full 3):
 PSYoungGen      total 14848K, used 448K [0x00000000d5580000, 0x00000000d6600000, 0x0000000100000000)
  eden space 14336K, 0% used [0x00000000d5580000,0x00000000d5580000,0x00000000d6380000)
  from space 512K, 87% used [0x00000000d6580000,0x00000000d65f0000,0x00000000d6600000)
  to   space 1024K, 0% used [0x00000000d6400000,0x00000000d6400000,0x00000000d6500000)
 ParOldGen       total 68608K, used 65894K [0x0000000080000000, 0x0000000084300000, 0x00000000d5580000)
  object space 68608K, 96% used [0x0000000080000000,0x0000000084059b70,0x0000000084300000)
 Metaspace       used 61262K, committed 62720K, reserved 1114112K
  class space    used 6465K, committed 7104K, reserved 1048576K
}
Event: 43.403 GC heap before
{Heap before GC invocations=64 (full 3):
 PSYoungGen      total 14848K, used 14784K [0x00000000d5580000, 0x00000000d6600000, 0x0000000100000000)
  eden space 14336K, 100% used [0x00000000d5580000,0x00000000d6380000,0x00000000d6380000)
  from space 512K, 87% used [0x00000000d6580000,0x00000000d65f0000,0x00000000d6600000)
  to   space 1024K, 0% used [0x00000000d6400000,0x00000000d6400000,0x00000000d6500000)
 ParOldGen       total 68608K, used 65894K [0x0000000080000000, 0x0000000084300000, 0x00000000d5580000)
  object space 68608K, 96% used [0x0000000080000000,0x0000000084059b70,0x0000000084300000)
 Metaspace       used 61626K, committed 63168K, reserved 1114112K
  class space    used 6498K, committed 7168K, reserved 1048576K
}
Event: 43.405 GC heap after
{Heap after GC invocations=64 (full 3):
 PSYoungGen      total 15360K, used 956K [0x00000000d5580000, 0x00000000d6680000, 0x0000000100000000)
  eden space 14336K, 0% used [0x00000000d5580000,0x00000000d5580000,0x00000000d6380000)
  from space 1024K, 93% used [0x00000000d6400000,0x00000000d64ef118,0x00000000d6500000)
  to   space 1536K, 0% used [0x00000000d6500000,0x00000000d6500000,0x00000000d6680000)
 ParOldGen       total 68608K, used 66244K [0x0000000080000000, 0x0000000084300000, 0x00000000d5580000)
  object space 68608K, 96% used [0x0000000080000000,0x00000000840b1298,0x0000000084300000)
 Metaspace       used 61626K, committed 63168K, reserved 1114112K
  class space    used 6498K, committed 7168K, reserved 1048576K
}
Event: 43.628 GC heap before
{Heap before GC invocations=65 (full 3):
 PSYoungGen      total 15360K, used 15292K [0x00000000d5580000, 0x00000000d6680000, 0x0000000100000000)
  eden space 14336K, 99% used [0x00000000d5580000,0x00000000d637ffa0,0x00000000d6380000)
  from space 1024K, 93% used [0x00000000d6400000,0x00000000d64ef118,0x00000000d6500000)
  to   space 1536K, 0% used [0x00000000d6500000,0x00000000d6500000,0x00000000d6680000)
 ParOldGen       total 68608K, used 66244K [0x0000000080000000, 0x0000000084300000, 0x00000000d5580000)
  object space 68608K, 96% used [0x0000000080000000,0x00000000840b1298,0x0000000084300000)
 Metaspace       used 61993K, committed 63488K, reserved 1114112K
  class space    used 6544K, committed 7168K, reserved 1048576K
}
Event: 43.633 GC heap after
{Heap after GC invocations=65 (full 3):
 PSYoungGen      total 15872K, used 1396K [0x00000000d5580000, 0x00000000d6680000, 0x0000000100000000)
  eden space 14336K, 0% used [0x00000000d5580000,0x00000000d5580000,0x00000000d6380000)
  from space 1536K, 90% used [0x00000000d6500000,0x00000000d665d1d0,0x00000000d6680000)
  to   space 1536K, 0% used [0x00000000d6380000,0x00000000d6380000,0x00000000d6500000)
 ParOldGen       total 68608K, used 67085K [0x0000000080000000, 0x0000000084300000, 0x00000000d5580000)
  object space 68608K, 97% used [0x0000000080000000,0x0000000084183678,0x0000000084300000)
 Metaspace       used 61993K, committed 63488K, reserved 1114112K
  class space    used 6544K, committed 7168K, reserved 1048576K
}
Event: 44.077 GC heap before
{Heap before GC invocations=66 (full 3):
 PSYoungGen      total 15872K, used 15732K [0x00000000d5580000, 0x00000000d6680000, 0x0000000100000000)
  eden space 14336K, 99% used [0x00000000d5580000,0x00000000d637ffe8,0x00000000d6380000)
  from space 1536K, 90% used [0x00000000d6500000,0x00000000d665d1d0,0x00000000d6680000)
  to   space 1536K, 0% used [0x00000000d6380000,0x00000000d6380000,0x00000000d6500000)
 ParOldGen       total 68608K, used 67085K [0x0000000080000000, 0x0000000084300000, 0x00000000d5580000)
  object space 68608K, 97% used [0x0000000080000000,0x0000000084183678,0x0000000084300000)
 Metaspace       used 62605K, committed 64128K, reserved 1114112K
  class space    used 6591K, committed 7232K, reserved 1048576K
}
Event: 44.086 GC heap after
{Heap after GC invocations=66 (full 3):
 PSYoungGen      total 15872K, used 1520K [0x00000000d5580000, 0x00000000d6b80000, 0x0000000100000000)
  eden space 14336K, 0% used [0x00000000d5580000,0x00000000d5580000,0x00000000d6380000)
  from space 1536K, 98% used [0x00000000d6380000,0x00000000d64fc010,0x00000000d6500000)
  to   space 4096K, 0% used [0x00000000d6780000,0x00000000d6780000,0x00000000d6b80000)
 ParOldGen       total 69120K, used 68842K [0x0000000080000000, 0x0000000084380000, 0x00000000d5580000)
  object space 69120K, 99% used [0x0000000080000000,0x000000008433abd8,0x0000000084380000)
 Metaspace       used 62605K, committed 64128K, reserved 1114112K
  class space    used 6591K, committed 7232K, reserved 1048576K
}
Event: 45.415 GC heap before
{Heap before GC invocations=67 (full 3):
 PSYoungGen      total 15872K, used 15856K [0x00000000d5580000, 0x00000000d6b80000, 0x0000000100000000)
  eden space 14336K, 100% used [0x00000000d5580000,0x00000000d6380000,0x00000000d6380000)
  from space 1536K, 98% used [0x00000000d6380000,0x00000000d64fc010,0x00000000d6500000)
  to   space 4096K, 0% used [0x00000000d6780000,0x00000000d6780000,0x00000000d6b80000)
 ParOldGen       total 69120K, used 68842K [0x0000000080000000, 0x0000000084380000, 0x00000000d5580000)
  object space 69120K, 99% used [0x0000000080000000,0x000000008433abd8,0x0000000084380000)
 Metaspace       used 62712K, committed 64192K, reserved 1114112K
  class space    used 6591K, committed 7232K, reserved 1048576K
}
Event: 45.418 GC heap after
{Heap after GC invocations=67 (full 3):
 PSYoungGen      total 15360K, used 640K [0x00000000d5580000, 0x00000000d6880000, 0x0000000100000000)
  eden space 14336K, 0% used [0x00000000d5580000,0x00000000d5580000,0x00000000d6380000)
  from space 1024K, 62% used [0x00000000d6780000,0x00000000d6820000,0x00000000d6880000)
  to   space 2048K, 0% used [0x00000000d6480000,0x00000000d6480000,0x00000000d6680000)
 ParOldGen       total 70656K, used 70357K [0x0000000080000000, 0x0000000084500000, 0x00000000d5580000)
  object space 70656K, 99% used [0x0000000080000000,0x00000000844b56b0,0x0000000084500000)
 Metaspace       used 62712K, committed 64192K, reserved 1114112K
  class space    used 6591K, committed 7232K, reserved 1048576K
}
Event: 46.473 GC heap before
{Heap before GC invocations=68 (full 3):
 PSYoungGen      total 15360K, used 14976K [0x00000000d5580000, 0x00000000d6880000, 0x0000000100000000)
  eden space 14336K, 100% used [0x00000000d5580000,0x00000000d6380000,0x00000000d6380000)
  from space 1024K, 62% used [0x00000000d6780000,0x00000000d6820000,0x00000000d6880000)
  to   space 2048K, 0% used [0x00000000d6480000,0x00000000d6480000,0x00000000d6680000)
 ParOldGen       total 70656K, used 70357K [0x0000000080000000, 0x0000000084500000, 0x00000000d5580000)
  object space 70656K, 99% used [0x0000000080000000,0x00000000844b56b0,0x0000000084500000)
 Metaspace       used 62714K, committed 64192K, reserved 1114112K
  class space    used 6591K, committed 7232K, reserved 1048576K
}
Event: 46.474 GC heap after
{Heap after GC invocations=68 (full 3):
 PSYoungGen      total 16384K, used 96K [0x00000000d5580000, 0x00000000d6800000, 0x0000000100000000)
  eden space 14336K, 0% used [0x00000000d5580000,0x00000000d5580000,0x00000000d6380000)
  from space 2048K, 4% used [0x00000000d6480000,0x00000000d6498000,0x00000000d6680000)
  to   space 512K, 0% used [0x00000000d6780000,0x00000000d6780000,0x00000000d6800000)
 ParOldGen       total 71168K, used 70966K [0x0000000080000000, 0x0000000084580000, 0x00000000d5580000)
  object space 71168K, 99% used [0x0000000080000000,0x000000008454d9c0,0x0000000084580000)
 Metaspace       used 62714K, committed 64192K, reserved 1114112K
  class space    used 6591K, committed 7232K, reserved 1048576K
}
Event: 47.712 GC heap before
{Heap before GC invocations=69 (full 3):
 PSYoungGen      total 16384K, used 14432K [0x00000000d5580000, 0x00000000d6800000, 0x0000000100000000)
  eden space 14336K, 100% used [0x00000000d5580000,0x00000000d6380000,0x00000000d6380000)
  from space 2048K, 4% used [0x00000000d6480000,0x00000000d6498000,0x00000000d6680000)
  to   space 512K, 0% used [0x00000000d6780000,0x00000000d6780000,0x00000000d6800000)
 ParOldGen       total 71168K, used 70966K [0x0000000080000000, 0x0000000084580000, 0x00000000d5580000)
  object space 71168K, 99% used [0x0000000080000000,0x000000008454d9c0,0x0000000084580000)
 Metaspace       used 62715K, committed 64192K, reserved 1114112K
  class space    used 6591K, committed 7232K, reserved 1048576K
}
Event: 47.713 GC heap after
{Heap after GC invocations=69 (full 3):
 PSYoungGen      total 14848K, used 128K [0x00000000d5580000, 0x00000000d6800000, 0x0000000100000000)
  eden space 14336K, 0% used [0x00000000d5580000,0x00000000d5580000,0x00000000d6380000)
  from space 512K, 25% used [0x00000000d6780000,0x00000000d67a0000,0x00000000d6800000)
  to   space 512K, 0% used [0x00000000d6700000,0x00000000d6700000,0x00000000d6780000)
 ParOldGen       total 71168K, used 70982K [0x0000000080000000, 0x0000000084580000, 0x00000000d5580000)
  object space 71168K, 99% used [0x0000000080000000,0x00000000845519c0,0x0000000084580000)
 Metaspace       used 62715K, committed 64192K, reserved 1114112K
  class space    used 6591K, committed 7232K, reserved 1048576K
}
Event: 49.040 GC heap before
{Heap before GC invocations=70 (full 3):
 PSYoungGen      total 14848K, used 14464K [0x00000000d5580000, 0x00000000d6800000, 0x0000000100000000)
  eden space 14336K, 100% used [0x00000000d5580000,0x00000000d6380000,0x00000000d6380000)
  from space 512K, 25% used [0x00000000d6780000,0x00000000d67a0000,0x00000000d6800000)
  to   space 512K, 0% used [0x00000000d6700000,0x00000000d6700000,0x00000000d6780000)
 ParOldGen       total 71168K, used 70982K [0x0000000080000000, 0x0000000084580000, 0x00000000d5580000)
  object space 71168K, 99% used [0x0000000080000000,0x00000000845519c0,0x0000000084580000)
 Metaspace       used 62748K, committed 64256K, reserved 1114112K
  class space    used 6596K, committed 7232K, reserved 1048576K
}
Event: 49.042 GC heap after
{Heap after GC invocations=70 (full 3):
 PSYoungGen      total 14848K, used 128K [0x00000000d5580000, 0x00000000d6800000, 0x0000000100000000)
  eden space 14336K, 0% used [0x00000000d5580000,0x00000000d5580000,0x00000000d6380000)
  from space 512K, 25% used [0x00000000d6700000,0x00000000d6720000,0x00000000d6780000)
  to   space 512K, 0% used [0x00000000d6780000,0x00000000d6780000,0x00000000d6800000)
 ParOldGen       total 71168K, used 70998K [0x0000000080000000, 0x0000000084580000, 0x00000000d5580000)
  object space 71168K, 99% used [0x0000000080000000,0x00000000845559c0,0x0000000084580000)
 Metaspace       used 62748K, committed 64256K, reserved 1114112K
  class space    used 6596K, committed 7232K, reserved 1048576K
}
Event: 50.481 GC heap before
{Heap before GC invocations=71 (full 3):
 PSYoungGen      total 14848K, used 14464K [0x00000000d5580000, 0x00000000d6800000, 0x0000000100000000)
  eden space 14336K, 100% used [0x00000000d5580000,0x00000000d6380000,0x00000000d6380000)
  from space 512K, 25% used [0x00000000d6700000,0x00000000d6720000,0x00000000d6780000)
  to   space 512K, 0% used [0x00000000d6780000,0x00000000d6780000,0x00000000d6800000)
 ParOldGen       total 71168K, used 70998K [0x0000000080000000, 0x0000000084580000, 0x00000000d5580000)
  object space 71168K, 99% used [0x0000000080000000,0x00000000845559c0,0x0000000084580000)
 Metaspace       used 63293K, committed 64896K, reserved 1114112K
  class space    used 6656K, committed 7296K, reserved 1048576K
}
Event: 50.483 GC heap after
{Heap after GC invocations=71 (full 3):
 PSYoungGen      total 14848K, used 504K [0x00000000d5580000, 0x00000000d6800000, 0x0000000100000000)
  eden space 14336K, 0% used [0x00000000d5580000,0x00000000d5580000,0x00000000d6380000)
  from space 512K, 98% used [0x00000000d6780000,0x00000000d67fe1a8,0x00000000d6800000)
  to   space 1024K, 0% used [0x00000000d6600000,0x00000000d6600000,0x00000000d6700000)
 ParOldGen       total 71680K, used 71360K [0x0000000080000000, 0x0000000084600000, 0x00000000d5580000)
  object space 71680K, 99% used [0x0000000080000000,0x00000000845b00b0,0x0000000084600000)
 Metaspace       used 63293K, committed 64896K, reserved 1114112K
  class space    used 6656K, committed 7296K, reserved 1048576K
}
Event: 52.900 GC heap before
{Heap before GC invocations=72 (full 3):
 PSYoungGen      total 14848K, used 14804K [0x00000000d5580000, 0x00000000d6800000, 0x0000000100000000)
  eden space 14336K, 99% used [0x00000000d5580000,0x00000000d6377128,0x00000000d6380000)
  from space 512K, 98% used [0x00000000d6780000,0x00000000d67fe1a8,0x00000000d6800000)
  to   space 1024K, 0% used [0x00000000d6600000,0x00000000d6600000,0x00000000d6700000)
 ParOldGen       total 71680K, used 71360K [0x0000000080000000, 0x0000000084600000, 0x00000000d5580000)
  object space 71680K, 99% used [0x0000000080000000,0x00000000845b00b0,0x0000000084600000)
 Metaspace       used 63601K, committed 65152K, reserved 1114112K
  class space    used 6676K, committed 7296K, reserved 1048576K
}
Event: 52.929 GC heap after
{Heap after GC invocations=72 (full 3):
 PSYoungGen      total 15360K, used 1022K [0x00000000d5580000, 0x00000000d6800000, 0x0000000100000000)
  eden space 14336K, 0% used [0x00000000d5580000,0x00000000d5580000,0x00000000d6380000)
  from space 1024K, 99% used [0x00000000d6600000,0x00000000d66ffab8,0x00000000d6700000)
  to   space 512K, 0% used [0x00000000d6780000,0x00000000d6780000,0x00000000d6800000)
 ParOldGen       total 79872K, used 79702K [0x0000000080000000, 0x0000000084e00000, 0x00000000d5580000)
  object space 79872K, 99% used [0x0000000080000000,0x0000000084dd5860,0x0000000084e00000)
 Metaspace       used 63601K, committed 65152K, reserved 1114112K
  class space    used 6676K, committed 7296K, reserved 1048576K
}

Dll operation events (10 events):
Event: 0.043 Loaded shared library c:\Users\57304\.vscode\extensions\redhat.java-1.47.0-win32-x64\jre\21.0.8-win32-x86_64\bin\java.dll
Event: 0.223 Loaded shared library c:\Users\57304\.vscode\extensions\redhat.java-1.47.0-win32-x64\jre\21.0.8-win32-x86_64\bin\zip.dll
Event: 0.253 Loaded shared library C:\Users\57304\.vscode\extensions\redhat.java-1.47.0-win32-x64\jre\21.0.8-win32-x86_64\bin\instrument.dll
Event: 0.260 Loaded shared library C:\Users\57304\.vscode\extensions\redhat.java-1.47.0-win32-x64\jre\21.0.8-win32-x86_64\bin\net.dll
Event: 0.263 Loaded shared library C:\Users\57304\.vscode\extensions\redhat.java-1.47.0-win32-x64\jre\21.0.8-win32-x86_64\bin\nio.dll
Event: 0.267 Loaded shared library C:\Users\57304\.vscode\extensions\redhat.java-1.47.0-win32-x64\jre\21.0.8-win32-x86_64\bin\zip.dll
Event: 0.286 Loaded shared library C:\Users\57304\.vscode\extensions\redhat.java-1.47.0-win32-x64\jre\21.0.8-win32-x86_64\bin\jimage.dll
Event: 0.431 Loaded shared library c:\Users\57304\.vscode\extensions\redhat.java-1.47.0-win32-x64\jre\21.0.8-win32-x86_64\bin\verify.dll
Event: 6.342 Loaded shared library C:\Users\57304\AppData\Roaming\Code\User\globalStorage\redhat.java\1.47.0\config_win\org.eclipse.equinox.launcher\org.eclipse.equinox.launcher.win32.win32.x86_64_1.2.1400.v20250801-0854\eclipse_11916.dll
Event: 9.712 Loaded shared library C:\Users\57304\AppData\Local\Temp\jna-2320088\jna11034994797510985755.dll

Deoptimization events (20 events):
Event: 50.163 Thread 0x00000214f49d7ce0 DEOPT PACKING pc=0x00000214e246f548 sp=0x000000887d0ff2d0
Event: 50.163 Thread 0x00000214f49d7ce0 DEOPT UNPACKING pc=0x00000214e17f6da2 sp=0x000000887d0ff208 mode 2
Event: 50.453 Thread 0x00000214f56720a0 Uncommon trap: trap_request=0xffffff45 fr.pc=0x00000214e253aba8 relative=0x0000000000000088
Event: 50.453 Thread 0x00000214f56720a0 Uncommon trap: reason=unstable_if action=reinterpret pc=0x00000214e253aba8 method=org.eclipse.jdt.ls.core.internal.CancellableProgressMonitor.isCanceled()Z @ 13 c2
Event: 50.453 Thread 0x00000214f56720a0 DEOPT PACKING pc=0x00000214e253aba8 sp=0x000000887edff0d0
Event: 50.453 Thread 0x00000214f56720a0 DEOPT UNPACKING pc=0x00000214e17f6da2 sp=0x000000887edff068 mode 2
Event: 50.520 Thread 0x00000214f5672730 Uncommon trap: trap_request=0xffffff45 fr.pc=0x00000214e2553b08 relative=0x0000000000000c48
Event: 50.520 Thread 0x00000214f5672730 Uncommon trap: reason=unstable_if action=reinterpret pc=0x00000214e2553b08 method=org.eclipse.jdt.internal.core.index.DiskIndex.readStreamChars(Ljava/io/InputStream;)[C @ 199 c2
Event: 50.520 Thread 0x00000214f5672730 DEOPT PACKING pc=0x00000214e2553b08 sp=0x000000887eefed30
Event: 50.520 Thread 0x00000214f5672730 DEOPT UNPACKING pc=0x00000214e17f6da2 sp=0x000000887eefeca8 mode 2
Event: 51.774 Thread 0x00000214f49d9090 Uncommon trap: trap_request=0xffffff45 fr.pc=0x00000214e24d1634 relative=0x0000000000005e14
Event: 51.774 Thread 0x00000214f49d9090 Uncommon trap: reason=unstable_if action=reinterpret pc=0x00000214e24d1634 method=org.eclipse.jdt.internal.compiler.parser.Parser.consumeRule(I)V @ 1 c2
Event: 51.774 Thread 0x00000214f49d9090 DEOPT PACKING pc=0x00000214e24d1634 sp=0x000000887d5fe750
Event: 51.774 Thread 0x00000214f49d9090 DEOPT UNPACKING pc=0x00000214e17f6da2 sp=0x000000887d5fe6f0 mode 2
Event: 53.846 Thread 0x00000214f49d9090 Uncommon trap: trap_request=0xffffff45 fr.pc=0x00000214e256b8c8 relative=0x00000000000013a8
Event: 53.846 Thread 0x00000214f49d9090 Uncommon trap: reason=unstable_if action=reinterpret pc=0x00000214e256b8c8 method=org.eclipse.jdt.internal.compiler.parser.Parser.consumeToken(Lorg/eclipse/jdt/internal/compiler/parser/TerminalToken;)V @ 8 c2
Event: 53.846 Thread 0x00000214f49d9090 DEOPT PACKING pc=0x00000214e256b8c8 sp=0x000000887d5fe730
Event: 53.846 Thread 0x00000214f49d9090 DEOPT UNPACKING pc=0x00000214e17f6da2 sp=0x000000887d5fe6d8 mode 2
Event: 54.055 Thread 0x00000214f49d9090 DEOPT PACKING pc=0x00000214db211d41 sp=0x000000887d5fd5e0
Event: 54.055 Thread 0x00000214f49d9090 DEOPT UNPACKING pc=0x00000214e17f78e2 sp=0x000000887d5fcac0 mode 0

Classes loaded (20 events):
Event: 43.801 Loading class java/nio/file/PathMatcher done
Event: 43.801 Loading class sun/nio/fs/WindowsFileSystem$2 done
Event: 50.164 Loading class java/util/ArrayDeque$DeqSpliterator
Event: 50.169 Loading class java/util/Collections$SynchronizedRandomAccessList
Event: 50.170 Loading class java/util/Collections$SynchronizedList
Event: 50.170 Loading class java/util/Collections$SynchronizedList done
Event: 50.170 Loading class java/util/Collections$SynchronizedRandomAccessList done
Event: 50.176 Loading class java/util/ArrayDeque$DeqSpliterator done
Event: 50.262 Loading class java/util/concurrent/CompletableFuture$Signaller
Event: 50.263 Loading class java/util/concurrent/CompletableFuture$Signaller done
Event: 50.433 Loading class java/util/concurrent/CompletableFuture$UniApply
Event: 50.433 Loading class java/util/concurrent/CompletableFuture$UniCompletion
Event: 50.433 Loading class java/util/concurrent/CompletableFuture$UniCompletion done
Event: 50.433 Loading class java/util/concurrent/CompletableFuture$UniApply done
Event: 50.447 Loading class java/util/concurrent/CompletableFuture$UniAccept
Event: 50.447 Loading class java/util/concurrent/CompletableFuture$UniAccept done
Event: 50.447 Loading class java/util/concurrent/CompletableFuture$UniExceptionally
Event: 50.448 Loading class java/util/concurrent/CompletableFuture$UniExceptionally done
Event: 51.567 Loading class java/util/Hashtable$KeySet
Event: 51.577 Loading class java/util/Hashtable$KeySet done

Classes unloaded (7 events):
Event: 11.668 Thread 0x00000214d712b080 Unloading class 0x00000214811aec00 'java/lang/invoke/LambdaForm$MH+0x00000214811aec00'
Event: 11.668 Thread 0x00000214d712b080 Unloading class 0x00000214811ae800 'java/lang/invoke/LambdaForm$MH+0x00000214811ae800'
Event: 11.668 Thread 0x00000214d712b080 Unloading class 0x00000214811ae400 'java/lang/invoke/LambdaForm$MH+0x00000214811ae400'
Event: 11.668 Thread 0x00000214d712b080 Unloading class 0x00000214811ae000 'java/lang/invoke/LambdaForm$MH+0x00000214811ae000'
Event: 11.668 Thread 0x00000214d712b080 Unloading class 0x00000214811adc00 'java/lang/invoke/LambdaForm$BMH+0x00000214811adc00'
Event: 11.668 Thread 0x00000214d712b080 Unloading class 0x00000214811ad800 'java/lang/invoke/LambdaForm$DMH+0x00000214811ad800'
Event: 11.668 Thread 0x00000214d712b080 Unloading class 0x00000214811ac400 'java/lang/invoke/LambdaForm$DMH+0x00000214811ac400'

Classes redefined (0 events):
No events

Internal exceptions (20 events):
Event: 49.926 Thread 0x00000214f49de5e0 Exception <a 'sun/nio/fs/WindowsException'{0x00000000d5e06a18}> (0x00000000d5e06a18) 
thrown [s\src\hotspot\share\prims\jni.cpp, line 520]
Event: 49.927 Thread 0x00000214f49de5e0 Exception <a 'sun/nio/fs/WindowsException'{0x00000000d5e0a298}> (0x00000000d5e0a298) 
thrown [s\src\hotspot\share\prims\jni.cpp, line 520]
Event: 49.928 Thread 0x00000214f49de5e0 Exception <a 'sun/nio/fs/WindowsException'{0x00000000d5e0b848}> (0x00000000d5e0b848) 
thrown [s\src\hotspot\share\prims\jni.cpp, line 520]
Event: 49.933 Thread 0x00000214f49de5e0 Exception <a 'sun/nio/fs/WindowsException'{0x00000000d5e0c1a0}> (0x00000000d5e0c1a0) 
thrown [s\src\hotspot\share\prims\jni.cpp, line 520]
Event: 49.934 Thread 0x00000214f49de5e0 Exception <a 'sun/nio/fs/WindowsException'{0x00000000d5e0ec78}> (0x00000000d5e0ec78) 
thrown [s\src\hotspot\share\prims\jni.cpp, line 520]
Event: 49.934 Thread 0x00000214f49de5e0 Exception <a 'sun/nio/fs/WindowsException'{0x00000000d5e0f5d0}> (0x00000000d5e0f5d0) 
thrown [s\src\hotspot\share\prims\jni.cpp, line 520]
Event: 50.419 Thread 0x00000214f49de5e0 Exception <a 'java/lang/IncompatibleClassChangeError'{0x00000000d6225f00}: Found class java.lang.Object, but interface was expected> (0x00000000d6225f00) 
thrown [s\src\hotspot\share\interpreter\linkResolver.cpp, line 840]
Event: 51.529 Thread 0x00000214f49d9090 Exception <a 'sun/nio/fs/WindowsException'{0x00000000d610e670}> (0x00000000d610e670) 
thrown [s\src\hotspot\share\prims\jni.cpp, line 520]
Event: 51.533 Thread 0x00000214f49dd230 Exception <a 'sun/nio/fs/WindowsException'{0x00000000d611a738}> (0x00000000d611a738) 
thrown [s\src\hotspot\share\prims\jni.cpp, line 520]
Event: 51.534 Thread 0x00000214f49dd230 Exception <a 'sun/nio/fs/WindowsException'{0x00000000d611bb10}> (0x00000000d611bb10) 
thrown [s\src\hotspot\share\prims\jni.cpp, line 520]
Event: 51.536 Thread 0x00000214f49dd230 Exception <a 'sun/nio/fs/WindowsException'{0x00000000d611eac0}> (0x00000000d611eac0) 
thrown [s\src\hotspot\share\prims\jni.cpp, line 520]
Event: 51.536 Thread 0x00000214f49dcba0 Exception <a 'sun/nio/fs/WindowsException'{0x00000000d6122840}> (0x00000000d6122840) 
thrown [s\src\hotspot\share\prims\jni.cpp, line 520]
Event: 51.537 Thread 0x00000214f49dc510 Exception <a 'sun/nio/fs/WindowsException'{0x00000000d612a808}> (0x00000000d612a808) 
thrown [s\src\hotspot\share\prims\jni.cpp, line 520]
Event: 51.537 Thread 0x00000214f49dbe80 Exception <a 'sun/nio/fs/WindowsException'{0x00000000d6126820}> (0x00000000d6126820) 
thrown [s\src\hotspot\share\prims\jni.cpp, line 520]
Event: 51.541 Thread 0x00000214f49dcba0 Exception <a 'sun/nio/fs/WindowsException'{0x00000000d6124e90}> (0x00000000d6124e90) 
thrown [s\src\hotspot\share\prims\jni.cpp, line 520]
Event: 51.541 Thread 0x00000214f49dc510 Exception <a 'sun/nio/fs/WindowsException'{0x00000000d612c520}> (0x00000000d612c520) 
thrown [s\src\hotspot\share\prims\jni.cpp, line 520]
Event: 53.981 Thread 0x00000214f49d9090 Exception <a 'java/lang/NullPointerException'{0x00000000d57fa198}> (0x00000000d57fa198) 
thrown [s\src\hotspot\share\interpreter\linkResolver.cpp, line 1372]
Event: 53.981 Thread 0x00000214f49d9090 Exception <a 'java/lang/NullPointerException'{0x00000000d57fa838}> (0x00000000d57fa838) 
thrown [s\src\hotspot\share\interpreter\linkResolver.cpp, line 1372]
Event: 54.405 Thread 0x00000214f49d9090 Exception <a 'sun/nio/fs/WindowsException'{0x00000000d5977f60}> (0x00000000d5977f60) 
thrown [s\src\hotspot\share\prims\jni.cpp, line 520]
Event: 54.405 Thread 0x00000214f49d9090 Exception <a 'sun/nio/fs/WindowsException'{0x00000000d5978678}> (0x00000000d5978678) 
thrown [s\src\hotspot\share\prims\jni.cpp, line 520]

ZGC Phase Switch (0 events):
No events

VM Operations (20 events):
Event: 47.712 Executing VM operation: ParallelGCFailedAllocation (Allocation Failure)
Event: 47.713 Executing VM operation: ParallelGCFailedAllocation (Allocation Failure) done
Event: 48.653 Executing VM operation: HandshakeAllThreads (Deoptimize)
Event: 48.653 Executing VM operation: HandshakeAllThreads (Deoptimize) done
Event: 49.040 Executing VM operation: ParallelGCFailedAllocation (Allocation Failure)
Event: 49.042 Executing VM operation: ParallelGCFailedAllocation (Allocation Failure) done
Event: 50.050 Executing VM operation: Cleanup
Event: 50.050 Executing VM operation: Cleanup done
Event: 50.116 Executing VM operation: HandshakeAllThreads (Deoptimize)
Event: 50.127 Executing VM operation: HandshakeAllThreads (Deoptimize) done
Event: 50.136 Executing VM operation: HandshakeAllThreads (Deoptimize)
Event: 50.158 Executing VM operation: HandshakeAllThreads (Deoptimize) done
Event: 50.480 Executing VM operation: ParallelGCFailedAllocation (Allocation Failure)
Event: 50.483 Executing VM operation: ParallelGCFailedAllocation (Allocation Failure) done
Event: 51.494 Executing VM operation: Cleanup
Event: 51.494 Executing VM operation: Cleanup done
Event: 52.047 Executing VM operation: ParallelGCFailedAllocation (Allocation Failure)
Event: 52.929 Executing VM operation: ParallelGCFailedAllocation (Allocation Failure) done
Event: 53.930 Executing VM operation: Cleanup
Event: 53.946 Executing VM operation: Cleanup done

Memory protections (0 events):
No events

Nmethod flushes (20 events):
Event: 38.352 Thread 0x00000214d712b080 flushing  nmethod 0x00000214daba8c10
Event: 38.352 Thread 0x00000214d712b080 flushing  nmethod 0x00000214dabaee10
Event: 38.352 Thread 0x00000214d712b080 flushing  nmethod 0x00000214dabe0110
Event: 38.352 Thread 0x00000214d712b080 flushing  nmethod 0x00000214dabfaa90
Event: 38.352 Thread 0x00000214d712b080 flushing  nmethod 0x00000214dabfb090
Event: 38.352 Thread 0x00000214d712b080 flushing  nmethod 0x00000214dabfd810
Event: 38.352 Thread 0x00000214d712b080 flushing  nmethod 0x00000214dabfe490
Event: 38.352 Thread 0x00000214d712b080 flushing  nmethod 0x00000214dabfea10
Event: 38.352 Thread 0x00000214d712b080 flushing  nmethod 0x00000214dac07210
Event: 38.352 Thread 0x00000214d712b080 flushing  nmethod 0x00000214dac07b10
Event: 38.352 Thread 0x00000214d712b080 flushing  nmethod 0x00000214dac08c10
Event: 38.352 Thread 0x00000214d712b080 flushing  nmethod 0x00000214dac11f10
Event: 38.352 Thread 0x00000214d712b080 flushing  nmethod 0x00000214dac33390
Event: 38.352 Thread 0x00000214d712b080 flushing  nmethod 0x00000214dac50a10
Event: 38.352 Thread 0x00000214d712b080 flushing  nmethod 0x00000214dac51010
Event: 38.352 Thread 0x00000214d712b080 flushing  nmethod 0x00000214dac51890
Event: 38.352 Thread 0x00000214d712b080 flushing  nmethod 0x00000214dac56990
Event: 38.352 Thread 0x00000214d712b080 flushing  nmethod 0x00000214dac5ec90
Event: 38.352 Thread 0x00000214d712b080 flushing  nmethod 0x00000214dac62490
Event: 38.352 Thread 0x00000214d712b080 flushing  nmethod 0x00000214dac9f190

Events (20 events):
Event: 42.133 Thread 0x00000214f5675bb0 Thread exited: 0x00000214f5675bb0
Event: 42.134 Thread 0x00000214f56775f0 Thread exited: 0x00000214f56775f0
Event: 43.143 Thread 0x00000214f49db7f0 Thread added: 0x00000214f56720a0
Event: 43.143 Thread 0x00000214f49db7f0 Thread added: 0x00000214f5675bb0
Event: 43.144 Thread 0x00000214f49db7f0 Thread added: 0x00000214f5672730
Event: 43.144 Thread 0x00000214f49db7f0 Thread added: 0x00000214f5672dc0
Event: 43.144 Thread 0x00000214f49db7f0 Thread added: 0x00000214f56775f0
Event: 43.235 Thread 0x00000214f56775f0 Thread exited: 0x00000214f56775f0
Event: 43.236 Thread 0x00000214f5672730 Thread exited: 0x00000214f5672730
Event: 43.237 Thread 0x00000214f5675bb0 Thread exited: 0x00000214f5675bb0
Event: 43.237 Thread 0x00000214f5672dc0 Thread exited: 0x00000214f5672dc0
Event: 43.239 Thread 0x00000214f56720a0 Thread exited: 0x00000214f56720a0
Event: 43.510 Thread 0x00000214f49d9db0 Thread added: 0x00000214f56720a0
Event: 45.718 Thread 0x00000214f4134ec0 Thread exited: 0x00000214f4134ec0
Event: 49.936 Thread 0x00000214edb0f650 Thread added: 0x00000214f4134ec0
Event: 50.240 Thread 0x00000214f4134ec0 Thread exited: 0x00000214f4134ec0
Event: 50.447 Thread 0x00000214f49d7650 Thread added: 0x00000214f5675bb0
Event: 50.448 Thread 0x00000214f49d7650 Thread added: 0x00000214f5672730
Event: 51.437 Thread 0x00000214eda91720 Thread added: 0x00000214f4135590
Event: 51.564 Thread 0x00000214f4135590 Thread exited: 0x00000214f4135590


Dynamic libraries:
0x00007ff6197d0000 - 0x00007ff6197de000 	c:\Users\57304\.vscode\extensions\redhat.java-1.47.0-win32-x64\jre\21.0.8-win32-x86_64\bin\java.exe
0x00007ffa8d680000 - 0x00007ffa8d8e8000 	C:\WINDOWS\SYSTEM32\ntdll.dll
0x00007ffa4f5f0000 - 0x00007ffa4f610000 	C:\Program Files\Avast Software\Avast\aswhook.dll
0x00007ffa8cbf0000 - 0x00007ffa8ccb9000 	C:\WINDOWS\System32\KERNEL32.DLL
0x00007ffa8ae40000 - 0x00007ffa8b238000 	C:\WINDOWS\System32\KERNELBASE.dll
0x00007ffa8acf0000 - 0x00007ffa8ae3b000 	C:\WINDOWS\System32\ucrtbase.dll
0x00007ffa79510000 - 0x00007ffa79528000 	c:\Users\57304\.vscode\extensions\redhat.java-1.47.0-win32-x64\jre\21.0.8-win32-x86_64\bin\jli.dll
0x00007ffa77990000 - 0x00007ffa779ae000 	c:\Users\57304\.vscode\extensions\redhat.java-1.47.0-win32-x64\jre\21.0.8-win32-x86_64\bin\VCRUNTIME140.dll
0x00007ffa73560000 - 0x00007ffa737f4000 	C:\WINDOWS\WinSxS\amd64_microsoft.windows.common-controls_6595b64144ccf1df_6.0.26100.7019_none_3e06ffa0e335b8a8\COMCTL32.dll
0x00007ffa8bed0000 - 0x00007ffa8c097000 	C:\WINDOWS\System32\USER32.dll
0x00007ffa8ab50000 - 0x00007ffa8ab77000 	C:\WINDOWS\System32\win32u.dll
0x00007ffa8c2f0000 - 0x00007ffa8c399000 	C:\WINDOWS\System32\msvcrt.dll
0x00007ffa8cbc0000 - 0x00007ffa8cbeb000 	C:\WINDOWS\System32\GDI32.dll
0x00007ffa8b2f0000 - 0x00007ffa8b41c000 	C:\WINDOWS\System32\gdi32full.dll
0x00007ffa8a7d0000 - 0x00007ffa8a873000 	C:\WINDOWS\System32\msvcp_win.dll
0x00007ffa8b8c0000 - 0x00007ffa8b8f1000 	C:\WINDOWS\System32\IMM32.DLL
0x00007ffa82550000 - 0x00007ffa8255c000 	c:\Users\57304\.vscode\extensions\redhat.java-1.47.0-win32-x64\jre\21.0.8-win32-x86_64\bin\vcruntime140_1.dll
0x00007ffa64e40000 - 0x00007ffa64ecd000 	c:\Users\57304\.vscode\extensions\redhat.java-1.47.0-win32-x64\jre\21.0.8-win32-x86_64\bin\msvcp140.dll
0x00007ff9f8500000 - 0x00007ff9f9297000 	c:\Users\57304\.vscode\extensions\redhat.java-1.47.0-win32-x64\jre\21.0.8-win32-x86_64\bin\server\jvm.dll
0x00007ffa8b900000 - 0x00007ffa8b9b4000 	C:\WINDOWS\System32\ADVAPI32.dll
0x00007ffa8c120000 - 0x00007ffa8c1c6000 	C:\WINDOWS\System32\sechost.dll
0x00007ffa8c1d0000 - 0x00007ffa8c2e8000 	C:\WINDOWS\System32\RPCRT4.dll
0x00007ffa8d580000 - 0x00007ffa8d5f4000 	C:\WINDOWS\System32\WS2_32.dll
0x00007ffa8a650000 - 0x00007ffa8a6ae000 	C:\WINDOWS\SYSTEM32\POWRPROF.dll
0x00007ffa72c70000 - 0x00007ffa72ca5000 	C:\WINDOWS\SYSTEM32\WINMM.dll
0x00007ffa78d80000 - 0x00007ffa78d8b000 	C:\WINDOWS\SYSTEM32\VERSION.dll
0x00007ffa8a630000 - 0x00007ffa8a644000 	C:\WINDOWS\SYSTEM32\UMPDC.dll
0x00007ffa89560000 - 0x00007ffa8957b000 	C:\WINDOWS\SYSTEM32\kernel.appcore.dll
0x00007ffa82160000 - 0x00007ffa8216a000 	c:\Users\57304\.vscode\extensions\redhat.java-1.47.0-win32-x64\jre\21.0.8-win32-x86_64\bin\jimage.dll
0x00007ffa84ec0000 - 0x00007ffa85102000 	C:\WINDOWS\SYSTEM32\DBGHELP.DLL
0x00007ffa8b530000 - 0x00007ffa8b8bb000 	C:\WINDOWS\System32\combase.dll
0x00007ffa8c590000 - 0x00007ffa8c667000 	C:\WINDOWS\System32\OLEAUT32.dll
0x00007ffa786d0000 - 0x00007ffa7870c000 	C:\WINDOWS\SYSTEM32\dbgcore.DLL
0x00007ffa8b240000 - 0x00007ffa8b2e5000 	C:\WINDOWS\System32\bcryptPrimitives.dll
0x00007ffa7bdc0000 - 0x00007ffa7bdcf000 	c:\Users\57304\.vscode\extensions\redhat.java-1.47.0-win32-x64\jre\21.0.8-win32-x86_64\bin\instrument.dll
0x00007ffa771d0000 - 0x00007ffa771ef000 	c:\Users\57304\.vscode\extensions\redhat.java-1.47.0-win32-x64\jre\21.0.8-win32-x86_64\bin\java.dll
0x00007ffa8cd80000 - 0x00007ffa8d4d1000 	C:\WINDOWS\System32\SHELL32.dll
0x00007ffa8ab80000 - 0x00007ffa8aceb000 	C:\WINDOWS\System32\wintypes.dll
0x00007ffa883d0000 - 0x00007ffa88c2d000 	C:\WINDOWS\SYSTEM32\windows.storage.dll
0x00007ffa8b420000 - 0x00007ffa8b512000 	C:\WINDOWS\System32\SHCORE.dll
0x00007ffa8cb50000 - 0x00007ffa8cbb7000 	C:\WINDOWS\System32\shlwapi.dll
0x00007ffa8a6f0000 - 0x00007ffa8a719000 	C:\WINDOWS\SYSTEM32\profapi.dll
0x00007ffa711c0000 - 0x00007ffa711d8000 	c:\Users\57304\.vscode\extensions\redhat.java-1.47.0-win32-x64\jre\21.0.8-win32-x86_64\bin\zip.dll
0x00007ffa7bd90000 - 0x00007ffa7bda0000 	C:\Users\57304\.vscode\extensions\redhat.java-1.47.0-win32-x64\jre\21.0.8-win32-x86_64\bin\net.dll
0x00007ffa78c30000 - 0x00007ffa78d58000 	C:\WINDOWS\SYSTEM32\WINHTTP.dll
0x00007ffa89b00000 - 0x00007ffa89b6b000 	C:\WINDOWS\system32\mswsock.dll
0x00007ffa68260000 - 0x00007ffa68276000 	C:\Users\57304\.vscode\extensions\redhat.java-1.47.0-win32-x64\jre\21.0.8-win32-x86_64\bin\nio.dll
0x00007ffa79830000 - 0x00007ffa79840000 	c:\Users\57304\.vscode\extensions\redhat.java-1.47.0-win32-x64\jre\21.0.8-win32-x86_64\bin\verify.dll
0x00007ffa5b290000 - 0x00007ffa5b2d4000 	C:\Users\57304\AppData\Roaming\Code\User\globalStorage\redhat.java\1.47.0\config_win\org.eclipse.equinox.launcher\org.eclipse.equinox.launcher.win32.win32.x86_64_1.2.1400.v20250801-0854\eclipse_11916.dll
0x00007ffa8c850000 - 0x00007ffa8c9e7000 	C:\WINDOWS\System32\ole32.dll
0x00007ffa89dc0000 - 0x00007ffa89ddb000 	C:\WINDOWS\SYSTEM32\CRYPTSP.dll
0x00007ffa894c0000 - 0x00007ffa894fa000 	C:\WINDOWS\system32\rsaenh.dll
0x00007ffa89bb0000 - 0x00007ffa89bdb000 	C:\WINDOWS\SYSTEM32\USERENV.dll
0x00007ffa8a6c0000 - 0x00007ffa8a6ea000 	C:\WINDOWS\SYSTEM32\bcrypt.dll
0x00007ffa89de0000 - 0x00007ffa89dec000 	C:\WINDOWS\SYSTEM32\CRYPTBASE.dll
0x00007ffa88f40000 - 0x00007ffa88f74000 	C:\WINDOWS\SYSTEM32\IPHLPAPI.DLL
0x00007ffa8d4e0000 - 0x00007ffa8d4ea000 	C:\WINDOWS\System32\NSI.dll
0x00007ffa56210000 - 0x00007ffa56259000 	C:\Users\57304\AppData\Local\Temp\jna-2320088\jna11034994797510985755.dll
0x00007ffa8caf0000 - 0x00007ffa8caf8000 	C:\WINDOWS\System32\PSAPI.DLL
0x00007ffa78a30000 - 0x00007ffa78a4e000 	C:\WINDOWS\SYSTEM32\dhcpcsvc6.DLL
0x00007ffa78900000 - 0x00007ffa78923000 	C:\WINDOWS\SYSTEM32\dhcpcsvc.DLL

JVMTI agents:
c:\Users\57304\.vscode\extensions\redhat.java-1.47.0-win32-x64\lombok\lombok-1.18.39-4050.jar path:c:\Users\57304\.vscode\extensions\redhat.java-1.47.0-win32-x64\jre\21.0.8-win32-x86_64\bin\instrument.dll, loaded, initialized, instrumentlib options:none

dbghelp: loaded successfully - version: 4.0.5 - missing functions: none
symbol engine: initialized successfully - sym options: 0x614 - pdb path: .;c:\Users\57304\.vscode\extensions\redhat.java-1.47.0-win32-x64\jre\21.0.8-win32-x86_64\bin;C:\WINDOWS\SYSTEM32;C:\Program Files\Avast Software\Avast;C:\WINDOWS\WinSxS\amd64_microsoft.windows.common-controls_6595b64144ccf1df_6.0.26100.7019_none_3e06ffa0e335b8a8;c:\Users\57304\.vscode\extensions\redhat.java-1.47.0-win32-x64\jre\21.0.8-win32-x86_64\bin\server;C:\Users\57304\AppData\Roaming\Code\User\globalStorage\redhat.java\1.47.0\config_win\org.eclipse.equinox.launcher\org.eclipse.equinox.launcher.win32.win32.x86_64_1.2.1400.v20250801-0854;C:\Users\57304\AppData\Local\Temp\jna-2320088

VM Arguments:
jvm_args: --add-modules=ALL-SYSTEM --add-opens=java.base/java.util=ALL-UNNAMED --add-opens=java.base/java.lang=ALL-UNNAMED --add-opens=java.base/sun.nio.fs=ALL-UNNAMED -Declipse.application=org.eclipse.jdt.ls.core.id1 -Dosgi.bundles.defaultStartLevel=4 -Declipse.product=org.eclipse.jdt.ls.core.product -Djava.import.generatesMetadataFilesAtProjectRoot=false -DDetectVMInstallationsJob.disabled=true -Dfile.encoding=utf8 -XX:+UseParallelGC -XX:GCTimeRatio=4 -XX:AdaptiveSizePolicyWeight=90 -Dsun.zip.disableMemoryMapping=true -Xmx2G -Xms100m -Xlog:disable -javaagent:c:\Users\57304\.vscode\extensions\redhat.java-1.47.0-win32-x64\lombok\lombok-1.18.39-4050.jar -XX:+HeapDumpOnOutOfMemoryError -XX:HeapDumpPath=c:\Users\57304\AppData\Roaming\Code\User\workspaceStorage\aadb29d905489eed051d213afbd2167c\redhat.java -Daether.dependencyCollector.impl=bf 
java_command: c:\Users\57304\.vscode\extensions\redhat.java-1.47.0-win32-x64\server\plugins\org.eclipse.equinox.launcher_1.7.100.v20251014-1222.jar -configuration c:\Users\57304\AppData\Roaming\Code\User\globalStorage\redhat.java\1.47.0\config_win -data c:\Users\57304\AppData\Roaming\Code\User\workspaceStorage\aadb29d905489eed051d213afbd2167c\redhat.java\jdt_ws --pipe=\\.\pipe\lsp-35e91751d4bbf0b9f2d8ea9893d9abd5-sock
java_class_path (initial): c:\Users\57304\.vscode\extensions\redhat.java-1.47.0-win32-x64\server\plugins\org.eclipse.equinox.launcher_1.7.100.v20251014-1222.jar
Launcher Type: SUN_STANDARD

[Global flags]
    uintx AdaptiveSizePolicyWeight                 = 90                                        {product} {command line}
     intx CICompilerCount                          = 3                                         {product} {ergonomic}
    uintx GCTimeRatio                              = 4                                         {product} {command line}
     bool HeapDumpOnOutOfMemoryError               = true                                   {manageable} {command line}
    ccstr HeapDumpPath                             = c:\Users\57304\AppData\Roaming\Code\User\workspaceStorage\aadb29d905489eed051d213afbd2167c\redhat.java         {manageable} {command line}
   size_t InitialHeapSize                          = 104857600                                 {product} {command line}
   size_t MaxHeapSize                              = 2147483648                                {product} {command line}
   size_t MaxNewSize                               = 715653120                                 {product} {ergonomic}
   size_t MinHeapDeltaBytes                        = 524288                                    {product} {ergonomic}
   size_t MinHeapSize                              = 104857600                                 {product} {command line}
   size_t NewSize                                  = 34603008                                  {product} {ergonomic}
    uintx NonNMethodCodeHeapSize                   = 5832780                                {pd product} {ergonomic}
    uintx NonProfiledCodeHeapSize                  = 122912730                              {pd product} {ergonomic}
   size_t OldSize                                  = 70254592                                  {product} {ergonomic}
    uintx ProfiledCodeHeapSize                     = 122912730                              {pd product} {ergonomic}
    uintx ReservedCodeCacheSize                    = 251658240                              {pd product} {ergonomic}
     bool SegmentedCodeCache                       = true                                      {product} {ergonomic}
   size_t SoftMaxHeapSize                          = 2147483648                             {manageable} {ergonomic}
     bool UseCompressedOops                        = true                           {product lp64_product} {ergonomic}
     bool UseLargePagesIndividualAllocation        = false                                  {pd product} {ergonomic}
     bool UseParallelGC                            = true                                      {product} {command line}

Logging:
Log output configuration:
 #0: stdout all=off uptime,level,tags foldmultilines=false
 #1: stderr all=off uptime,level,tags foldmultilines=false

Environment Variables:
PATH=C:\Users\57304\anaconda3;C:\Users\57304\anaconda3\Library\mingw-w64\bin;C:\Users\57304\anaconda3\Library\usr\bin;C:\Users\57304\anaconda3\Library\bin;C:\Users\57304\anaconda3\Scripts;C:\Users\57304\anaconda3\bin;C:\Python314\Scripts;C:\Python314;C:\Program Files\Eclipse Adoptium\jdk-17.0.16.8-hotspot\bin;C:\Program Files (x86)\Common Files\Oracle\Java\javapath;C:\Program Files\Common Files\Oracle\Java\javapath;C:\WINDOWS\system32;C:\WINDOWS;C:\WINDOWS\System32\Wbem;C:\WINDOWS\System32\WindowsPowerShell\v1.0;C:\WINDOWS\System32\OpenSSH;C:\Program Files (x86)\Windows Live\Shared;C:\Program Files (x86)\Brackets\command;C:\Program Files\dotnet;C:\ProgramData\chocolatey\bin;C:\Program Files\CMake\bin;C:\Program Files\nodejs;C:\Program Files\Git\cmd;C:\Program Files\Kubernetes\Minikube;%MAVEN_HOME%\bin;C:\Program Files\Go\bin;C:\ProgramData\chocolatey\lib\maven\apache-maven-3.9.11\bin;C:\Program Files\Docker\Docker\resources\bin;C:\Users\57304\anaconda3;C:\Users\57304\anaconda3\Library\mingw-w64\bin;C:\Users\57304\anaconda3\Library\usr\bin;C:\Users\57304\anaconda3\Library\bin;C:\Users\57304\anaconda3\Scripts;C:\Users\57304\anaconda3\bin;C:\Users\57304\anaconda3\condabin;C:\Python314\Scripts;C:\Python314;C:\Program Files\Eclipse Adoptium\jdk-17.0.16.8-hotspot\bin;C:\Program Files (x86)\Common Files\Oracle\Java\javapath;C:\Program Files\Common Files\Oracle\Java\javapath;C:\WINDOWS\system32;C:\WINDOWS;C:\WINDOWS\System32\Wbem;C:\WINDOWS\System32\WindowsPowerShell\v1.0;C:\WINDOWS\System32\OpenSSH;C:\Program Files (x86)\Windows Live\Shared;C:\Program Files (x86)\Brackets\command;C:\Program Files\dotnet;C:\ProgramData\chocolatey\bin;C:\Program Files\CMake\bin;C:\Program Files\Docker\Docker\resources\bin;C:\Program Files\nodejs;C:\Program Files\Git\cmd;C:\Program Files (x86)\Common Files\Oracle\Java\javapath;C:\Program Files\Common Files\Oracle\Java\javapath;C:\WINDOWS\system32;C:\WINDOWS;C:\WINDOWS\System32\Wbem;C:\WINDOWS\System32\WindowsPowerShell\v1.0;C:\WINDOWS\System32\OpenSSH;C:\Program Files (x86)\Windows Live\Shared;C:\Program Files (x86)\Brackets\command;C:\Program Files\Git\cmd;C:\Program Files (x86)\Common Files\Oracle\Java\javapath;C:\Program Files\Common Files\Oracle\Java\javapath;C:\WINDOWS\system32;C:\WINDOWS;C:\WINDOWS\System32\Wbem;C:\WINDOWS\System32\WindowsPowerShell\v1.0;C:\WINDOWS\System32\OpenSSH;C:\Program Files (x86)\Windows Live\Shared;C:\Program Files (x86)\Brackets\command;C:\Program Files\Git\cmd;C:\Users\57304\AppData\Local\Programs\Python\Python312\Scripts;C:\Users\57304\AppData\Local\Programs\Python\Python312;C:\Program Files\MySQL\MySQL Shell 8.0\bin;C:\Users\57304\AppData\Local\Programs\Python\Python311\Scripts;C:\Users\57304\AppData\Local\Programs\Python\Python311;C:\Users\57304\AppData\Local\Microsoft\WindowsApps;C:\Users\57304\AppData\Local\Programs\Microsoft VS Code\bin;C:\Users\57304\AppData\Local\GitHubDesktop\bin;C:\Users\57304\Downloads\sqlite-tools-win-x64-3490100;C:\Users\57304\Downloads\sqlite-tools-win-x64-3490100\sqlite3.exe;C:\Users\57304\Downloads\sqlite-tools-win-x64-3490100;C:\Users\57304\Downloads\sqlite-tools-win-x64-3490100;C:\ProgramData\chocolatey\bin;C:\Users\57304\Downloads\gettext0.25-iconv1.17-shared-64\bin;C:\Users\57304\Downloads\protoc-32.0-win64\bin;C:\Users\57304\Downloads\Gradle\gradle-9.0.0\bin;C:\Users\57304\Downloads\gradle.zip;C:\Users\57304\AppData\Roaming\npm;C:\Users\57304\AppData\Local\Microsoft\WinGet\Links;.;C:\Program Files\Kubernetes\Minikube;C:\Users\57304\go\bin
USERNAME=Juan
OS=Windows_NT
PROCESSOR_IDENTIFIER=Intel64 Family 6 Model 126 Stepping 5, GenuineIntel
TMP=C:\Users\57304\AppData\Local\Temp
TEMP=C:\Users\57304\AppData\Local\Temp




Periodic native trim disabled

---------------  S Y S T E M  ---------------

OS:
 Windows 11 , 64 bit Build 26100 (10.0.26100.7019)
OS uptime: 3 days 6:13 hours
Hyper-V role detected

CPU: total 4 (initial active 4) (2 cores per cpu, 2 threads per core) family 6 model 126 stepping 5 microcode 0x86, cx8, cmov, fxsr, ht, mmx, 3dnowpref, sse, sse2, sse3, ssse3, sse4.1, sse4.2, popcnt, lzcnt, tsc, tscinvbit, avx, avx2, aes, erms, clmul, bmi1, bmi2, adx, avx512f, avx512dq, avx512cd, avx512bw, avx512vl, sha, fma, vzeroupper, avx512_vpopcntdq, avx512_vpclmulqdq, avx512_vaes, avx512_vnni, clflush, clflushopt, avx512_vbmi2, avx512_vbmi, hv, rdtscp, rdpid, fsrm, gfni, avx512_bitalg, f16c, avx512_ifma
Processor Information for the first 4 processors :
  Max Mhz: 1190, Current Mhz: 1190, Mhz Limit: 1190

Memory: 4k page, system-wide physical 7967M (726M free)
TotalPageFile size 25222M (AvailPageFile size 111M)
current process WorkingSet (physical memory assigned to process): 314M, peak: 315M
current process commit charge ("private bytes"): 372M, peak: 377M

vm_info: OpenJDK 64-Bit Server VM (21.0.8+9-LTS) for windows-amd64 JRE (21.0.8+9-LTS), built on 2025-07-15T00:00:00Z by "admin" with MS VC++ 17.7 (VS2022)

END.
