#
# There is insufficient memory for the Java Runtime Environment to continue.
# Native memory allocation (malloc) failed to allocate 1048576 bytes. Error detail: AllocateHeap
# Possible reasons:
#   The system is out of physical RAM or swap space
#   This process is running with CompressedOops enabled, and the Java Heap may be blocking the growth of the native heap
# Possible solutions:
#   Reduce memory load on the system
#   Increase physical memory or swap space
#   Check if swap backing store is full
#   Decrease Java heap size (-Xmx/-Xms)
#   Decrease number of Java threads
#   Decrease Java thread stack sizes (-Xss)
#   Set larger code cache with -XX:ReservedCodeCacheSize=
#   JVM is running with Unscaled Compressed Oops mode in which the Java heap is
#     placed in the first 4GB address space. The Java Heap base address is the
#     maximum limit for the native heap growth. Please use -XX:HeapBaseMinAddress
#     to set the Java Heap base and to place the Java Heap above 4GB virtual address.
# This output file may be truncated or incomplete.
#
#  Out of Memory Error (allocation.cpp:44), pid=23528, tid=11564
#
# JRE version: OpenJDK Runtime Environment Temurin-21.0.8+9 (21.0.8+9) (build 21.0.8+9-LTS)
# Java VM: OpenJDK 64-Bit Server VM Temurin-21.0.8+9 (21.0.8+9-LTS, mixed mode, sharing, tiered, compressed oops, compressed class ptrs, parallel gc, windows-amd64)
# No core dump will be written. Minidumps are not enabled by default on client versions of Windows
#

---------------  S U M M A R Y ------------

Command Line: --add-modules=ALL-SYSTEM --add-opens=java.base/java.util=ALL-UNNAMED --add-opens=java.base/java.lang=ALL-UNNAMED --add-opens=java.base/sun.nio.fs=ALL-UNNAMED -Declipse.application=org.eclipse.jdt.ls.core.id1 -Dosgi.bundles.defaultStartLevel=4 -Declipse.product=org.eclipse.jdt.ls.core.product -Djava.import.generatesMetadataFilesAtProjectRoot=false -DDetectVMInstallationsJob.disabled=true -Dfile.encoding=utf8 -XX:+UseParallelGC -XX:GCTimeRatio=4 -XX:AdaptiveSizePolicyWeight=90 -Dsun.zip.disableMemoryMapping=true -Xmx2G -Xms100m -Xlog:disable -javaagent:c:\Users\57304\.vscode\extensions\redhat.java-1.47.0-win32-x64\lombok\lombok-1.18.39-4050.jar -XX:+HeapDumpOnOutOfMemoryError -XX:HeapDumpPath=c:\Users\57304\AppData\Roaming\Code\User\workspaceStorage\aadb29d905489eed051d213afbd2167c\redhat.java -Daether.dependencyCollector.impl=bf c:\Users\57304\.vscode\extensions\redhat.java-1.47.0-win32-x64\server\plugins\org.eclipse.equinox.launcher_1.7.100.v20251014-1222.jar -configuration c:\Users\57304\AppData\Roaming\Code\User\globalStorage\redhat.java\1.47.0\config_win -data c:\Users\57304\AppData\Roaming\Code\User\workspaceStorage\aadb29d905489eed051d213afbd2167c\redhat.java\jdt_ws --pipe=\\.\pipe\lsp-6df219907c30bcd7977e6efae644432c-sock

Host: Intel(R) Core(TM) i3-1005G1 CPU @ 1.20GHz, 4 cores, 7G,  Windows 11 , 64 bit Build 26100 (10.0.26100.7019)
Time: Sun Nov  2 12:01:47 2025 Hora est. Pacífico, Sudamérica elapsed time: 137.010592 seconds (0d 0h 2m 17s)

---------------  T H R E A D  ---------------

Current thread (0x0000022a162801d0):  JavaThread "Attach Listener" daemon [_thread_in_vm, id=11564, stack(0x0000003751b00000,0x0000003751c00000) (1024K)]

Stack: [0x0000003751b00000,0x0000003751c00000]
Native frames: (J=compiled Java code, j=interpreted, Vv=VM code, C=native code)
V  [jvm.dll+0x6d2449]
V  [jvm.dll+0x8ae341]
V  [jvm.dll+0x8b08be]
V  [jvm.dll+0x8b0fa3]
V  [jvm.dll+0x280c96]
V  [jvm.dll+0xc0347]
V  [jvm.dll+0x6d2cf9]
V  [jvm.dll+0x131116]
V  [jvm.dll+0x3f2d16]
V  [jvm.dll+0x857e6b]
V  [jvm.dll+0x6d0b0d]
C  [ucrtbase.dll+0x37b0]
C  [KERNEL32.DLL+0x2e8d7]
C  [ntdll.dll+0x8c53c]


---------------  P R O C E S S  ---------------

Threads class SMR info:
_java_thread_list=0x0000022a5c7322f0, length=45, elements={
0x0000022a7bf70b50, 0x0000022a16276020, 0x0000022a16279370, 0x0000022a1627a230,
0x0000022a162801d0, 0x0000022a16280f40, 0x0000022a162846c0, 0x0000022a1628f130,
0x0000022a162c7d20, 0x0000022a5c09e740, 0x0000022a5c0a0180, 0x0000022a5c0a0ea0,
0x0000022a5c09faf0, 0x0000022a5c0a1530, 0x0000022a5c09e0b0, 0x0000022a5c09f460,
0x0000022a5c09edd0, 0x0000022a5d34de40, 0x0000022a5d34e4d0, 0x0000022a5d34f880,
0x0000022a5d34d7b0, 0x0000022a5d34eb60, 0x0000022a5d34ff10, 0x0000022a5d34f1f0,
0x0000022a5d34ca90, 0x0000022a5d352670, 0x0000022a5d353390, 0x0000022a5d352d00,
0x0000022a5d351950, 0x0000022a5d350c30, 0x0000022a5d3505a0, 0x0000022a5d351fe0,
0x0000022a5d353a20, 0x0000022a5d3512c0, 0x0000022a60286340, 0x0000022a60285cb0,
0x0000022a60282ec0, 0x0000022a6028a4e0, 0x0000022a5f66e130, 0x0000022a5f66ee50,
0x0000022a5f66c6f0, 0x0000022a5f66cd80, 0x0000022a5f66f4e0, 0x0000022a5f66d410,
0x0000022a5f66e7c0
}

Java Threads: ( => current thread )
  0x0000022a7bf70b50 JavaThread "main"                              [_thread_blocked, id=3228, stack(0x0000003751400000,0x0000003751500000) (1024K)]
  0x0000022a16276020 JavaThread "Reference Handler"          daemon [_thread_blocked, id=4216, stack(0x0000003751800000,0x0000003751900000) (1024K)]
  0x0000022a16279370 JavaThread "Finalizer"                  daemon [_thread_blocked, id=18816, stack(0x0000003751900000,0x0000003751a00000) (1024K)]
  0x0000022a1627a230 JavaThread "Signal Dispatcher"          daemon [_thread_blocked, id=12180, stack(0x0000003751a00000,0x0000003751b00000) (1024K)]
=>0x0000022a162801d0 JavaThread "Attach Listener"            daemon [_thread_in_vm, id=11564, stack(0x0000003751b00000,0x0000003751c00000) (1024K)]
  0x0000022a16280f40 JavaThread "Service Thread"             daemon [_thread_blocked, id=15372, stack(0x0000003751c00000,0x0000003751d00000) (1024K)]
  0x0000022a162846c0 JavaThread "Monitor Deflation Thread"   daemon [_thread_blocked, id=26152, stack(0x0000003751d00000,0x0000003751e00000) (1024K)]
  0x0000022a1628f130 JavaThread "C2 CompilerThread0"         daemon [_thread_blocked, id=20608, stack(0x0000003751e00000,0x0000003751f00000) (1024K)]
  0x0000022a162c7d20 JavaThread "C1 CompilerThread0"         daemon [_thread_blocked, id=9152, stack(0x0000003751f00000,0x0000003752000000) (1024K)]
  0x0000022a5c09e740 JavaThread "Common-Cleaner"             daemon [_thread_blocked, id=16240, stack(0x0000003752000000,0x0000003752100000) (1024K)]
  0x0000022a5c0a0180 JavaThread "Notification Thread"        daemon [_thread_blocked, id=20796, stack(0x0000003752100000,0x0000003752200000) (1024K)]
  0x0000022a5c0a0ea0 JavaThread "Active Thread: Equinox Container: 0c0de5ae-c8bf-4916-ad91-a685e9195a43"        [_thread_blocked, id=23136, stack(0x0000003752600000,0x0000003752700000) (1024K)]
  0x0000022a5c09faf0 JavaThread "Refresh Thread: Equinox Container: 0c0de5ae-c8bf-4916-ad91-a685e9195a43" daemon [_thread_blocked, id=18840, stack(0x0000003752700000,0x0000003752800000) (1024K)]
  0x0000022a5c0a1530 JavaThread "Framework Event Dispatcher: Equinox Container: 0c0de5ae-c8bf-4916-ad91-a685e9195a43" daemon [_thread_blocked, id=13888, stack(0x0000003752800000,0x0000003752900000) (1024K)]
  0x0000022a5c09e0b0 JavaThread "Start Level: Equinox Container: 0c0de5ae-c8bf-4916-ad91-a685e9195a43" daemon [_thread_blocked, id=23760, stack(0x0000003752900000,0x0000003752a00000) (1024K)]
  0x0000022a5c09f460 JavaThread "Bundle File Closer"         daemon [_thread_blocked, id=15476, stack(0x0000003752a00000,0x0000003752b00000) (1024K)]
  0x0000022a5c09edd0 JavaThread "SCR Component Actor"        daemon [_thread_blocked, id=16088, stack(0x0000003752200000,0x0000003752300000) (1024K)]
  0x0000022a5d34de40 JavaThread "Worker-JM"                         [_thread_blocked, id=25996, stack(0x0000003752c00000,0x0000003752d00000) (1024K)]
  0x0000022a5d34e4d0 JavaThread "JNA Cleaner"                daemon [_thread_blocked, id=25376, stack(0x0000003752d00000,0x0000003752e00000) (1024K)]
  0x0000022a5d34f880 JavaThread "Worker-0"                          [_thread_blocked, id=21200, stack(0x0000003752e00000,0x0000003752f00000) (1024K)]
  0x0000022a5d34d7b0 JavaThread "Worker-1"                          [_thread_blocked, id=5136, stack(0x0000003752f00000,0x0000003753000000) (1024K)]
  0x0000022a5d34eb60 JavaThread "Worker-2"                          [_thread_blocked, id=24556, stack(0x0000003753000000,0x0000003753100000) (1024K)]
  0x0000022a5d34ff10 JavaThread "Java indexing"              daemon [_thread_blocked, id=16060, stack(0x0000003753100000,0x0000003753200000) (1024K)]
  0x0000022a5d34f1f0 JavaThread "Worker-3"                          [_thread_blocked, id=13904, stack(0x0000003753400000,0x0000003753500000) (1024K)]
  0x0000022a5d34ca90 JavaThread "Worker-4"                          [_thread_blocked, id=10952, stack(0x0000003753500000,0x0000003753600000) (1024K)]
  0x0000022a5d352670 JavaThread "Thread-1"                   daemon [_thread_in_native, id=14076, stack(0x0000003753600000,0x0000003753700000) (1024K)]
  0x0000022a5d353390 JavaThread "Thread-2"                   daemon [_thread_in_native, id=11168, stack(0x0000003753700000,0x0000003753800000) (1024K)]
  0x0000022a5d352d00 JavaThread "Thread-3"                   daemon [_thread_in_native, id=14908, stack(0x0000003753800000,0x0000003753900000) (1024K)]
  0x0000022a5d351950 JavaThread "Thread-4"                   daemon [_thread_in_native, id=2704, stack(0x0000003753900000,0x0000003753a00000) (1024K)]
  0x0000022a5d350c30 JavaThread "Thread-5"                   daemon [_thread_in_native, id=24652, stack(0x0000003753a00000,0x0000003753b00000) (1024K)]
  0x0000022a5d3505a0 JavaThread "pool-2-thread-1"                   [_thread_blocked, id=7056, stack(0x0000003753b00000,0x0000003753c00000) (1024K)]
  0x0000022a5d351fe0 JavaThread "WorkspaceEventsHandler"            [_thread_blocked, id=19956, stack(0x0000003753c00000,0x0000003753d00000) (1024K)]
  0x0000022a5d353a20 JavaThread "pool-1-thread-1"                   [_thread_blocked, id=23900, stack(0x0000003753d00000,0x0000003753e00000) (1024K)]
  0x0000022a5d3512c0 JavaThread "ForkJoinPool.commonPool-worker-1" daemon [_thread_blocked, id=26200, stack(0x0000003753e00000,0x0000003753f00000) (1024K)]
  0x0000022a60286340 JavaThread "ForkJoinPool.commonPool-worker-2" daemon [_thread_blocked, id=10388, stack(0x0000003753f00000,0x0000003754000000) (1024K)]
  0x0000022a60285cb0 JavaThread "ForkJoinPool.commonPool-worker-3" daemon [_thread_blocked, id=17456, stack(0x0000003754000000,0x0000003754100000) (1024K)]
  0x0000022a60282ec0 JavaThread "Worker-5"                          [_thread_blocked, id=5032, stack(0x0000003752b00000,0x0000003752c00000) (1024K)]
  0x0000022a6028a4e0 JavaThread "Worker-6"                          [_thread_blocked, id=26036, stack(0x0000003754100000,0x0000003754200000) (1024K)]
  0x0000022a5f66e130 JavaThread "LocalFile Deleter"          daemon [_thread_blocked, id=17060, stack(0x0000003754300000,0x0000003754400000) (1024K)]
  0x0000022a5f66ee50 JavaThread "LocalFile Deleter"          daemon [_thread_blocked, id=11308, stack(0x0000003754400000,0x0000003754500000) (1024K)]
  0x0000022a5f66c6f0 JavaThread "Compiler Source File Reader" daemon [_thread_blocked, id=17224, stack(0x0000003751100000,0x0000003751200000) (1024K)]
  0x0000022a5f66cd80 JavaThread "Compiler Source File Reader" daemon [_thread_blocked, id=21624, stack(0x0000003751300000,0x0000003751400000) (1024K)]
  0x0000022a5f66f4e0 JavaThread "Compiler Processing Task"   daemon [_thread_blocked, id=25384, stack(0x0000003754600000,0x0000003754700000) (1024K)]
  0x0000022a5f66d410 JavaThread "Compiler Class File Writer" daemon [_thread_blocked, id=4640, stack(0x0000003754700000,0x0000003754800000) (1024K)]
  0x0000022a5f66e7c0 JavaThread "Compiler Class File Writer" daemon [_thread_blocked, id=14712, stack(0x0000003754500000,0x0000003754600000) (1024K)]
Total: 45

Other Threads:
  0x0000022a7e3cbf80 VMThread "VM Thread"                           [id=14088, stack(0x0000003751700000,0x0000003751800000) (1024K)]
  0x0000022a7e395c60 WatcherThread "VM Periodic Task Thread"        [id=2264, stack(0x0000003751600000,0x0000003751700000) (1024K)]
  0x0000022a7e346c70 WorkerThread "GC Thread#0"                     [id=4316, stack(0x0000003751500000,0x0000003751600000) (1024K)]
  0x0000022a5c502570 WorkerThread "GC Thread#1"                     [id=20728, stack(0x0000003752300000,0x0000003752400000) (1024K)]
  0x0000022a5ca49940 WorkerThread "GC Thread#2"                     [id=16508, stack(0x0000003752400000,0x0000003752500000) (1024K)]
  0x0000022a5c9a0450 WorkerThread "GC Thread#3"                     [id=1032, stack(0x0000003752500000,0x0000003752600000) (1024K)]
Total: 6

Threads with active compile tasks:
Total: 0

VM state: not at safepoint (normal execution)

VM Mutex/Monitor currently owned by a thread: None

Heap address: 0x0000000080000000, size: 2048 MB, Compressed Oops mode: 32-bit

CDS archive(s) mapped at: [0x0000022a17000000-0x0000022a17ba0000-0x0000022a17ba0000), size 12189696, SharedBaseAddress: 0x0000022a17000000, ArchiveRelocationMode: 1.
Compressed class space mapped at: 0x0000022a18000000-0x0000022a58000000, reserved size: 1073741824
Narrow klass base: 0x0000022a17000000, Narrow klass shift: 0, Narrow klass range: 0x100000000

GC Precious Log:
 CardTable entry size: 512
 CPUs: 4 total, 4 available
 Memory: 7967M
 Large Page Support: Disabled
 NUMA Support: Disabled
 Compressed Oops: Enabled (32-bit)
 Alignments: Space 512K, Generation 512K, Heap 2M
 Heap Min Capacity: 100M
 Heap Initial Capacity: 100M
 Heap Max Capacity: 2G
 Pre-touch: Disabled
 Parallel Workers: 4

Heap:
 PSYoungGen      total 14848K, used 5133K [0x00000000d5580000, 0x00000000d6600000, 0x0000000100000000)
  eden space 14336K, 32% used [0x00000000d5580000,0x00000000d5a0a2b8,0x00000000d6380000)
  from space 512K, 94% used [0x00000000d6580000,0x00000000d65f9460,0x00000000d6600000)
  to   space 1024K, 0% used [0x00000000d6400000,0x00000000d6400000,0x00000000d6500000)
 ParOldGen       total 79872K, used 79420K [0x0000000080000000, 0x0000000084e00000, 0x00000000d5580000)
  object space 79872K, 99% used [0x0000000080000000,0x0000000084d8f078,0x0000000084e00000)
 Metaspace       used 66229K, committed 67840K, reserved 1114112K
  class space    used 6956K, committed 7616K, reserved 1048576K

Card table byte_map: [0x0000022a7dcc0000,0x0000022a7e0d0000] _byte_map_base: 0x0000022a7d8c0000

Marking Bits: (ParMarkBitMap*) 0x00007ff9f91ba340
 Begin Bits: [0x0000022a12130000, 0x0000022a14130000)
 End Bits:   [0x0000022a14130000, 0x0000022a16130000)

Polling page: 0x0000022a7c110000

Metaspace:

Usage:
  Non-class:     57.88 MB used.
      Class:      6.79 MB used.
       Both:     64.68 MB used.

Virtual space:
  Non-class space:       64.00 MB reserved,      58.81 MB ( 92%) committed,  1 nodes.
      Class space:        1.00 GB reserved,       7.44 MB ( <1%) committed,  1 nodes.
             Both:        1.06 GB reserved,      66.25 MB (  6%) committed. 

Chunk freelists:
   Non-Class:  4.91 MB
       Class:  8.55 MB
        Both:  13.45 MB

MaxMetaspaceSize: unlimited
CompressedClassSpaceSize: 1.00 GB
Initial GC threshold: 21.00 MB
Current GC threshold: 97.31 MB
CDS: on
 - commit_granule_bytes: 65536.
 - commit_granule_words: 8192.
 - virtual_space_node_default_size: 8388608.
 - enlarge_chunks_in_place: 1.
 - use_allocation_guard: 0.


Internal statistics:

num_allocs_failed_limit: 9.
num_arena_births: 1236.
num_arena_deaths: 14.
num_vsnodes_births: 2.
num_vsnodes_deaths: 0.
num_space_committed: 1060.
num_space_uncommitted: 0.
num_chunks_returned_to_freelist: 23.
num_chunks_taken_from_freelist: 4428.
num_chunk_merges: 12.
num_chunk_splits: 2688.
num_chunks_enlarged: 1459.
num_inconsistent_stats: 0.

CodeHeap 'non-profiled nmethods': size=120000Kb used=10038Kb max_used=10038Kb free=109961Kb
 bounds [0x0000022a0ac00000, 0x0000022a0b5d0000, 0x0000022a12130000]
CodeHeap 'profiled nmethods': size=120000Kb used=28162Kb max_used=28162Kb free=91837Kb
 bounds [0x0000022a03130000, 0x0000022a04cc0000, 0x0000022a0a660000]
CodeHeap 'non-nmethods': size=5760Kb used=1438Kb max_used=1514Kb free=4321Kb
 bounds [0x0000022a0a660000, 0x0000022a0a8d0000, 0x0000022a0ac00000]
CodeCache: size=245760Kb, used=39638Kb, max_used=39714Kb, free=206119Kb
 total_blobs=12826, nmethods=12088, adapters=642, full_count=0
Compilation: enabled, stopped_count=0, restarted_count=0

Compilation events (20 events):
Event: 93.977 Thread 0x0000022a1628f130 12855       4       com.sun.org.apache.xerces.internal.impl.XMLEntityScanner::skipChar (142 bytes)
Event: 93.977 Thread 0x0000022a162c7d20 12856       3       com.sun.org.apache.xerces.internal.xni.XMLString::append (110 bytes)
Event: 93.977 Thread 0x0000022a162c7d20 nmethod 12856 0x0000022a04cad190 code [0x0000022a04cad360, 0x0000022a04cad7b0]
Event: 93.978 Thread 0x0000022a162c7d20 12857       3       org.eclipse.jdt.apt.core.internal.VarJarFactoryContainer::<init> (42 bytes)
Event: 93.978 Thread 0x0000022a162c7d20 nmethod 12857 0x0000022a04cad910 code [0x0000022a04cadb40, 0x0000022a04cae138]
Event: 93.979 Thread 0x0000022a1628f130 nmethod 12855 0x0000022a0b5cd190 code [0x0000022a0b5cd340, 0x0000022a0b5cd528]
Event: 94.003 Thread 0x0000022a162c7d20 12858       3       org.eclipse.core.runtime.SubProgressMonitor::internalWorked (67 bytes)
Event: 94.004 Thread 0x0000022a162c7d20 nmethod 12858 0x0000022a04cae410 code [0x0000022a04cae600, 0x0000022a04cae9c0]
Event: 94.004 Thread 0x0000022a162c7d20 12860       3       org.eclipse.core.internal.resources.Container::findMember (7 bytes)
Event: 94.004 Thread 0x0000022a162c7d20 nmethod 12860 0x0000022a04caeb10 code [0x0000022a04caecc0, 0x0000022a04caee88]
Event: 94.004 Thread 0x0000022a162c7d20 12859       3       org.eclipse.core.runtime.ProgressMonitorWrapper::internalWorked (11 bytes)
Event: 94.004 Thread 0x0000022a162c7d20 nmethod 12859 0x0000022a04caef90 code [0x0000022a04caf140, 0x0000022a04caf318]
Event: 94.025 Thread 0x0000022a162c7d20 12861       3       java.lang.Integer::toString (8 bytes)
Event: 94.025 Thread 0x0000022a162c7d20 nmethod 12861 0x0000022a04caf410 code [0x0000022a04caf5c0, 0x0000022a04caf6f8]
Event: 94.028 Thread 0x0000022a162c7d20 12862   !   3       org.eclipse.core.internal.jobs.LockManager::aboutToRelease (24 bytes)
Event: 94.029 Thread 0x0000022a162c7d20 nmethod 12862 0x0000022a04caf790 code [0x0000022a04caf960, 0x0000022a04cafb88]
Event: 94.035 Thread 0x0000022a162c7d20 12863       1       org.eclipse.lsp4j.WindowClientCapabilities::getWorkDoneProgress (5 bytes)
Event: 94.035 Thread 0x0000022a162c7d20 nmethod 12863 0x0000022a0b5cd710 code [0x0000022a0b5cd8a0, 0x0000022a0b5cd968]
Event: 121.937 Thread 0x0000022a162c7d20 12864       3       java.util.concurrent.ScheduledThreadPoolExecutor::canRunInCurrentRunState (61 bytes)
Event: 121.938 Thread 0x0000022a162c7d20 nmethod 12864 0x0000022a04cafc90 code [0x0000022a04cafea0, 0x0000022a04cb0650]

GC Heap History (20 events):
Event: 78.088 GC heap before
{Heap before GC invocations=90 (full 3):
 PSYoungGen      total 16896K, used 16675K [0x00000000d5580000, 0x00000000d6980000, 0x0000000100000000)
  eden space 14336K, 100% used [0x00000000d5580000,0x00000000d6380000,0x00000000d6380000)
  from space 2560K, 91% used [0x00000000d6700000,0x00000000d6948f38,0x00000000d6980000)
  to   space 2560K, 0% used [0x00000000d6480000,0x00000000d6480000,0x00000000d6700000)
 ParOldGen       total 69632K, used 69307K [0x0000000080000000, 0x0000000084400000, 0x00000000d5580000)
  object space 69632K, 99% used [0x0000000080000000,0x00000000843aeee8,0x0000000084400000)
 Metaspace       used 64248K, committed 65792K, reserved 1114112K
  class space    used 6772K, committed 7424K, reserved 1048576K
}
Event: 78.091 GC heap after
{Heap after GC invocations=90 (full 3):
 PSYoungGen      total 16384K, used 1622K [0x00000000d5580000, 0x00000000d6780000, 0x0000000100000000)
  eden space 14336K, 0% used [0x00000000d5580000,0x00000000d5580000,0x00000000d6380000)
  from space 2048K, 79% used [0x00000000d6480000,0x00000000d6615808,0x00000000d6680000)
  to   space 1024K, 0% used [0x00000000d6680000,0x00000000d6680000,0x00000000d6780000)
 ParOldGen       total 71168K, used 70895K [0x0000000080000000, 0x0000000084580000, 0x00000000d5580000)
  object space 71168K, 99% used [0x0000000080000000,0x000000008453bef0,0x0000000084580000)
 Metaspace       used 64248K, committed 65792K, reserved 1114112K
  class space    used 6772K, committed 7424K, reserved 1048576K
}
Event: 78.914 GC heap before
{Heap before GC invocations=91 (full 3):
 PSYoungGen      total 16384K, used 15958K [0x00000000d5580000, 0x00000000d6780000, 0x0000000100000000)
  eden space 14336K, 100% used [0x00000000d5580000,0x00000000d6380000,0x00000000d6380000)
  from space 2048K, 79% used [0x00000000d6480000,0x00000000d6615808,0x00000000d6680000)
  to   space 1024K, 0% used [0x00000000d6680000,0x00000000d6680000,0x00000000d6780000)
 ParOldGen       total 71168K, used 70895K [0x0000000080000000, 0x0000000084580000, 0x00000000d5580000)
  object space 71168K, 99% used [0x0000000080000000,0x000000008453bef0,0x0000000084580000)
 Metaspace       used 64359K, committed 65856K, reserved 1114112K
  class space    used 6786K, committed 7424K, reserved 1048576K
}
Event: 78.917 GC heap after
{Heap after GC invocations=91 (full 3):
 PSYoungGen      total 14848K, used 480K [0x00000000d5580000, 0x00000000d6700000, 0x0000000100000000)
  eden space 14336K, 0% used [0x00000000d5580000,0x00000000d5580000,0x00000000d6380000)
  from space 512K, 93% used [0x00000000d6680000,0x00000000d66f8000,0x00000000d6700000)
  to   space 1024K, 0% used [0x00000000d6500000,0x00000000d6500000,0x00000000d6600000)
 ParOldGen       total 71168K, used 71167K [0x0000000080000000, 0x0000000084580000, 0x00000000d5580000)
  object space 71168K, 99% used [0x0000000080000000,0x000000008457fef0,0x0000000084580000)
 Metaspace       used 64359K, committed 65856K, reserved 1114112K
  class space    used 6786K, committed 7424K, reserved 1048576K
}
Event: 80.310 GC heap before
{Heap before GC invocations=92 (full 3):
 PSYoungGen      total 14848K, used 14816K [0x00000000d5580000, 0x00000000d6700000, 0x0000000100000000)
  eden space 14336K, 100% used [0x00000000d5580000,0x00000000d6380000,0x00000000d6380000)
  from space 512K, 93% used [0x00000000d6680000,0x00000000d66f8000,0x00000000d6700000)
  to   space 1024K, 0% used [0x00000000d6500000,0x00000000d6500000,0x00000000d6600000)
 ParOldGen       total 71168K, used 71167K [0x0000000080000000, 0x0000000084580000, 0x00000000d5580000)
  object space 71168K, 99% used [0x0000000080000000,0x000000008457fef0,0x0000000084580000)
 Metaspace       used 64381K, committed 65920K, reserved 1114112K
  class space    used 6787K, committed 7424K, reserved 1048576K
}
Event: 80.312 GC heap after
{Heap after GC invocations=92 (full 3):
 PSYoungGen      total 15360K, used 1024K [0x00000000d5580000, 0x00000000d6980000, 0x0000000100000000)
  eden space 14336K, 0% used [0x00000000d5580000,0x00000000d5580000,0x00000000d6380000)
  from space 1024K, 100% used [0x00000000d6500000,0x00000000d6600000,0x00000000d6600000)
  to   space 3072K, 0% used [0x00000000d6680000,0x00000000d6680000,0x00000000d6980000)
 ParOldGen       total 72704K, used 72472K [0x0000000080000000, 0x0000000084700000, 0x00000000d5580000)
  object space 72704K, 99% used [0x0000000080000000,0x00000000846c63e0,0x0000000084700000)
 Metaspace       used 64381K, committed 65920K, reserved 1114112K
  class space    used 6787K, committed 7424K, reserved 1048576K
}
Event: 81.896 GC heap before
{Heap before GC invocations=93 (full 3):
 PSYoungGen      total 15360K, used 15360K [0x00000000d5580000, 0x00000000d6980000, 0x0000000100000000)
  eden space 14336K, 100% used [0x00000000d5580000,0x00000000d6380000,0x00000000d6380000)
  from space 1024K, 100% used [0x00000000d6500000,0x00000000d6600000,0x00000000d6600000)
  to   space 3072K, 0% used [0x00000000d6680000,0x00000000d6680000,0x00000000d6980000)
 ParOldGen       total 72704K, used 72472K [0x0000000080000000, 0x0000000084700000, 0x00000000d5580000)
  object space 72704K, 99% used [0x0000000080000000,0x00000000846c63e0,0x0000000084700000)
 Metaspace       used 64420K, committed 65920K, reserved 1114112K
  class space    used 6788K, committed 7424K, reserved 1048576K
}
Event: 81.902 GC heap after
{Heap after GC invocations=93 (full 3):
 PSYoungGen      total 15872K, used 1536K [0x00000000d5580000, 0x00000000d6800000, 0x0000000100000000)
  eden space 14336K, 0% used [0x00000000d5580000,0x00000000d5580000,0x00000000d6380000)
  from space 1536K, 100% used [0x00000000d6680000,0x00000000d6800000,0x00000000d6800000)
  to   space 2048K, 0% used [0x00000000d6400000,0x00000000d6400000,0x00000000d6600000)
 ParOldGen       total 73728K, used 73465K [0x0000000080000000, 0x0000000084800000, 0x00000000d5580000)
  object space 73728K, 99% used [0x0000000080000000,0x00000000847be7e8,0x0000000084800000)
 Metaspace       used 64420K, committed 65920K, reserved 1114112K
  class space    used 6788K, committed 7424K, reserved 1048576K
}
Event: 82.334 GC heap before
{Heap before GC invocations=94 (full 3):
 PSYoungGen      total 15872K, used 15872K [0x00000000d5580000, 0x00000000d6800000, 0x0000000100000000)
  eden space 14336K, 100% used [0x00000000d5580000,0x00000000d6380000,0x00000000d6380000)
  from space 1536K, 100% used [0x00000000d6680000,0x00000000d6800000,0x00000000d6800000)
  to   space 2048K, 0% used [0x00000000d6400000,0x00000000d6400000,0x00000000d6600000)
 ParOldGen       total 73728K, used 73465K [0x0000000080000000, 0x0000000084800000, 0x00000000d5580000)
  object space 73728K, 99% used [0x0000000080000000,0x00000000847be7e8,0x0000000084800000)
 Metaspace       used 64473K, committed 65984K, reserved 1114112K
  class space    used 6794K, committed 7424K, reserved 1048576K
}
Event: 82.339 GC heap after
{Heap after GC invocations=94 (full 3):
 PSYoungGen      total 15872K, used 1516K [0x00000000d5580000, 0x00000000d6780000, 0x0000000100000000)
  eden space 14336K, 0% used [0x00000000d5580000,0x00000000d5580000,0x00000000d6380000)
  from space 1536K, 98% used [0x00000000d6400000,0x00000000d657b008,0x00000000d6580000)
  to   space 2048K, 0% used [0x00000000d6580000,0x00000000d6580000,0x00000000d6780000)
 ParOldGen       total 75264K, used 74905K [0x0000000080000000, 0x0000000084980000, 0x00000000d5580000)
  object space 75264K, 99% used [0x0000000080000000,0x00000000849267e8,0x0000000084980000)
 Metaspace       used 64473K, committed 65984K, reserved 1114112K
  class space    used 6794K, committed 7424K, reserved 1048576K
}
Event: 87.891 GC heap before
{Heap before GC invocations=95 (full 3):
 PSYoungGen      total 15872K, used 15852K [0x00000000d5580000, 0x00000000d6780000, 0x0000000100000000)
  eden space 14336K, 100% used [0x00000000d5580000,0x00000000d6380000,0x00000000d6380000)
  from space 1536K, 98% used [0x00000000d6400000,0x00000000d657b008,0x00000000d6580000)
  to   space 2048K, 0% used [0x00000000d6580000,0x00000000d6580000,0x00000000d6780000)
 ParOldGen       total 75264K, used 74905K [0x0000000080000000, 0x0000000084980000, 0x00000000d5580000)
  object space 75264K, 99% used [0x0000000080000000,0x00000000849267e8,0x0000000084980000)
 Metaspace       used 65144K, committed 66688K, reserved 1114112K
  class space    used 6882K, committed 7552K, reserved 1048576K
}
Event: 87.897 GC heap after
{Heap after GC invocations=95 (full 3):
 PSYoungGen      total 16384K, used 1693K [0x00000000d5580000, 0x00000000d6780000, 0x0000000100000000)
  eden space 14336K, 0% used [0x00000000d5580000,0x00000000d5580000,0x00000000d6380000)
  from space 2048K, 82% used [0x00000000d6580000,0x00000000d6727440,0x00000000d6780000)
  to   space 2048K, 0% used [0x00000000d6380000,0x00000000d6380000,0x00000000d6580000)
 ParOldGen       total 76288K, used 76082K [0x0000000080000000, 0x0000000084a80000, 0x00000000d5580000)
  object space 76288K, 99% used [0x0000000080000000,0x0000000084a4c800,0x0000000084a80000)
 Metaspace       used 65144K, committed 66688K, reserved 1114112K
  class space    used 6882K, committed 7552K, reserved 1048576K
}
Event: 89.537 GC heap before
{Heap before GC invocations=96 (full 3):
 PSYoungGen      total 16384K, used 15901K [0x00000000d5580000, 0x00000000d6780000, 0x0000000100000000)
  eden space 14336K, 99% used [0x00000000d5580000,0x00000000d6360180,0x00000000d6380000)
  from space 2048K, 82% used [0x00000000d6580000,0x00000000d6727440,0x00000000d6780000)
  to   space 2048K, 0% used [0x00000000d6380000,0x00000000d6380000,0x00000000d6580000)
 ParOldGen       total 76288K, used 76082K [0x0000000080000000, 0x0000000084a80000, 0x00000000d5580000)
  object space 76288K, 99% used [0x0000000080000000,0x0000000084a4c800,0x0000000084a80000)
 Metaspace       used 65694K, committed 67264K, reserved 1114112K
  class space    used 6910K, committed 7552K, reserved 1048576K
}
Event: 89.542 GC heap after
{Heap after GC invocations=96 (full 3):
 PSYoungGen      total 16384K, used 1831K [0x00000000d5580000, 0x00000000d6780000, 0x0000000100000000)
  eden space 14336K, 0% used [0x00000000d5580000,0x00000000d5580000,0x00000000d6380000)
  from space 2048K, 89% used [0x00000000d6380000,0x00000000d6549ce0,0x00000000d6580000)
  to   space 2048K, 0% used [0x00000000d6580000,0x00000000d6580000,0x00000000d6780000)
 ParOldGen       total 77824K, used 77678K [0x0000000080000000, 0x0000000084c00000, 0x00000000d5580000)
  object space 77824K, 99% used [0x0000000080000000,0x0000000084bdb880,0x0000000084c00000)
 Metaspace       used 65694K, committed 67264K, reserved 1114112K
  class space    used 6910K, committed 7552K, reserved 1048576K
}
Event: 90.369 GC heap before
{Heap before GC invocations=97 (full 3):
 PSYoungGen      total 16384K, used 16166K [0x00000000d5580000, 0x00000000d6780000, 0x0000000100000000)
  eden space 14336K, 99% used [0x00000000d5580000,0x00000000d637fdc8,0x00000000d6380000)
  from space 2048K, 89% used [0x00000000d6380000,0x00000000d6549ce0,0x00000000d6580000)
  to   space 2048K, 0% used [0x00000000d6580000,0x00000000d6580000,0x00000000d6780000)
 ParOldGen       total 77824K, used 77678K [0x0000000080000000, 0x0000000084c00000, 0x00000000d5580000)
  object space 77824K, 99% used [0x0000000080000000,0x0000000084bdb880,0x0000000084c00000)
 Metaspace       used 65699K, committed 67264K, reserved 1114112K
  class space    used 6910K, committed 7552K, reserved 1048576K
}
Event: 90.373 GC heap after
{Heap after GC invocations=97 (full 3):
 PSYoungGen      total 14848K, used 303K [0x00000000d5580000, 0x00000000d6600000, 0x0000000100000000)
  eden space 14336K, 0% used [0x00000000d5580000,0x00000000d5580000,0x00000000d6380000)
  from space 512K, 59% used [0x00000000d6580000,0x00000000d65cbcc8,0x00000000d6600000)
  to   space 1024K, 0% used [0x00000000d6400000,0x00000000d6400000,0x00000000d6500000)
 ParOldGen       total 79360K, used 79332K [0x0000000080000000, 0x0000000084d80000, 0x00000000d5580000)
  object space 79360K, 99% used [0x0000000080000000,0x0000000084d79078,0x0000000084d80000)
 Metaspace       used 65699K, committed 67264K, reserved 1114112K
  class space    used 6910K, committed 7552K, reserved 1048576K
}
Event: 91.848 GC heap before
{Heap before GC invocations=98 (full 3):
 PSYoungGen      total 14848K, used 14639K [0x00000000d5580000, 0x00000000d6600000, 0x0000000100000000)
  eden space 14336K, 100% used [0x00000000d5580000,0x00000000d6380000,0x00000000d6380000)
  from space 512K, 59% used [0x00000000d6580000,0x00000000d65cbcc8,0x00000000d6600000)
  to   space 1024K, 0% used [0x00000000d6400000,0x00000000d6400000,0x00000000d6500000)
 ParOldGen       total 79360K, used 79332K [0x0000000080000000, 0x0000000084d80000, 0x00000000d5580000)
  object space 79360K, 99% used [0x0000000080000000,0x0000000084d79078,0x0000000084d80000)
 Metaspace       used 65718K, committed 67328K, reserved 1114112K
  class space    used 6910K, committed 7552K, reserved 1048576K
}
Event: 91.849 GC heap after
{Heap after GC invocations=98 (full 3):
 PSYoungGen      total 15360K, used 96K [0x00000000d5580000, 0x00000000d6600000, 0x0000000100000000)
  eden space 14336K, 0% used [0x00000000d5580000,0x00000000d5580000,0x00000000d6380000)
  from space 1024K, 9% used [0x00000000d6400000,0x00000000d6418000,0x00000000d6500000)
  to   space 512K, 0% used [0x00000000d6580000,0x00000000d6580000,0x00000000d6600000)
 ParOldGen       total 79872K, used 79364K [0x0000000080000000, 0x0000000084e00000, 0x00000000d5580000)
  object space 79872K, 99% used [0x0000000080000000,0x0000000084d81078,0x0000000084e00000)
 Metaspace       used 65718K, committed 67328K, reserved 1114112K
  class space    used 6910K, committed 7552K, reserved 1048576K
}
Event: 93.498 GC heap before
{Heap before GC invocations=99 (full 3):
 PSYoungGen      total 15360K, used 14432K [0x00000000d5580000, 0x00000000d6600000, 0x0000000100000000)
  eden space 14336K, 100% used [0x00000000d5580000,0x00000000d6380000,0x00000000d6380000)
  from space 1024K, 9% used [0x00000000d6400000,0x00000000d6418000,0x00000000d6500000)
  to   space 512K, 0% used [0x00000000d6580000,0x00000000d6580000,0x00000000d6600000)
 ParOldGen       total 79872K, used 79364K [0x0000000080000000, 0x0000000084e00000, 0x00000000d5580000)
  object space 79872K, 99% used [0x0000000080000000,0x0000000084d81078,0x0000000084e00000)
 Metaspace       used 66065K, committed 67584K, reserved 1114112K
  class space    used 6945K, committed 7552K, reserved 1048576K
}
Event: 93.499 GC heap after
{Heap after GC invocations=99 (full 3):
 PSYoungGen      total 14848K, used 485K [0x00000000d5580000, 0x00000000d6600000, 0x0000000100000000)
  eden space 14336K, 0% used [0x00000000d5580000,0x00000000d5580000,0x00000000d6380000)
  from space 512K, 94% used [0x00000000d6580000,0x00000000d65f9460,0x00000000d6600000)
  to   space 1024K, 0% used [0x00000000d6400000,0x00000000d6400000,0x00000000d6500000)
 ParOldGen       total 79872K, used 79420K [0x0000000080000000, 0x0000000084e00000, 0x00000000d5580000)
  object space 79872K, 99% used [0x0000000080000000,0x0000000084d8f078,0x0000000084e00000)
 Metaspace       used 66065K, committed 67584K, reserved 1114112K
  class space    used 6945K, committed 7552K, reserved 1048576K
}

Dll operation events (10 events):
Event: 0.026 Loaded shared library c:\Users\57304\.vscode\extensions\redhat.java-1.47.0-win32-x64\jre\21.0.8-win32-x86_64\bin\java.dll
Event: 0.151 Loaded shared library c:\Users\57304\.vscode\extensions\redhat.java-1.47.0-win32-x64\jre\21.0.8-win32-x86_64\bin\zip.dll
Event: 0.198 Loaded shared library C:\Users\57304\.vscode\extensions\redhat.java-1.47.0-win32-x64\jre\21.0.8-win32-x86_64\bin\instrument.dll
Event: 0.215 Loaded shared library C:\Users\57304\.vscode\extensions\redhat.java-1.47.0-win32-x64\jre\21.0.8-win32-x86_64\bin\net.dll
Event: 0.228 Loaded shared library C:\Users\57304\.vscode\extensions\redhat.java-1.47.0-win32-x64\jre\21.0.8-win32-x86_64\bin\nio.dll
Event: 0.235 Loaded shared library C:\Users\57304\.vscode\extensions\redhat.java-1.47.0-win32-x64\jre\21.0.8-win32-x86_64\bin\zip.dll
Event: 0.262 Loaded shared library C:\Users\57304\.vscode\extensions\redhat.java-1.47.0-win32-x64\jre\21.0.8-win32-x86_64\bin\jimage.dll
Event: 0.419 Loaded shared library c:\Users\57304\.vscode\extensions\redhat.java-1.47.0-win32-x64\jre\21.0.8-win32-x86_64\bin\verify.dll
Event: 2.921 Loaded shared library C:\Users\57304\AppData\Roaming\Code\User\globalStorage\redhat.java\1.47.0\config_win\org.eclipse.equinox.launcher\org.eclipse.equinox.launcher.win32.win32.x86_64_1.2.1400.v20250801-0854\eclipse_11916.dll
Event: 6.009 Loaded shared library C:\Users\57304\AppData\Local\Temp\jna-2320088\jna16003398307553459692.dll

Deoptimization events (20 events):
Event: 93.465 Thread 0x0000022a6028a4e0 Uncommon trap: trap_request=0xffffff45 fr.pc=0x0000022a0b31fcb0 relative=0x00000000000010b0
Event: 93.465 Thread 0x0000022a6028a4e0 Uncommon trap: reason=unstable_if action=reinterpret pc=0x0000022a0b31fcb0 method=org.eclipse.core.runtime.Path.toOSString()Ljava/lang/String; @ 6 c2
Event: 93.465 Thread 0x0000022a6028a4e0 DEOPT PACKING pc=0x0000022a0b31fcb0 sp=0x00000037541fd270
Event: 93.465 Thread 0x0000022a6028a4e0 DEOPT UNPACKING pc=0x0000022a0a6b6da2 sp=0x00000037541fd230 mode 2
Event: 93.468 Thread 0x0000022a6028a4e0 Uncommon trap: trap_request=0xffffff45 fr.pc=0x0000022a0b1e43d8 relative=0x0000000000000358
Event: 93.468 Thread 0x0000022a6028a4e0 Uncommon trap: reason=unstable_if action=reinterpret pc=0x0000022a0b1e43d8 method=java.io.WinNTFileSystem.prefixLength(Ljava/lang/String;)I @ 11 c2
Event: 93.468 Thread 0x0000022a6028a4e0 DEOPT PACKING pc=0x0000022a0b1e43d8 sp=0x00000037541fd980
Event: 93.468 Thread 0x0000022a6028a4e0 DEOPT UNPACKING pc=0x0000022a0a6b6da2 sp=0x00000037541fd8a0 mode 2
Event: 93.531 Thread 0x0000022a6028a4e0 Uncommon trap: trap_request=0xffffff45 fr.pc=0x0000022a0b448e98 relative=0x00000000000000d8
Event: 93.531 Thread 0x0000022a6028a4e0 Uncommon trap: reason=unstable_if action=reinterpret pc=0x0000022a0b448e98 method=sun.nio.fs.WindowsFileSystemProvider.readAttributes(Ljava/nio/file/Path;Ljava/lang/Class;[Ljava/nio/file/LinkOption;)Ljava/nio/file/attribute/BasicFileAttributes; @ 3 c2
Event: 93.531 Thread 0x0000022a6028a4e0 DEOPT PACKING pc=0x0000022a0b448e98 sp=0x00000037541fd740
Event: 93.531 Thread 0x0000022a6028a4e0 DEOPT UNPACKING pc=0x0000022a0a6b6da2 sp=0x00000037541fd6c0 mode 2
Event: 93.534 Thread 0x0000022a6028a4e0 Uncommon trap: trap_request=0xffffff45 fr.pc=0x0000022a0b15e8e0 relative=0x0000000000000280
Event: 93.534 Thread 0x0000022a6028a4e0 Uncommon trap: reason=unstable_if action=reinterpret pc=0x0000022a0b15e8e0 method=java.io.WinNTFileSystem.prefixLength(Ljava/lang/String;)I @ 11 c2
Event: 93.534 Thread 0x0000022a6028a4e0 DEOPT PACKING pc=0x0000022a0b15e8e0 sp=0x00000037541fd900
Event: 93.534 Thread 0x0000022a6028a4e0 DEOPT UNPACKING pc=0x0000022a0a6b6da2 sp=0x00000037541fd8a0 mode 2
Event: 93.810 Thread 0x0000022a6028a4e0 Uncommon trap: trap_request=0xffffff76 fr.pc=0x0000022a0b5c7c50 relative=0x0000000000000390
Event: 93.810 Thread 0x0000022a6028a4e0 Uncommon trap: reason=predicate action=maybe_recompile pc=0x0000022a0b5c7c50 method=java.util.TimSort.reverseRange([Ljava/lang/Object;II)V @ 5 c2
Event: 93.810 Thread 0x0000022a6028a4e0 DEOPT PACKING pc=0x0000022a0b5c7c50 sp=0x00000037541fe400
Event: 93.810 Thread 0x0000022a6028a4e0 DEOPT UNPACKING pc=0x0000022a0a6b6da2 sp=0x00000037541fe318 mode 2

Classes loaded (20 events):
Event: 82.411 Loading class java/util/concurrent/ArrayBlockingQueue
Event: 82.416 Loading class java/util/concurrent/ArrayBlockingQueue done
Event: 82.814 Loading class java/util/Hashtable$ValueCollection
Event: 82.827 Loading class java/util/Hashtable$ValueCollection done
Event: 82.847 Loading class java/util/concurrent/ConcurrentHashMap$KeySpliterator
Event: 82.850 Loading class java/util/concurrent/ConcurrentHashMap$KeySpliterator done
Event: 87.818 Loading class java/util/stream/ReferencePipeline$4
Event: 87.819 Loading class java/util/stream/ReferencePipeline$4 done
Event: 87.820 Loading class java/util/stream/Nodes$IntFixedNodeBuilder
Event: 87.821 Loading class java/util/stream/Node$Builder$OfInt
Event: 87.822 Loading class java/util/stream/Node$Builder$OfInt done
Event: 87.822 Loading class java/util/stream/Nodes$IntArrayNode
Event: 87.822 Loading class java/util/stream/Nodes$IntArrayNode done
Event: 87.822 Loading class java/util/stream/Nodes$IntFixedNodeBuilder done
Event: 87.823 Loading class java/util/stream/ReferencePipeline$4$1
Event: 87.823 Loading class java/util/stream/ReferencePipeline$4$1 done
Event: 93.512 Loading class java/io/CharArrayWriter
Event: 93.513 Loading class java/io/CharArrayWriter done
Event: 93.530 Loading class java/nio/file/attribute/PosixFileAttributes
Event: 93.531 Loading class java/nio/file/attribute/PosixFileAttributes done

Classes unloaded (7 events):
Event: 7.047 Thread 0x0000022a7e3cbf80 Unloading class 0x0000022a181ab400 'java/lang/invoke/LambdaForm$MH+0x0000022a181ab400'
Event: 7.047 Thread 0x0000022a7e3cbf80 Unloading class 0x0000022a181ab000 'java/lang/invoke/LambdaForm$MH+0x0000022a181ab000'
Event: 7.047 Thread 0x0000022a7e3cbf80 Unloading class 0x0000022a181aac00 'java/lang/invoke/LambdaForm$MH+0x0000022a181aac00'
Event: 7.047 Thread 0x0000022a7e3cbf80 Unloading class 0x0000022a181aa800 'java/lang/invoke/LambdaForm$MH+0x0000022a181aa800'
Event: 7.047 Thread 0x0000022a7e3cbf80 Unloading class 0x0000022a181aa400 'java/lang/invoke/LambdaForm$BMH+0x0000022a181aa400'
Event: 7.047 Thread 0x0000022a7e3cbf80 Unloading class 0x0000022a181aa000 'java/lang/invoke/LambdaForm$DMH+0x0000022a181aa000'
Event: 7.047 Thread 0x0000022a7e3cbf80 Unloading class 0x0000022a181a8c00 'java/lang/invoke/LambdaForm$DMH+0x0000022a181a8c00'

Classes redefined (0 events):
No events

Internal exceptions (20 events):
Event: 90.313 Thread 0x0000022a60286340 Exception <a 'sun/nio/fs/WindowsException'{0x00000000d5d6cc58}> (0x00000000d5d6cc58) 
thrown [s\src\hotspot\share\prims\jni.cpp, line 520]
Event: 90.313 Thread 0x0000022a60286340 Exception <a 'sun/nio/fs/WindowsException'{0x00000000d5d6d888}> (0x00000000d5d6d888) 
thrown [s\src\hotspot\share\prims\jni.cpp, line 520]
Event: 90.317 Thread 0x0000022a60286340 Exception <a 'sun/nio/fs/WindowsException'{0x00000000d5d9c3b8}> (0x00000000d5d9c3b8) 
thrown [s\src\hotspot\share\prims\jni.cpp, line 520]
Event: 90.317 Thread 0x0000022a60286340 Exception <a 'sun/nio/fs/WindowsException'{0x00000000d5d9cf18}> (0x00000000d5d9cf18) 
thrown [s\src\hotspot\share\prims\jni.cpp, line 520]
Event: 90.819 Thread 0x0000022a60285cb0 Exception <a 'sun/nio/fs/WindowsException'{0x00000000d596c210}> (0x00000000d596c210) 
thrown [s\src\hotspot\share\prims\jni.cpp, line 520]
Event: 90.819 Thread 0x0000022a60285cb0 Exception <a 'sun/nio/fs/WindowsException'{0x00000000d596cbc0}> (0x00000000d596cbc0) 
thrown [s\src\hotspot\share\prims\jni.cpp, line 520]
Event: 90.820 Thread 0x0000022a60285cb0 Exception <a 'sun/nio/fs/WindowsException'{0x00000000d596db80}> (0x00000000d596db80) 
thrown [s\src\hotspot\share\prims\jni.cpp, line 520]
Event: 90.820 Thread 0x0000022a60285cb0 Exception <a 'sun/nio/fs/WindowsException'{0x00000000d596e530}> (0x00000000d596e530) 
thrown [s\src\hotspot\share\prims\jni.cpp, line 520]
Event: 90.820 Thread 0x0000022a60285cb0 Exception <a 'sun/nio/fs/WindowsException'{0x00000000d596ff60}> (0x00000000d596ff60) 
thrown [s\src\hotspot\share\prims\jni.cpp, line 520]
Event: 90.821 Thread 0x0000022a60285cb0 Exception <a 'sun/nio/fs/WindowsException'{0x00000000d5970910}> (0x00000000d5970910) 
thrown [s\src\hotspot\share\prims\jni.cpp, line 520]
Event: 90.828 Thread 0x0000022a60285cb0 Exception <a 'sun/nio/fs/WindowsException'{0x00000000d59b2098}> (0x00000000d59b2098) 
thrown [s\src\hotspot\share\prims\jni.cpp, line 520]
Event: 90.829 Thread 0x0000022a60285cb0 Exception <a 'sun/nio/fs/WindowsException'{0x00000000d59b2a48}> (0x00000000d59b2a48) 
thrown [s\src\hotspot\share\prims\jni.cpp, line 520]
Event: 91.850 Thread 0x0000022a5d3512c0 Exception <a 'sun/nio/fs/WindowsException'{0x00000000d55a7010}> (0x00000000d55a7010) 
thrown [s\src\hotspot\share\prims\jni.cpp, line 520]
Event: 91.850 Thread 0x0000022a5d3512c0 Exception <a 'sun/nio/fs/WindowsException'{0x00000000d55a90f8}> (0x00000000d55a90f8) 
thrown [s\src\hotspot\share\prims\jni.cpp, line 520]
Event: 91.851 Thread 0x0000022a5d3512c0 Exception <a 'sun/nio/fs/WindowsException'{0x00000000d55aa318}> (0x00000000d55aa318) 
thrown [s\src\hotspot\share\prims\jni.cpp, line 520]
Event: 91.851 Thread 0x0000022a5d3512c0 Exception <a 'sun/nio/fs/WindowsException'{0x00000000d55aaf38}> (0x00000000d55aaf38) 
thrown [s\src\hotspot\share\prims\jni.cpp, line 520]
Event: 91.851 Thread 0x0000022a5d3512c0 Exception <a 'sun/nio/fs/WindowsException'{0x00000000d55ace40}> (0x00000000d55ace40) 
thrown [s\src\hotspot\share\prims\jni.cpp, line 520]
Event: 91.852 Thread 0x0000022a5d3512c0 Exception <a 'sun/nio/fs/WindowsException'{0x00000000d55ad7f0}> (0x00000000d55ad7f0) 
thrown [s\src\hotspot\share\prims\jni.cpp, line 520]
Event: 91.870 Thread 0x0000022a5d3512c0 Exception <a 'sun/nio/fs/WindowsException'{0x00000000d55d7388}> (0x00000000d55d7388) 
thrown [s\src\hotspot\share\prims\jni.cpp, line 520]
Event: 91.870 Thread 0x0000022a5d3512c0 Exception <a 'sun/nio/fs/WindowsException'{0x00000000d55d7fc8}> (0x00000000d55d7fc8) 
thrown [s\src\hotspot\share\prims\jni.cpp, line 520]

ZGC Phase Switch (0 events):
No events

VM Operations (20 events):
Event: 88.615 Executing VM operation: ICBufferFull
Event: 88.615 Executing VM operation: ICBufferFull done
Event: 89.537 Executing VM operation: ParallelGCFailedAllocation (Allocation Failure)
Event: 89.542 Executing VM operation: ParallelGCFailedAllocation (Allocation Failure) done
Event: 90.369 Executing VM operation: ParallelGCFailedAllocation (Allocation Failure)
Event: 90.373 Executing VM operation: ParallelGCFailedAllocation (Allocation Failure) done
Event: 91.381 Executing VM operation: Cleanup
Event: 91.381 Executing VM operation: Cleanup done
Event: 91.848 Executing VM operation: ParallelGCFailedAllocation (Allocation Failure)
Event: 91.849 Executing VM operation: ParallelGCFailedAllocation (Allocation Failure) done
Event: 92.856 Executing VM operation: Cleanup
Event: 92.856 Executing VM operation: Cleanup done
Event: 93.497 Executing VM operation: ParallelGCFailedAllocation (Allocation Failure)
Event: 93.499 Executing VM operation: ParallelGCFailedAllocation (Allocation Failure) done
Event: 94.514 Executing VM operation: Cleanup
Event: 94.514 Executing VM operation: Cleanup done
Event: 120.335 Executing VM operation: HandshakeAllThreads (HandshakeForDeflation)
Event: 120.335 Executing VM operation: HandshakeAllThreads (HandshakeForDeflation) done
Event: 120.336 Executing VM operation: RendezvousGCThreads
Event: 120.336 Executing VM operation: RendezvousGCThreads done

Memory protections (0 events):
No events

Nmethod flushes (20 events):
Event: 43.468 Thread 0x0000022a7e3cbf80 flushing  nmethod 0x0000022a039f5910
Event: 43.468 Thread 0x0000022a7e3cbf80 flushing  nmethod 0x0000022a039f5d10
Event: 43.468 Thread 0x0000022a7e3cbf80 flushing  nmethod 0x0000022a039f6190
Event: 43.468 Thread 0x0000022a7e3cbf80 flushing  nmethod 0x0000022a039fc690
Event: 43.468 Thread 0x0000022a7e3cbf80 flushing  nmethod 0x0000022a039fcc10
Event: 43.468 Thread 0x0000022a7e3cbf80 flushing  nmethod 0x0000022a039fd010
Event: 43.468 Thread 0x0000022a7e3cbf80 flushing  nmethod 0x0000022a039fd610
Event: 43.468 Thread 0x0000022a7e3cbf80 flushing  nmethod 0x0000022a03a11790
Event: 43.468 Thread 0x0000022a7e3cbf80 flushing  nmethod 0x0000022a03a25310
Event: 43.468 Thread 0x0000022a7e3cbf80 flushing  nmethod 0x0000022a03a28110
Event: 43.468 Thread 0x0000022a7e3cbf80 flushing  nmethod 0x0000022a03a30410
Event: 43.468 Thread 0x0000022a7e3cbf80 flushing  nmethod 0x0000022a03a44e90
Event: 43.468 Thread 0x0000022a7e3cbf80 flushing  nmethod 0x0000022a03a5df10
Event: 43.468 Thread 0x0000022a7e3cbf80 flushing  nmethod 0x0000022a03a62110
Event: 43.468 Thread 0x0000022a7e3cbf80 flushing  nmethod 0x0000022a03a66c90
Event: 43.468 Thread 0x0000022a7e3cbf80 flushing  nmethod 0x0000022a03a67010
Event: 43.468 Thread 0x0000022a7e3cbf80 flushing  nmethod 0x0000022a03a6c690
Event: 43.468 Thread 0x0000022a7e3cbf80 flushing  nmethod 0x0000022a03a7e210
Event: 43.468 Thread 0x0000022a7e3cbf80 flushing  nmethod 0x0000022a03a85e90
Event: 43.468 Thread 0x0000022a7e3cbf80 flushing  nmethod 0x0000022a03a99710

Events (20 events):
Event: 65.185 Thread 0x0000022a6028a4e0 Thread added: 0x0000022a5f66cd80
Event: 68.793 Thread 0x0000022a162c7d20 Thread added: 0x0000022a162c83f0
Event: 69.825 Thread 0x0000022a162c83f0 Thread exited: 0x0000022a162c83f0
Event: 76.010 Thread 0x0000022a162c7d20 Thread added: 0x0000022a162c83f0
Event: 76.193 Thread 0x0000022a162c83f0 Thread exited: 0x0000022a162c83f0
Event: 76.466 Thread 0x0000022a162c7d20 Thread added: 0x0000022a162c83f0
Event: 76.704 Thread 0x0000022a162c83f0 Thread exited: 0x0000022a162c83f0
Event: 76.856 Thread 0x0000022a162c7d20 Thread added: 0x0000022a162c83f0
Event: 78.080 Thread 0x0000022a162c83f0 Thread exited: 0x0000022a162c83f0
Event: 78.361 Thread 0x0000022a1628f130 Thread added: 0x0000022a162c9860
Event: 78.480 Thread 0x0000022a162c9860 Thread exited: 0x0000022a162c9860
Event: 81.934 Thread 0x0000022a162c7d20 Thread added: 0x0000022a162c9860
Event: 82.424 Thread 0x0000022a6028a4e0 Thread added: 0x0000022a5f66f4e0
Event: 82.873 Thread 0x0000022a6028a4e0 Thread added: 0x0000022a5f66d410
Event: 87.489 Thread 0x0000022a162c9860 Thread exited: 0x0000022a162c9860
Event: 87.904 Thread 0x0000022a6028a4e0 Thread added: 0x0000022a5f66e7c0
Event: 89.343 Thread 0x0000022a162c7d20 Thread added: 0x0000022a607afad0
Event: 89.629 Thread 0x0000022a607afad0 Thread exited: 0x0000022a607afad0
Event: 118.376 Thread 0x0000022a602897c0 Thread exited: 0x0000022a602897c0
Event: 118.376 Thread 0x0000022a5f66c060 Thread exited: 0x0000022a5f66c060


Dynamic libraries:
0x00007ff6197d0000 - 0x00007ff6197de000 	c:\Users\57304\.vscode\extensions\redhat.java-1.47.0-win32-x64\jre\21.0.8-win32-x86_64\bin\java.exe
0x00007ffa8d680000 - 0x00007ffa8d8e8000 	C:\WINDOWS\SYSTEM32\ntdll.dll
0x00007ffa4f5f0000 - 0x00007ffa4f610000 	C:\Program Files\Avast Software\Avast\aswhook.dll
0x00007ffa8cbf0000 - 0x00007ffa8ccb9000 	C:\WINDOWS\System32\KERNEL32.DLL
0x00007ffa8ae40000 - 0x00007ffa8b238000 	C:\WINDOWS\System32\KERNELBASE.dll
0x00007ffa8acf0000 - 0x00007ffa8ae3b000 	C:\WINDOWS\System32\ucrtbase.dll
0x00007ffa79510000 - 0x00007ffa79528000 	c:\Users\57304\.vscode\extensions\redhat.java-1.47.0-win32-x64\jre\21.0.8-win32-x86_64\bin\jli.dll
0x00007ffa77990000 - 0x00007ffa779ae000 	c:\Users\57304\.vscode\extensions\redhat.java-1.47.0-win32-x64\jre\21.0.8-win32-x86_64\bin\VCRUNTIME140.dll
0x00007ffa8bed0000 - 0x00007ffa8c097000 	C:\WINDOWS\System32\USER32.dll
0x00007ffa8ab50000 - 0x00007ffa8ab77000 	C:\WINDOWS\System32\win32u.dll
0x00007ffa73560000 - 0x00007ffa737f4000 	C:\WINDOWS\WinSxS\amd64_microsoft.windows.common-controls_6595b64144ccf1df_6.0.26100.7019_none_3e06ffa0e335b8a8\COMCTL32.dll
0x00007ffa8cbc0000 - 0x00007ffa8cbeb000 	C:\WINDOWS\System32\GDI32.dll
0x00007ffa8c2f0000 - 0x00007ffa8c399000 	C:\WINDOWS\System32\msvcrt.dll
0x00007ffa8b2f0000 - 0x00007ffa8b41c000 	C:\WINDOWS\System32\gdi32full.dll
0x00007ffa8a7d0000 - 0x00007ffa8a873000 	C:\WINDOWS\System32\msvcp_win.dll
0x00007ffa8b8c0000 - 0x00007ffa8b8f1000 	C:\WINDOWS\System32\IMM32.DLL
0x00007ffa82550000 - 0x00007ffa8255c000 	c:\Users\57304\.vscode\extensions\redhat.java-1.47.0-win32-x64\jre\21.0.8-win32-x86_64\bin\vcruntime140_1.dll
0x00007ffa64e40000 - 0x00007ffa64ecd000 	c:\Users\57304\.vscode\extensions\redhat.java-1.47.0-win32-x64\jre\21.0.8-win32-x86_64\bin\msvcp140.dll
0x00007ff9f8500000 - 0x00007ff9f9297000 	c:\Users\57304\.vscode\extensions\redhat.java-1.47.0-win32-x64\jre\21.0.8-win32-x86_64\bin\server\jvm.dll
0x00007ffa8b900000 - 0x00007ffa8b9b4000 	C:\WINDOWS\System32\ADVAPI32.dll
0x00007ffa8c120000 - 0x00007ffa8c1c6000 	C:\WINDOWS\System32\sechost.dll
0x00007ffa8c1d0000 - 0x00007ffa8c2e8000 	C:\WINDOWS\System32\RPCRT4.dll
0x00007ffa8d580000 - 0x00007ffa8d5f4000 	C:\WINDOWS\System32\WS2_32.dll
0x00007ffa8a650000 - 0x00007ffa8a6ae000 	C:\WINDOWS\SYSTEM32\POWRPROF.dll
0x00007ffa72c70000 - 0x00007ffa72ca5000 	C:\WINDOWS\SYSTEM32\WINMM.dll
0x00007ffa78d80000 - 0x00007ffa78d8b000 	C:\WINDOWS\SYSTEM32\VERSION.dll
0x00007ffa8a630000 - 0x00007ffa8a644000 	C:\WINDOWS\SYSTEM32\UMPDC.dll
0x00007ffa89560000 - 0x00007ffa8957b000 	C:\WINDOWS\SYSTEM32\kernel.appcore.dll
0x00007ffa82160000 - 0x00007ffa8216a000 	c:\Users\57304\.vscode\extensions\redhat.java-1.47.0-win32-x64\jre\21.0.8-win32-x86_64\bin\jimage.dll
0x00007ffa84ec0000 - 0x00007ffa85102000 	C:\WINDOWS\SYSTEM32\DBGHELP.DLL
0x00007ffa8b530000 - 0x00007ffa8b8bb000 	C:\WINDOWS\System32\combase.dll
0x00007ffa8c590000 - 0x00007ffa8c667000 	C:\WINDOWS\System32\OLEAUT32.dll
0x00007ffa786d0000 - 0x00007ffa7870c000 	C:\WINDOWS\SYSTEM32\dbgcore.DLL
0x00007ffa8b240000 - 0x00007ffa8b2e5000 	C:\WINDOWS\System32\bcryptPrimitives.dll
0x00007ffa7bdc0000 - 0x00007ffa7bdcf000 	c:\Users\57304\.vscode\extensions\redhat.java-1.47.0-win32-x64\jre\21.0.8-win32-x86_64\bin\instrument.dll
0x00007ffa771d0000 - 0x00007ffa771ef000 	c:\Users\57304\.vscode\extensions\redhat.java-1.47.0-win32-x64\jre\21.0.8-win32-x86_64\bin\java.dll
0x00007ffa8cd80000 - 0x00007ffa8d4d1000 	C:\WINDOWS\System32\SHELL32.dll
0x00007ffa8ab80000 - 0x00007ffa8aceb000 	C:\WINDOWS\System32\wintypes.dll
0x00007ffa883d0000 - 0x00007ffa88c2d000 	C:\WINDOWS\SYSTEM32\windows.storage.dll
0x00007ffa8b420000 - 0x00007ffa8b512000 	C:\WINDOWS\System32\SHCORE.dll
0x00007ffa8cb50000 - 0x00007ffa8cbb7000 	C:\WINDOWS\System32\shlwapi.dll
0x00007ffa8a6f0000 - 0x00007ffa8a719000 	C:\WINDOWS\SYSTEM32\profapi.dll
0x00007ffa711c0000 - 0x00007ffa711d8000 	c:\Users\57304\.vscode\extensions\redhat.java-1.47.0-win32-x64\jre\21.0.8-win32-x86_64\bin\zip.dll
0x00007ffa7bd90000 - 0x00007ffa7bda0000 	C:\Users\57304\.vscode\extensions\redhat.java-1.47.0-win32-x64\jre\21.0.8-win32-x86_64\bin\net.dll
0x00007ffa78c30000 - 0x00007ffa78d58000 	C:\WINDOWS\SYSTEM32\WINHTTP.dll
0x00007ffa89b00000 - 0x00007ffa89b6b000 	C:\WINDOWS\system32\mswsock.dll
0x00007ffa68260000 - 0x00007ffa68276000 	C:\Users\57304\.vscode\extensions\redhat.java-1.47.0-win32-x64\jre\21.0.8-win32-x86_64\bin\nio.dll
0x00007ffa79830000 - 0x00007ffa79840000 	c:\Users\57304\.vscode\extensions\redhat.java-1.47.0-win32-x64\jre\21.0.8-win32-x86_64\bin\verify.dll
0x00007ffa5b290000 - 0x00007ffa5b2d4000 	C:\Users\57304\AppData\Roaming\Code\User\globalStorage\redhat.java\1.47.0\config_win\org.eclipse.equinox.launcher\org.eclipse.equinox.launcher.win32.win32.x86_64_1.2.1400.v20250801-0854\eclipse_11916.dll
0x00007ffa8c850000 - 0x00007ffa8c9e7000 	C:\WINDOWS\System32\ole32.dll
0x00007ffa89dc0000 - 0x00007ffa89ddb000 	C:\WINDOWS\SYSTEM32\CRYPTSP.dll
0x00007ffa894c0000 - 0x00007ffa894fa000 	C:\WINDOWS\system32\rsaenh.dll
0x00007ffa89bb0000 - 0x00007ffa89bdb000 	C:\WINDOWS\SYSTEM32\USERENV.dll
0x00007ffa8a6c0000 - 0x00007ffa8a6ea000 	C:\WINDOWS\SYSTEM32\bcrypt.dll
0x00007ffa89de0000 - 0x00007ffa89dec000 	C:\WINDOWS\SYSTEM32\CRYPTBASE.dll
0x00007ffa88f40000 - 0x00007ffa88f74000 	C:\WINDOWS\SYSTEM32\IPHLPAPI.DLL
0x00007ffa8d4e0000 - 0x00007ffa8d4ea000 	C:\WINDOWS\System32\NSI.dll
0x00007ffa77600000 - 0x00007ffa77649000 	C:\Users\57304\AppData\Local\Temp\jna-2320088\jna16003398307553459692.dll
0x00007ffa8caf0000 - 0x00007ffa8caf8000 	C:\WINDOWS\System32\PSAPI.DLL
0x00007ffa78a30000 - 0x00007ffa78a4e000 	C:\WINDOWS\SYSTEM32\dhcpcsvc6.DLL
0x00007ffa78900000 - 0x00007ffa78923000 	C:\WINDOWS\SYSTEM32\dhcpcsvc.DLL

JVMTI agents:
c:\Users\57304\.vscode\extensions\redhat.java-1.47.0-win32-x64\lombok\lombok-1.18.39-4050.jar path:c:\Users\57304\.vscode\extensions\redhat.java-1.47.0-win32-x64\jre\21.0.8-win32-x86_64\bin\instrument.dll, loaded, initialized, instrumentlib options:none

dbghelp: loaded successfully - version: 4.0.5 - missing functions: none
symbol engine: initialized successfully - sym options: 0x614 - pdb path: .;c:\Users\57304\.vscode\extensions\redhat.java-1.47.0-win32-x64\jre\21.0.8-win32-x86_64\bin;C:\WINDOWS\SYSTEM32;C:\Program Files\Avast Software\Avast;C:\WINDOWS\WinSxS\amd64_microsoft.windows.common-controls_6595b64144ccf1df_6.0.26100.7019_none_3e06ffa0e335b8a8;c:\Users\57304\.vscode\extensions\redhat.java-1.47.0-win32-x64\jre\21.0.8-win32-x86_64\bin\server;C:\Users\57304\AppData\Roaming\Code\User\globalStorage\redhat.java\1.47.0\config_win\org.eclipse.equinox.launcher\org.eclipse.equinox.launcher.win32.win32.x86_64_1.2.1400.v20250801-0854;C:\Users\57304\AppData\Local\Temp\jna-2320088

VM Arguments:
jvm_args: --add-modules=ALL-SYSTEM --add-opens=java.base/java.util=ALL-UNNAMED --add-opens=java.base/java.lang=ALL-UNNAMED --add-opens=java.base/sun.nio.fs=ALL-UNNAMED -Declipse.application=org.eclipse.jdt.ls.core.id1 -Dosgi.bundles.defaultStartLevel=4 -Declipse.product=org.eclipse.jdt.ls.core.product -Djava.import.generatesMetadataFilesAtProjectRoot=false -DDetectVMInstallationsJob.disabled=true -Dfile.encoding=utf8 -XX:+UseParallelGC -XX:GCTimeRatio=4 -XX:AdaptiveSizePolicyWeight=90 -Dsun.zip.disableMemoryMapping=true -Xmx2G -Xms100m -Xlog:disable -javaagent:c:\Users\57304\.vscode\extensions\redhat.java-1.47.0-win32-x64\lombok\lombok-1.18.39-4050.jar -XX:+HeapDumpOnOutOfMemoryError -XX:HeapDumpPath=c:\Users\57304\AppData\Roaming\Code\User\workspaceStorage\aadb29d905489eed051d213afbd2167c\redhat.java -Daether.dependencyCollector.impl=bf 
java_command: c:\Users\57304\.vscode\extensions\redhat.java-1.47.0-win32-x64\server\plugins\org.eclipse.equinox.launcher_1.7.100.v20251014-1222.jar -configuration c:\Users\57304\AppData\Roaming\Code\User\globalStorage\redhat.java\1.47.0\config_win -data c:\Users\57304\AppData\Roaming\Code\User\workspaceStorage\aadb29d905489eed051d213afbd2167c\redhat.java\jdt_ws --pipe=\\.\pipe\lsp-6df219907c30bcd7977e6efae644432c-sock
java_class_path (initial): c:\Users\57304\.vscode\extensions\redhat.java-1.47.0-win32-x64\server\plugins\org.eclipse.equinox.launcher_1.7.100.v20251014-1222.jar
Launcher Type: SUN_STANDARD

[Global flags]
    uintx AdaptiveSizePolicyWeight                 = 90                                        {product} {command line}
     intx CICompilerCount                          = 3                                         {product} {ergonomic}
    uintx GCTimeRatio                              = 4                                         {product} {command line}
     bool HeapDumpOnOutOfMemoryError               = true                                   {manageable} {command line}
    ccstr HeapDumpPath                             = c:\Users\57304\AppData\Roaming\Code\User\workspaceStorage\aadb29d905489eed051d213afbd2167c\redhat.java         {manageable} {command line}
   size_t InitialHeapSize                          = 104857600                                 {product} {command line}
   size_t MaxHeapSize                              = 2147483648                                {product} {command line}
   size_t MaxNewSize                               = 715653120                                 {product} {ergonomic}
   size_t MinHeapDeltaBytes                        = 524288                                    {product} {ergonomic}
   size_t MinHeapSize                              = 104857600                                 {product} {command line}
   size_t NewSize                                  = 34603008                                  {product} {ergonomic}
    uintx NonNMethodCodeHeapSize                   = 5832780                                {pd product} {ergonomic}
    uintx NonProfiledCodeHeapSize                  = 122912730                              {pd product} {ergonomic}
   size_t OldSize                                  = 70254592                                  {product} {ergonomic}
    uintx ProfiledCodeHeapSize                     = 122912730                              {pd product} {ergonomic}
    uintx ReservedCodeCacheSize                    = 251658240                              {pd product} {ergonomic}
     bool SegmentedCodeCache                       = true                                      {product} {ergonomic}
   size_t SoftMaxHeapSize                          = 2147483648                             {manageable} {ergonomic}
     bool UseCompressedOops                        = true                           {product lp64_product} {ergonomic}
     bool UseLargePagesIndividualAllocation        = false                                  {pd product} {ergonomic}
     bool UseParallelGC                            = true                                      {product} {command line}

Logging:
Log output configuration:
 #0: stdout all=off uptime,level,tags foldmultilines=false
 #1: stderr all=off uptime,level,tags foldmultilines=false

Environment Variables:
PATH=C:\Users\57304\anaconda3;C:\Users\57304\anaconda3\Library\mingw-w64\bin;C:\Users\57304\anaconda3\Library\usr\bin;C:\Users\57304\anaconda3\Library\bin;C:\Users\57304\anaconda3\Scripts;C:\Users\57304\anaconda3\bin;C:\Python314\Scripts;C:\Python314;C:\Program Files\Eclipse Adoptium\jdk-17.0.16.8-hotspot\bin;C:\Program Files (x86)\Common Files\Oracle\Java\javapath;C:\Program Files\Common Files\Oracle\Java\javapath;C:\WINDOWS\system32;C:\WINDOWS;C:\WINDOWS\System32\Wbem;C:\WINDOWS\System32\WindowsPowerShell\v1.0;C:\WINDOWS\System32\OpenSSH;C:\Program Files (x86)\Windows Live\Shared;C:\Program Files (x86)\Brackets\command;C:\Program Files\dotnet;C:\ProgramData\chocolatey\bin;C:\Program Files\CMake\bin;C:\Program Files\nodejs;C:\Program Files\Git\cmd;C:\Program Files\Kubernetes\Minikube;%MAVEN_HOME%\bin;C:\Program Files\Go\bin;C:\ProgramData\chocolatey\lib\maven\apache-maven-3.9.11\bin;C:\Program Files\Docker\Docker\resources\bin;C:\Users\57304\anaconda3;C:\Users\57304\anaconda3\Library\mingw-w64\bin;C:\Users\57304\anaconda3\Library\usr\bin;C:\Users\57304\anaconda3\Library\bin;C:\Users\57304\anaconda3\Scripts;C:\Users\57304\anaconda3\bin;C:\Users\57304\anaconda3\condabin;C:\Python314\Scripts;C:\Python314;C:\Program Files\Eclipse Adoptium\jdk-17.0.16.8-hotspot\bin;C:\Program Files (x86)\Common Files\Oracle\Java\javapath;C:\Program Files\Common Files\Oracle\Java\javapath;C:\WINDOWS\system32;C:\WINDOWS;C:\WINDOWS\System32\Wbem;C:\WINDOWS\System32\WindowsPowerShell\v1.0;C:\WINDOWS\System32\OpenSSH;C:\Program Files (x86)\Windows Live\Shared;C:\Program Files (x86)\Brackets\command;C:\Program Files\dotnet;C:\ProgramData\chocolatey\bin;C:\Program Files\CMake\bin;C:\Program Files\Docker\Docker\resources\bin;C:\Program Files\nodejs;C:\Program Files\Git\cmd;C:\Program Files (x86)\Common Files\Oracle\Java\javapath;C:\Program Files\Common Files\Oracle\Java\javapath;C:\WINDOWS\system32;C:\WINDOWS;C:\WINDOWS\System32\Wbem;C:\WINDOWS\System32\WindowsPowerShell\v1.0;C:\WINDOWS\System32\OpenSSH;C:\Program Files (x86)\Windows Live\Shared;C:\Program Files (x86)\Brackets\command;C:\Program Files\Git\cmd;C:\Program Files (x86)\Common Files\Oracle\Java\javapath;C:\Program Files\Common Files\Oracle\Java\javapath;C:\WINDOWS\system32;C:\WINDOWS;C:\WINDOWS\System32\Wbem;C:\WINDOWS\System32\WindowsPowerShell\v1.0;C:\WINDOWS\System32\OpenSSH;C:\Program Files (x86)\Windows Live\Shared;C:\Program Files (x86)\Brackets\command;C:\Program Files\Git\cmd;C:\Users\57304\AppData\Local\Programs\Python\Python312\Scripts;C:\Users\57304\AppData\Local\Programs\Python\Python312;C:\Program Files\MySQL\MySQL Shell 8.0\bin;C:\Users\57304\AppData\Local\Programs\Python\Python311\Scripts;C:\Users\57304\AppData\Local\Programs\Python\Python311;C:\Users\57304\AppData\Local\Microsoft\WindowsApps;C:\Users\57304\AppData\Local\Programs\Microsoft VS Code\bin;C:\Users\57304\AppData\Local\GitHubDesktop\bin;C:\Users\57304\Downloads\sqlite-tools-win-x64-3490100;C:\Users\57304\Downloads\sqlite-tools-win-x64-3490100\sqlite3.exe;C:\Users\57304\Downloads\sqlite-tools-win-x64-3490100;C:\Users\57304\Downloads\sqlite-tools-win-x64-3490100;C:\ProgramData\chocolatey\bin;C:\Users\57304\Downloads\gettext0.25-iconv1.17-shared-64\bin;C:\Users\57304\Downloads\protoc-32.0-win64\bin;C:\Users\57304\Downloads\Gradle\gradle-9.0.0\bin;C:\Users\57304\Downloads\gradle.zip;C:\Users\57304\AppData\Roaming\npm;C:\Users\57304\AppData\Local\Microsoft\WinGet\Links;.;C:\Program Files\Kubernetes\Minikube;C:\Users\57304\go\bin
USERNAME=Juan
OS=Windows_NT
PROCESSOR_IDENTIFIER=Intel64 Family 6 Model 126 Stepping 5, GenuineIntel
TMP=C:\Users\57304\AppData\Local\Temp
TEMP=C:\Users\57304\AppData\Local\Temp




Periodic native trim disabled

---------------  S Y S T E M  ---------------

OS:
 Windows 11 , 64 bit Build 26100 (10.0.26100.7019)
OS uptime: 3 days 6:12 hours
Hyper-V role detected

CPU: total 4 (initial active 4) (2 cores per cpu, 2 threads per core) family 6 model 126 stepping 5 microcode 0x86, cx8, cmov, fxsr, ht, mmx, 3dnowpref, sse, sse2, sse3, ssse3, sse4.1, sse4.2, popcnt, lzcnt, tsc, tscinvbit, avx, avx2, aes, erms, clmul, bmi1, bmi2, adx, avx512f, avx512dq, avx512cd, avx512bw, avx512vl, sha, fma, vzeroupper, avx512_vpopcntdq, avx512_vpclmulqdq, avx512_vaes, avx512_vnni, clflush, clflushopt, avx512_vbmi2, avx512_vbmi, hv, rdtscp, rdpid, fsrm, gfni, avx512_bitalg, f16c, avx512_ifma
Processor Information for the first 4 processors :
  Max Mhz: 1190, Current Mhz: 1190, Mhz Limit: 1190

Memory: 4k page, system-wide physical 7967M (581M free)
TotalPageFile size 25222M (AvailPageFile size 36M)
current process WorkingSet (physical memory assigned to process): 125M, peak: 311M
current process commit charge ("private bytes"): 357M, peak: 383M

vm_info: OpenJDK 64-Bit Server VM (21.0.8+9-LTS) for windows-amd64 JRE (21.0.8+9-LTS), built on 2025-07-15T00:00:00Z by "admin" with MS VC++ 17.7 (VS2022)

END.
